<html>
<head>
<title>TestNG:  Command line test</title>
<link href="../testng.css" rel="stylesheet" type="text/css" />
<link href="../my-testng.css" rel="stylesheet" type="text/css" />

<style type="text/css">
.log { display: none;} 
.stack-trace { display: none;} 
</style>
<script type="text/javascript">
<!--
function flip(e) {
  current = e.style.display;
  if (current == 'block') {
    e.style.display = 'none';
    return 0;
  }
  else {
    e.style.display = 'block';
    return 1;
  }
}

function toggleBox(szDivId, elem, msg1, msg2)
{
  var res = -1;  if (document.getElementById) {
    res = flip(document.getElementById(szDivId));
  }
  else if (document.all) {
    // this is the way old msie versions work
    res = flip(document.all[szDivId]);
  }
  if(elem) {
    if(res == 0) elem.innerHTML = msg1; else elem.innerHTML = msg2;
  }

}

function toggleAllBoxes() {
  if (document.getElementsByTagName) {
    d = document.getElementsByTagName('div');
    for (i = 0; i < d.length; i++) {
      if (d[i].className == 'log') {
        flip(d[i]);
      }
    }
  }
}

// -->
</script>

</head>
<body>
<h2 align='center'>Command line test</h2><table border='1' align="center">
<tr>
<td>Tests passed/Failed/Skipped:</td><td>226/0/0</td>
</tr><tr>
<td>Started on:</td><td>Sat Feb 01 13:56:50 PST 2014</td>
</tr>
<tr><td>Total time:</td><td>0 seconds (673 ms)</td>
</tr><tr>
<td>Included groups:</td><td></td>
</tr><tr>
<td>Excluded groups:</td><td></td>
</tr>
</table><p/>
<small><i>(Hover the method name to see the test class name)</i></small><p/>
<table width='100%' border='1' class='invocation-passed'>
<tr><td colspan='4' align='center'><b>PASSED TESTS</b></td></tr>
<tr><td><b>Test method</b></td>
<td width="30%"><b>Exception</b></td>
<td width="10%"><b>Time (seconds)</b></td>
<td><b>Instance</b></td>
</tr>
<tr>
<td title='storm.starter.tools.RankableObjectWithFieldsTest.constructorWithNegativeCountAndFieldsShouldThrowIAE()'><b>constructorWithNegativeCountAndFieldsShouldThrowIAE</b><br>Test class: storm.starter.tools.RankableObjectWithFieldsTest</td>
<td><div><pre>java.lang.IllegalArgumentException: The count must be &gt;= 0
	at storm.starter.tools.RankableObjectWithFields.&lt;init&gt;(RankableObjectWithFields.java:29)
	at storm.starter.tools.RankableObjectWithFieldsTest.constructorWithNegativeCountAndFieldsShouldThrowIAE(RankableObjectWithFieldsTest.java:44)
... Removed 34 stack frames</pre></div><a href='#' onClick='toggleBox("stack-trace23794845", this, "Click to show all stack frames", "Click to hide stack frames")'>Click to show all stack frames</a>
<div class='stack-trace' id='stack-trace23794845'><pre>java.lang.IllegalArgumentException: The count must be &gt;= 0
	at storm.starter.tools.RankableObjectWithFields.&lt;init&gt;(RankableObjectWithFields.java:29)
	at storm.starter.tools.RankableObjectWithFieldsTest.constructorWithNegativeCountAndFieldsShouldThrowIAE(RankableObjectWithFieldsTest.java:44)
	at sun.reflect.NativeMethodAccessorImpl.invoke0(Native Method)
	at sun.reflect.NativeMethodAccessorImpl.invoke(NativeMethodAccessorImpl.java:57)
	at sun.reflect.DelegatingMethodAccessorImpl.invoke(DelegatingMethodAccessorImpl.java:43)
	at java.lang.reflect.Method.invoke(Method.java:606)
	at org.testng.internal.MethodInvocationHelper.invokeMethod(MethodInvocationHelper.java:84)
	at org.testng.internal.Invoker.invokeMethod(Invoker.java:714)
	at org.testng.internal.Invoker.invokeTestMethod(Invoker.java:901)
	at org.testng.internal.Invoker.invokeTestMethods(Invoker.java:1231)
	at org.testng.internal.TestMethodWorker.invokeTestMethods(TestMethodWorker.java:127)
	at org.testng.internal.TestMethodWorker.run(TestMethodWorker.java:111)
	at org.testng.TestRunner.privateRun(TestRunner.java:767)
	at org.testng.TestRunner.run(TestRunner.java:617)
	at org.testng.SuiteRunner.runTest(SuiteRunner.java:334)
	at org.testng.SuiteRunner.runSequentially(SuiteRunner.java:329)
	at org.testng.SuiteRunner.privateRun(SuiteRunner.java:291)
	at org.testng.SuiteRunner.run(SuiteRunner.java:240)
	at org.testng.SuiteRunnerWorker.runSuite(SuiteRunnerWorker.java:52)
	at org.testng.SuiteRunnerWorker.run(SuiteRunnerWorker.java:86)
	at org.testng.TestNG.runSuitesSequentially(TestNG.java:1224)
	at org.testng.TestNG.runSuitesLocally(TestNG.java:1149)
	at org.testng.TestNG.run(TestNG.java:1057)
	at org.apache.maven.surefire.testng.TestNGExecutor.run(TestNGExecutor.java:70)
	at org.apache.maven.surefire.testng.TestNGDirectoryTestSuite.executeMulti(TestNGDirectoryTestSuite.java:158)
	at org.apache.maven.surefire.testng.TestNGDirectoryTestSuite.execute(TestNGDirectoryTestSuite.java:98)
	at org.apache.maven.surefire.testng.TestNGProvider.invoke(TestNGProvider.java:111)
	at sun.reflect.NativeMethodAccessorImpl.invoke0(Native Method)
	at sun.reflect.NativeMethodAccessorImpl.invoke(NativeMethodAccessorImpl.java:57)
	at sun.reflect.DelegatingMethodAccessorImpl.invoke(DelegatingMethodAccessorImpl.java:43)
	at java.lang.reflect.Method.invoke(Method.java:606)
	at org.apache.maven.surefire.util.ReflectionUtils.invokeMethodWithArray(ReflectionUtils.java:164)
	at org.apache.maven.surefire.booter.ProviderFactory$ProviderProxy.invoke(ProviderFactory.java:110)
	at org.apache.maven.surefire.booter.SurefireStarter.invokeProvider(SurefireStarter.java:175)
	at org.apache.maven.surefire.booter.SurefireStarter.runSuitesInProcessWhenForked(SurefireStarter.java:107)
	at org.apache.maven.surefire.booter.ForkedBooter.main(ForkedBooter.java:68)
</pre></div></td>
<td>0</td>
<td>storm.starter.tools.RankableObjectWithFieldsTest@4a89f7</td></tr>
<tr>
<td title='storm.starter.tools.RankableObjectWithFieldsTest.constructorWithNegativeCountAndNoFieldsShouldThrowIAE()'><b>constructorWithNegativeCountAndNoFieldsShouldThrowIAE</b><br>Test class: storm.starter.tools.RankableObjectWithFieldsTest</td>
<td><div><pre>java.lang.IllegalArgumentException: The count must be &gt;= 0
	at storm.starter.tools.RankableObjectWithFields.&lt;init&gt;(RankableObjectWithFields.java:29)
	at storm.starter.tools.RankableObjectWithFieldsTest.constructorWithNegativeCountAndNoFieldsShouldThrowIAE(RankableObjectWithFieldsTest.java:38)
... Removed 34 stack frames</pre></div><a href='#' onClick='toggleBox("stack-trace18242151", this, "Click to show all stack frames", "Click to hide stack frames")'>Click to show all stack frames</a>
<div class='stack-trace' id='stack-trace18242151'><pre>java.lang.IllegalArgumentException: The count must be &gt;= 0
	at storm.starter.tools.RankableObjectWithFields.&lt;init&gt;(RankableObjectWithFields.java:29)
	at storm.starter.tools.RankableObjectWithFieldsTest.constructorWithNegativeCountAndNoFieldsShouldThrowIAE(RankableObjectWithFieldsTest.java:38)
	at sun.reflect.NativeMethodAccessorImpl.invoke0(Native Method)
	at sun.reflect.NativeMethodAccessorImpl.invoke(NativeMethodAccessorImpl.java:57)
	at sun.reflect.DelegatingMethodAccessorImpl.invoke(DelegatingMethodAccessorImpl.java:43)
	at java.lang.reflect.Method.invoke(Method.java:606)
	at org.testng.internal.MethodInvocationHelper.invokeMethod(MethodInvocationHelper.java:84)
	at org.testng.internal.Invoker.invokeMethod(Invoker.java:714)
	at org.testng.internal.Invoker.invokeTestMethod(Invoker.java:901)
	at org.testng.internal.Invoker.invokeTestMethods(Invoker.java:1231)
	at org.testng.internal.TestMethodWorker.invokeTestMethods(TestMethodWorker.java:127)
	at org.testng.internal.TestMethodWorker.run(TestMethodWorker.java:111)
	at org.testng.TestRunner.privateRun(TestRunner.java:767)
	at org.testng.TestRunner.run(TestRunner.java:617)
	at org.testng.SuiteRunner.runTest(SuiteRunner.java:334)
	at org.testng.SuiteRunner.runSequentially(SuiteRunner.java:329)
	at org.testng.SuiteRunner.privateRun(SuiteRunner.java:291)
	at org.testng.SuiteRunner.run(SuiteRunner.java:240)
	at org.testng.SuiteRunnerWorker.runSuite(SuiteRunnerWorker.java:52)
	at org.testng.SuiteRunnerWorker.run(SuiteRunnerWorker.java:86)
	at org.testng.TestNG.runSuitesSequentially(TestNG.java:1224)
	at org.testng.TestNG.runSuitesLocally(TestNG.java:1149)
	at org.testng.TestNG.run(TestNG.java:1057)
	at org.apache.maven.surefire.testng.TestNGExecutor.run(TestNGExecutor.java:70)
	at org.apache.maven.surefire.testng.TestNGDirectoryTestSuite.executeMulti(TestNGDirectoryTestSuite.java:158)
	at org.apache.maven.surefire.testng.TestNGDirectoryTestSuite.execute(TestNGDirectoryTestSuite.java:98)
	at org.apache.maven.surefire.testng.TestNGProvider.invoke(TestNGProvider.java:111)
	at sun.reflect.NativeMethodAccessorImpl.invoke0(Native Method)
	at sun.reflect.NativeMethodAccessorImpl.invoke(NativeMethodAccessorImpl.java:57)
	at sun.reflect.DelegatingMethodAccessorImpl.invoke(DelegatingMethodAccessorImpl.java:43)
	at java.lang.reflect.Method.invoke(Method.java:606)
	at org.apache.maven.surefire.util.ReflectionUtils.invokeMethodWithArray(ReflectionUtils.java:164)
	at org.apache.maven.surefire.booter.ProviderFactory$ProviderProxy.invoke(ProviderFactory.java:110)
	at org.apache.maven.surefire.booter.SurefireStarter.invokeProvider(SurefireStarter.java:175)
	at org.apache.maven.surefire.booter.SurefireStarter.runSuitesInProcessWhenForked(SurefireStarter.java:107)
	at org.apache.maven.surefire.booter.ForkedBooter.main(ForkedBooter.java:68)
</pre></div></td>
<td>0</td>
<td>storm.starter.tools.RankableObjectWithFieldsTest@4a89f7</td></tr>
<tr>
<td title='storm.starter.tools.RankingsTest.constructorWithNegativeOrZeroTopNShouldThrowIAE()'><b>constructorWithNegativeOrZeroTopNShouldThrowIAE</b><br>Test class: storm.starter.tools.RankingsTest<br>Parameters: 0</td>
<td><div><pre>java.lang.IllegalArgumentException: topN must be &gt;= 1
	at storm.starter.tools.Rankings.&lt;init&gt;(Rankings.java:24)
	at storm.starter.tools.RankingsTest.constructorWithNegativeOrZeroTopNShouldThrowIAE(RankingsTest.java:35)
... Removed 34 stack frames</pre></div><a href='#' onClick='toggleBox("stack-trace25220001", this, "Click to show all stack frames", "Click to hide stack frames")'>Click to show all stack frames</a>
<div class='stack-trace' id='stack-trace25220001'><pre>java.lang.IllegalArgumentException: topN must be &gt;= 1
	at storm.starter.tools.Rankings.&lt;init&gt;(Rankings.java:24)
	at storm.starter.tools.RankingsTest.constructorWithNegativeOrZeroTopNShouldThrowIAE(RankingsTest.java:35)
	at sun.reflect.NativeMethodAccessorImpl.invoke0(Native Method)
	at sun.reflect.NativeMethodAccessorImpl.invoke(NativeMethodAccessorImpl.java:57)
	at sun.reflect.DelegatingMethodAccessorImpl.invoke(DelegatingMethodAccessorImpl.java:43)
	at java.lang.reflect.Method.invoke(Method.java:606)
	at org.testng.internal.MethodInvocationHelper.invokeMethod(MethodInvocationHelper.java:84)
	at org.testng.internal.Invoker.invokeMethod(Invoker.java:714)
	at org.testng.internal.Invoker.invokeTestMethod(Invoker.java:901)
	at org.testng.internal.Invoker.invokeTestMethods(Invoker.java:1231)
	at org.testng.internal.TestMethodWorker.invokeTestMethods(TestMethodWorker.java:127)
	at org.testng.internal.TestMethodWorker.run(TestMethodWorker.java:111)
	at org.testng.TestRunner.privateRun(TestRunner.java:767)
	at org.testng.TestRunner.run(TestRunner.java:617)
	at org.testng.SuiteRunner.runTest(SuiteRunner.java:334)
	at org.testng.SuiteRunner.runSequentially(SuiteRunner.java:329)
	at org.testng.SuiteRunner.privateRun(SuiteRunner.java:291)
	at org.testng.SuiteRunner.run(SuiteRunner.java:240)
	at org.testng.SuiteRunnerWorker.runSuite(SuiteRunnerWorker.java:52)
	at org.testng.SuiteRunnerWorker.run(SuiteRunnerWorker.java:86)
	at org.testng.TestNG.runSuitesSequentially(TestNG.java:1224)
	at org.testng.TestNG.runSuitesLocally(TestNG.java:1149)
	at org.testng.TestNG.run(TestNG.java:1057)
	at org.apache.maven.surefire.testng.TestNGExecutor.run(TestNGExecutor.java:70)
	at org.apache.maven.surefire.testng.TestNGDirectoryTestSuite.executeMulti(TestNGDirectoryTestSuite.java:158)
	at org.apache.maven.surefire.testng.TestNGDirectoryTestSuite.execute(TestNGDirectoryTestSuite.java:98)
	at org.apache.maven.surefire.testng.TestNGProvider.invoke(TestNGProvider.java:111)
	at sun.reflect.NativeMethodAccessorImpl.invoke0(Native Method)
	at sun.reflect.NativeMethodAccessorImpl.invoke(NativeMethodAccessorImpl.java:57)
	at sun.reflect.DelegatingMethodAccessorImpl.invoke(DelegatingMethodAccessorImpl.java:43)
	at java.lang.reflect.Method.invoke(Method.java:606)
	at org.apache.maven.surefire.util.ReflectionUtils.invokeMethodWithArray(ReflectionUtils.java:164)
	at org.apache.maven.surefire.booter.ProviderFactory$ProviderProxy.invoke(ProviderFactory.java:110)
	at org.apache.maven.surefire.booter.SurefireStarter.invokeProvider(SurefireStarter.java:175)
	at org.apache.maven.surefire.booter.SurefireStarter.runSuitesInProcessWhenForked(SurefireStarter.java:107)
	at org.apache.maven.surefire.booter.ForkedBooter.main(ForkedBooter.java:68)
</pre></div></td>
<td>0</td>
<td>storm.starter.tools.RankingsTest@79ad9c</td></tr>
<tr>
<td title='storm.starter.tools.RankingsTest.constructorWithNegativeOrZeroTopNShouldThrowIAE()'><b>constructorWithNegativeOrZeroTopNShouldThrowIAE</b><br>Test class: storm.starter.tools.RankingsTest<br>Parameters: -1</td>
<td><div><pre>java.lang.IllegalArgumentException: topN must be &gt;= 1
	at storm.starter.tools.Rankings.&lt;init&gt;(Rankings.java:24)
	at storm.starter.tools.RankingsTest.constructorWithNegativeOrZeroTopNShouldThrowIAE(RankingsTest.java:35)
... Removed 34 stack frames</pre></div><a href='#' onClick='toggleBox("stack-trace12978545", this, "Click to show all stack frames", "Click to hide stack frames")'>Click to show all stack frames</a>
<div class='stack-trace' id='stack-trace12978545'><pre>java.lang.IllegalArgumentException: topN must be &gt;= 1
	at storm.starter.tools.Rankings.&lt;init&gt;(Rankings.java:24)
	at storm.starter.tools.RankingsTest.constructorWithNegativeOrZeroTopNShouldThrowIAE(RankingsTest.java:35)
	at sun.reflect.NativeMethodAccessorImpl.invoke0(Native Method)
	at sun.reflect.NativeMethodAccessorImpl.invoke(NativeMethodAccessorImpl.java:57)
	at sun.reflect.DelegatingMethodAccessorImpl.invoke(DelegatingMethodAccessorImpl.java:43)
	at java.lang.reflect.Method.invoke(Method.java:606)
	at org.testng.internal.MethodInvocationHelper.invokeMethod(MethodInvocationHelper.java:84)
	at org.testng.internal.Invoker.invokeMethod(Invoker.java:714)
	at org.testng.internal.Invoker.invokeTestMethod(Invoker.java:901)
	at org.testng.internal.Invoker.invokeTestMethods(Invoker.java:1231)
	at org.testng.internal.TestMethodWorker.invokeTestMethods(TestMethodWorker.java:127)
	at org.testng.internal.TestMethodWorker.run(TestMethodWorker.java:111)
	at org.testng.TestRunner.privateRun(TestRunner.java:767)
	at org.testng.TestRunner.run(TestRunner.java:617)
	at org.testng.SuiteRunner.runTest(SuiteRunner.java:334)
	at org.testng.SuiteRunner.runSequentially(SuiteRunner.java:329)
	at org.testng.SuiteRunner.privateRun(SuiteRunner.java:291)
	at org.testng.SuiteRunner.run(SuiteRunner.java:240)
	at org.testng.SuiteRunnerWorker.runSuite(SuiteRunnerWorker.java:52)
	at org.testng.SuiteRunnerWorker.run(SuiteRunnerWorker.java:86)
	at org.testng.TestNG.runSuitesSequentially(TestNG.java:1224)
	at org.testng.TestNG.runSuitesLocally(TestNG.java:1149)
	at org.testng.TestNG.run(TestNG.java:1057)
	at org.apache.maven.surefire.testng.TestNGExecutor.run(TestNGExecutor.java:70)
	at org.apache.maven.surefire.testng.TestNGDirectoryTestSuite.executeMulti(TestNGDirectoryTestSuite.java:158)
	at org.apache.maven.surefire.testng.TestNGDirectoryTestSuite.execute(TestNGDirectoryTestSuite.java:98)
	at org.apache.maven.surefire.testng.TestNGProvider.invoke(TestNGProvider.java:111)
	at sun.reflect.NativeMethodAccessorImpl.invoke0(Native Method)
	at sun.reflect.NativeMethodAccessorImpl.invoke(NativeMethodAccessorImpl.java:57)
	at sun.reflect.DelegatingMethodAccessorImpl.invoke(DelegatingMethodAccessorImpl.java:43)
	at java.lang.reflect.Method.invoke(Method.java:606)
	at org.apache.maven.surefire.util.ReflectionUtils.invokeMethodWithArray(ReflectionUtils.java:164)
	at org.apache.maven.surefire.booter.ProviderFactory$ProviderProxy.invoke(ProviderFactory.java:110)
	at org.apache.maven.surefire.booter.SurefireStarter.invokeProvider(SurefireStarter.java:175)
	at org.apache.maven.surefire.booter.SurefireStarter.runSuitesInProcessWhenForked(SurefireStarter.java:107)
	at org.apache.maven.surefire.booter.ForkedBooter.main(ForkedBooter.java:68)
</pre></div></td>
<td>0</td>
<td>storm.starter.tools.RankingsTest@79ad9c</td></tr>
<tr>
<td title='storm.starter.tools.RankingsTest.constructorWithNegativeOrZeroTopNShouldThrowIAE()'><b>constructorWithNegativeOrZeroTopNShouldThrowIAE</b><br>Test class: storm.starter.tools.RankingsTest<br>Parameters: -2</td>
<td><div><pre>java.lang.IllegalArgumentException: topN must be &gt;= 1
	at storm.starter.tools.Rankings.&lt;init&gt;(Rankings.java:24)
	at storm.starter.tools.RankingsTest.constructorWithNegativeOrZeroTopNShouldThrowIAE(RankingsTest.java:35)
... Removed 34 stack frames</pre></div><a href='#' onClick='toggleBox("stack-trace26608158", this, "Click to show all stack frames", "Click to hide stack frames")'>Click to show all stack frames</a>
<div class='stack-trace' id='stack-trace26608158'><pre>java.lang.IllegalArgumentException: topN must be &gt;= 1
	at storm.starter.tools.Rankings.&lt;init&gt;(Rankings.java:24)
	at storm.starter.tools.RankingsTest.constructorWithNegativeOrZeroTopNShouldThrowIAE(RankingsTest.java:35)
	at sun.reflect.NativeMethodAccessorImpl.invoke0(Native Method)
	at sun.reflect.NativeMethodAccessorImpl.invoke(NativeMethodAccessorImpl.java:57)
	at sun.reflect.DelegatingMethodAccessorImpl.invoke(DelegatingMethodAccessorImpl.java:43)
	at java.lang.reflect.Method.invoke(Method.java:606)
	at org.testng.internal.MethodInvocationHelper.invokeMethod(MethodInvocationHelper.java:84)
	at org.testng.internal.Invoker.invokeMethod(Invoker.java:714)
	at org.testng.internal.Invoker.invokeTestMethod(Invoker.java:901)
	at org.testng.internal.Invoker.invokeTestMethods(Invoker.java:1231)
	at org.testng.internal.TestMethodWorker.invokeTestMethods(TestMethodWorker.java:127)
	at org.testng.internal.TestMethodWorker.run(TestMethodWorker.java:111)
	at org.testng.TestRunner.privateRun(TestRunner.java:767)
	at org.testng.TestRunner.run(TestRunner.java:617)
	at org.testng.SuiteRunner.runTest(SuiteRunner.java:334)
	at org.testng.SuiteRunner.runSequentially(SuiteRunner.java:329)
	at org.testng.SuiteRunner.privateRun(SuiteRunner.java:291)
	at org.testng.SuiteRunner.run(SuiteRunner.java:240)
	at org.testng.SuiteRunnerWorker.runSuite(SuiteRunnerWorker.java:52)
	at org.testng.SuiteRunnerWorker.run(SuiteRunnerWorker.java:86)
	at org.testng.TestNG.runSuitesSequentially(TestNG.java:1224)
	at org.testng.TestNG.runSuitesLocally(TestNG.java:1149)
	at org.testng.TestNG.run(TestNG.java:1057)
	at org.apache.maven.surefire.testng.TestNGExecutor.run(TestNGExecutor.java:70)
	at org.apache.maven.surefire.testng.TestNGDirectoryTestSuite.executeMulti(TestNGDirectoryTestSuite.java:158)
	at org.apache.maven.surefire.testng.TestNGDirectoryTestSuite.execute(TestNGDirectoryTestSuite.java:98)
	at org.apache.maven.surefire.testng.TestNGProvider.invoke(TestNGProvider.java:111)
	at sun.reflect.NativeMethodAccessorImpl.invoke0(Native Method)
	at sun.reflect.NativeMethodAccessorImpl.invoke(NativeMethodAccessorImpl.java:57)
	at sun.reflect.DelegatingMethodAccessorImpl.invoke(DelegatingMethodAccessorImpl.java:43)
	at java.lang.reflect.Method.invoke(Method.java:606)
	at org.apache.maven.surefire.util.ReflectionUtils.invokeMethodWithArray(ReflectionUtils.java:164)
	at org.apache.maven.surefire.booter.ProviderFactory$ProviderProxy.invoke(ProviderFactory.java:110)
	at org.apache.maven.surefire.booter.SurefireStarter.invokeProvider(SurefireStarter.java:175)
	at org.apache.maven.surefire.booter.SurefireStarter.runSuitesInProcessWhenForked(SurefireStarter.java:107)
	at org.apache.maven.surefire.booter.ForkedBooter.main(ForkedBooter.java:68)
</pre></div></td>
<td>0</td>
<td>storm.starter.tools.RankingsTest@79ad9c</td></tr>
<tr>
<td title='storm.starter.tools.RankingsTest.constructorWithNegativeOrZeroTopNShouldThrowIAE()'><b>constructorWithNegativeOrZeroTopNShouldThrowIAE</b><br>Test class: storm.starter.tools.RankingsTest<br>Parameters: -10</td>
<td><div><pre>java.lang.IllegalArgumentException: topN must be &gt;= 1
	at storm.starter.tools.Rankings.&lt;init&gt;(Rankings.java:24)
	at storm.starter.tools.RankingsTest.constructorWithNegativeOrZeroTopNShouldThrowIAE(RankingsTest.java:35)
... Removed 34 stack frames</pre></div><a href='#' onClick='toggleBox("stack-trace23401965", this, "Click to show all stack frames", "Click to hide stack frames")'>Click to show all stack frames</a>
<div class='stack-trace' id='stack-trace23401965'><pre>java.lang.IllegalArgumentException: topN must be &gt;= 1
	at storm.starter.tools.Rankings.&lt;init&gt;(Rankings.java:24)
	at storm.starter.tools.RankingsTest.constructorWithNegativeOrZeroTopNShouldThrowIAE(RankingsTest.java:35)
	at sun.reflect.NativeMethodAccessorImpl.invoke0(Native Method)
	at sun.reflect.NativeMethodAccessorImpl.invoke(NativeMethodAccessorImpl.java:57)
	at sun.reflect.DelegatingMethodAccessorImpl.invoke(DelegatingMethodAccessorImpl.java:43)
	at java.lang.reflect.Method.invoke(Method.java:606)
	at org.testng.internal.MethodInvocationHelper.invokeMethod(MethodInvocationHelper.java:84)
	at org.testng.internal.Invoker.invokeMethod(Invoker.java:714)
	at org.testng.internal.Invoker.invokeTestMethod(Invoker.java:901)
	at org.testng.internal.Invoker.invokeTestMethods(Invoker.java:1231)
	at org.testng.internal.TestMethodWorker.invokeTestMethods(TestMethodWorker.java:127)
	at org.testng.internal.TestMethodWorker.run(TestMethodWorker.java:111)
	at org.testng.TestRunner.privateRun(TestRunner.java:767)
	at org.testng.TestRunner.run(TestRunner.java:617)
	at org.testng.SuiteRunner.runTest(SuiteRunner.java:334)
	at org.testng.SuiteRunner.runSequentially(SuiteRunner.java:329)
	at org.testng.SuiteRunner.privateRun(SuiteRunner.java:291)
	at org.testng.SuiteRunner.run(SuiteRunner.java:240)
	at org.testng.SuiteRunnerWorker.runSuite(SuiteRunnerWorker.java:52)
	at org.testng.SuiteRunnerWorker.run(SuiteRunnerWorker.java:86)
	at org.testng.TestNG.runSuitesSequentially(TestNG.java:1224)
	at org.testng.TestNG.runSuitesLocally(TestNG.java:1149)
	at org.testng.TestNG.run(TestNG.java:1057)
	at org.apache.maven.surefire.testng.TestNGExecutor.run(TestNGExecutor.java:70)
	at org.apache.maven.surefire.testng.TestNGDirectoryTestSuite.executeMulti(TestNGDirectoryTestSuite.java:158)
	at org.apache.maven.surefire.testng.TestNGDirectoryTestSuite.execute(TestNGDirectoryTestSuite.java:98)
	at org.apache.maven.surefire.testng.TestNGProvider.invoke(TestNGProvider.java:111)
	at sun.reflect.NativeMethodAccessorImpl.invoke0(Native Method)
	at sun.reflect.NativeMethodAccessorImpl.invoke(NativeMethodAccessorImpl.java:57)
	at sun.reflect.DelegatingMethodAccessorImpl.invoke(DelegatingMethodAccessorImpl.java:43)
	at java.lang.reflect.Method.invoke(Method.java:606)
	at org.apache.maven.surefire.util.ReflectionUtils.invokeMethodWithArray(ReflectionUtils.java:164)
	at org.apache.maven.surefire.booter.ProviderFactory$ProviderProxy.invoke(ProviderFactory.java:110)
	at org.apache.maven.surefire.booter.SurefireStarter.invokeProvider(SurefireStarter.java:175)
	at org.apache.maven.surefire.booter.SurefireStarter.runSuitesInProcessWhenForked(SurefireStarter.java:107)
	at org.apache.maven.surefire.booter.ForkedBooter.main(ForkedBooter.java:68)
</pre></div></td>
<td>0</td>
<td>storm.starter.tools.RankingsTest@79ad9c</td></tr>
<tr>
<td title='storm.starter.tools.RankableObjectWithFieldsTest.constructorWithNullObjectAndFieldsShouldThrowIAE()'><b>constructorWithNullObjectAndFieldsShouldThrowIAE</b><br>Test class: storm.starter.tools.RankableObjectWithFieldsTest</td>
<td><div><pre>java.lang.IllegalArgumentException: The object must not be null
	at storm.starter.tools.RankableObjectWithFields.&lt;init&gt;(RankableObjectWithFields.java:26)
	at storm.starter.tools.RankableObjectWithFieldsTest.constructorWithNullObjectAndFieldsShouldThrowIAE(RankableObjectWithFieldsTest.java:33)
... Removed 34 stack frames</pre></div><a href='#' onClick='toggleBox("stack-trace8992067", this, "Click to show all stack frames", "Click to hide stack frames")'>Click to show all stack frames</a>
<div class='stack-trace' id='stack-trace8992067'><pre>java.lang.IllegalArgumentException: The object must not be null
	at storm.starter.tools.RankableObjectWithFields.&lt;init&gt;(RankableObjectWithFields.java:26)
	at storm.starter.tools.RankableObjectWithFieldsTest.constructorWithNullObjectAndFieldsShouldThrowIAE(RankableObjectWithFieldsTest.java:33)
	at sun.reflect.NativeMethodAccessorImpl.invoke0(Native Method)
	at sun.reflect.NativeMethodAccessorImpl.invoke(NativeMethodAccessorImpl.java:57)
	at sun.reflect.DelegatingMethodAccessorImpl.invoke(DelegatingMethodAccessorImpl.java:43)
	at java.lang.reflect.Method.invoke(Method.java:606)
	at org.testng.internal.MethodInvocationHelper.invokeMethod(MethodInvocationHelper.java:84)
	at org.testng.internal.Invoker.invokeMethod(Invoker.java:714)
	at org.testng.internal.Invoker.invokeTestMethod(Invoker.java:901)
	at org.testng.internal.Invoker.invokeTestMethods(Invoker.java:1231)
	at org.testng.internal.TestMethodWorker.invokeTestMethods(TestMethodWorker.java:127)
	at org.testng.internal.TestMethodWorker.run(TestMethodWorker.java:111)
	at org.testng.TestRunner.privateRun(TestRunner.java:767)
	at org.testng.TestRunner.run(TestRunner.java:617)
	at org.testng.SuiteRunner.runTest(SuiteRunner.java:334)
	at org.testng.SuiteRunner.runSequentially(SuiteRunner.java:329)
	at org.testng.SuiteRunner.privateRun(SuiteRunner.java:291)
	at org.testng.SuiteRunner.run(SuiteRunner.java:240)
	at org.testng.SuiteRunnerWorker.runSuite(SuiteRunnerWorker.java:52)
	at org.testng.SuiteRunnerWorker.run(SuiteRunnerWorker.java:86)
	at org.testng.TestNG.runSuitesSequentially(TestNG.java:1224)
	at org.testng.TestNG.runSuitesLocally(TestNG.java:1149)
	at org.testng.TestNG.run(TestNG.java:1057)
	at org.apache.maven.surefire.testng.TestNGExecutor.run(TestNGExecutor.java:70)
	at org.apache.maven.surefire.testng.TestNGDirectoryTestSuite.executeMulti(TestNGDirectoryTestSuite.java:158)
	at org.apache.maven.surefire.testng.TestNGDirectoryTestSuite.execute(TestNGDirectoryTestSuite.java:98)
	at org.apache.maven.surefire.testng.TestNGProvider.invoke(TestNGProvider.java:111)
	at sun.reflect.NativeMethodAccessorImpl.invoke0(Native Method)
	at sun.reflect.NativeMethodAccessorImpl.invoke(NativeMethodAccessorImpl.java:57)
	at sun.reflect.DelegatingMethodAccessorImpl.invoke(DelegatingMethodAccessorImpl.java:43)
	at java.lang.reflect.Method.invoke(Method.java:606)
	at org.apache.maven.surefire.util.ReflectionUtils.invokeMethodWithArray(ReflectionUtils.java:164)
	at org.apache.maven.surefire.booter.ProviderFactory$ProviderProxy.invoke(ProviderFactory.java:110)
	at org.apache.maven.surefire.booter.SurefireStarter.invokeProvider(SurefireStarter.java:175)
	at org.apache.maven.surefire.booter.SurefireStarter.runSuitesInProcessWhenForked(SurefireStarter.java:107)
	at org.apache.maven.surefire.booter.ForkedBooter.main(ForkedBooter.java:68)
</pre></div></td>
<td>0</td>
<td>storm.starter.tools.RankableObjectWithFieldsTest@4a89f7</td></tr>
<tr>
<td title='storm.starter.tools.RankableObjectWithFieldsTest.constructorWithNullObjectAndNoFieldsShouldThrowIAE()'><b>constructorWithNullObjectAndNoFieldsShouldThrowIAE</b><br>Test class: storm.starter.tools.RankableObjectWithFieldsTest</td>
<td><div><pre>java.lang.IllegalArgumentException: The object must not be null
	at storm.starter.tools.RankableObjectWithFields.&lt;init&gt;(RankableObjectWithFields.java:26)
	at storm.starter.tools.RankableObjectWithFieldsTest.constructorWithNullObjectAndNoFieldsShouldThrowIAE(RankableObjectWithFieldsTest.java:27)
... Removed 34 stack frames</pre></div><a href='#' onClick='toggleBox("stack-trace524430", this, "Click to show all stack frames", "Click to hide stack frames")'>Click to show all stack frames</a>
<div class='stack-trace' id='stack-trace524430'><pre>java.lang.IllegalArgumentException: The object must not be null
	at storm.starter.tools.RankableObjectWithFields.&lt;init&gt;(RankableObjectWithFields.java:26)
	at storm.starter.tools.RankableObjectWithFieldsTest.constructorWithNullObjectAndNoFieldsShouldThrowIAE(RankableObjectWithFieldsTest.java:27)
	at sun.reflect.NativeMethodAccessorImpl.invoke0(Native Method)
	at sun.reflect.NativeMethodAccessorImpl.invoke(NativeMethodAccessorImpl.java:57)
	at sun.reflect.DelegatingMethodAccessorImpl.invoke(DelegatingMethodAccessorImpl.java:43)
	at java.lang.reflect.Method.invoke(Method.java:606)
	at org.testng.internal.MethodInvocationHelper.invokeMethod(MethodInvocationHelper.java:84)
	at org.testng.internal.Invoker.invokeMethod(Invoker.java:714)
	at org.testng.internal.Invoker.invokeTestMethod(Invoker.java:901)
	at org.testng.internal.Invoker.invokeTestMethods(Invoker.java:1231)
	at org.testng.internal.TestMethodWorker.invokeTestMethods(TestMethodWorker.java:127)
	at org.testng.internal.TestMethodWorker.run(TestMethodWorker.java:111)
	at org.testng.TestRunner.privateRun(TestRunner.java:767)
	at org.testng.TestRunner.run(TestRunner.java:617)
	at org.testng.SuiteRunner.runTest(SuiteRunner.java:334)
	at org.testng.SuiteRunner.runSequentially(SuiteRunner.java:329)
	at org.testng.SuiteRunner.privateRun(SuiteRunner.java:291)
	at org.testng.SuiteRunner.run(SuiteRunner.java:240)
	at org.testng.SuiteRunnerWorker.runSuite(SuiteRunnerWorker.java:52)
	at org.testng.SuiteRunnerWorker.run(SuiteRunnerWorker.java:86)
	at org.testng.TestNG.runSuitesSequentially(TestNG.java:1224)
	at org.testng.TestNG.runSuitesLocally(TestNG.java:1149)
	at org.testng.TestNG.run(TestNG.java:1057)
	at org.apache.maven.surefire.testng.TestNGExecutor.run(TestNGExecutor.java:70)
	at org.apache.maven.surefire.testng.TestNGDirectoryTestSuite.executeMulti(TestNGDirectoryTestSuite.java:158)
	at org.apache.maven.surefire.testng.TestNGDirectoryTestSuite.execute(TestNGDirectoryTestSuite.java:98)
	at org.apache.maven.surefire.testng.TestNGProvider.invoke(TestNGProvider.java:111)
	at sun.reflect.NativeMethodAccessorImpl.invoke0(Native Method)
	at sun.reflect.NativeMethodAccessorImpl.invoke(NativeMethodAccessorImpl.java:57)
	at sun.reflect.DelegatingMethodAccessorImpl.invoke(DelegatingMethodAccessorImpl.java:43)
	at java.lang.reflect.Method.invoke(Method.java:606)
	at org.apache.maven.surefire.util.ReflectionUtils.invokeMethodWithArray(ReflectionUtils.java:164)
	at org.apache.maven.surefire.booter.ProviderFactory$ProviderProxy.invoke(ProviderFactory.java:110)
	at org.apache.maven.surefire.booter.SurefireStarter.invokeProvider(SurefireStarter.java:175)
	at org.apache.maven.surefire.booter.SurefireStarter.runSuitesInProcessWhenForked(SurefireStarter.java:107)
	at org.apache.maven.surefire.booter.ForkedBooter.main(ForkedBooter.java:68)
</pre></div></td>
<td>0</td>
<td>storm.starter.tools.RankableObjectWithFieldsTest@4a89f7</td></tr>
<tr>
<td title='storm.starter.tools.RankingsTest.constructorWithPositiveTopNShouldBeOk()'><b>constructorWithPositiveTopNShouldBeOk</b><br>Test class: storm.starter.tools.RankingsTest<br>Parameters: 1</td>
<td></td>
<td>0</td>
<td>storm.starter.tools.RankingsTest@79ad9c</td></tr>
<tr>
<td title='storm.starter.tools.RankingsTest.constructorWithPositiveTopNShouldBeOk()'><b>constructorWithPositiveTopNShouldBeOk</b><br>Test class: storm.starter.tools.RankingsTest<br>Parameters: 2</td>
<td></td>
<td>0</td>
<td>storm.starter.tools.RankingsTest@79ad9c</td></tr>
<tr>
<td title='storm.starter.tools.RankingsTest.constructorWithPositiveTopNShouldBeOk()'><b>constructorWithPositiveTopNShouldBeOk</b><br>Test class: storm.starter.tools.RankingsTest<br>Parameters: 1000</td>
<td></td>
<td>0</td>
<td>storm.starter.tools.RankingsTest@79ad9c</td></tr>
<tr>
<td title='storm.starter.tools.RankingsTest.constructorWithPositiveTopNShouldBeOk()'><b>constructorWithPositiveTopNShouldBeOk</b><br>Test class: storm.starter.tools.RankingsTest<br>Parameters: 1000000</td>
<td></td>
<td>0</td>
<td>storm.starter.tools.RankingsTest@79ad9c</td></tr>
<tr>
<td title='storm.starter.tools.RankingsTest.copyConstructorShouldReturnCopy()'><b>copyConstructorShouldReturnCopy</b><br>Test class: storm.starter.tools.RankingsTest<br>Parameters: 5, [[A|1], [B|2], [C|3]]</td>
<td></td>
<td>0</td>
<td>storm.starter.tools.RankingsTest@79ad9c</td></tr>
<tr>
<td title='storm.starter.tools.RankingsTest.copyConstructorShouldReturnCopy()'><b>copyConstructorShouldReturnCopy</b><br>Test class: storm.starter.tools.RankingsTest<br>Parameters: 2, [[A|1], [B|2], [C|3], [D|4]]</td>
<td></td>
<td>0</td>
<td>storm.starter.tools.RankingsTest@79ad9c</td></tr>
<tr>
<td title='storm.starter.tools.RankingsTest.copyConstructorShouldReturnCopy()'><b>copyConstructorShouldReturnCopy</b><br>Test class: storm.starter.tools.RankingsTest<br>Parameters: 1, []</td>
<td></td>
<td>0</td>
<td>storm.starter.tools.RankingsTest@79ad9c</td></tr>
<tr>
<td title='storm.starter.tools.RankingsTest.copyConstructorShouldReturnCopy()'><b>copyConstructorShouldReturnCopy</b><br>Test class: storm.starter.tools.RankingsTest<br>Parameters: 1, [[A|1]]</td>
<td></td>
<td>0</td>
<td>storm.starter.tools.RankingsTest@79ad9c</td></tr>
<tr>
<td title='storm.starter.tools.RankingsTest.copyConstructorShouldReturnCopy()'><b>copyConstructorShouldReturnCopy</b><br>Test class: storm.starter.tools.RankingsTest<br>Parameters: 1, [[A|1], [B|2]]</td>
<td></td>
<td>0</td>
<td>storm.starter.tools.RankingsTest@79ad9c</td></tr>
<tr>
<td title='storm.starter.tools.RankingsTest.copyConstructorShouldReturnDefensiveCopy()'><b>copyConstructorShouldReturnDefensiveCopy</b><br>Test class: storm.starter.tools.RankingsTest<br>Parameters: 5, [[A|1], [B|2], [C|3]], [[D|4]]</td>
<td></td>
<td>0</td>
<td>storm.starter.tools.RankingsTest@79ad9c</td></tr>
<tr>
<td title='storm.starter.tools.RankingsTest.copyConstructorShouldReturnDefensiveCopy()'><b>copyConstructorShouldReturnDefensiveCopy</b><br>Test class: storm.starter.tools.RankingsTest<br>Parameters: 2, [[A|1], [B|2], [C|3], [D|4]], [[E|5], [F|6]]</td>
<td></td>
<td>0</td>
<td>storm.starter.tools.RankingsTest@79ad9c</td></tr>
<tr>
<td title='storm.starter.tools.RankingsTest.copyConstructorShouldReturnDefensiveCopy()'><b>copyConstructorShouldReturnDefensiveCopy</b><br>Test class: storm.starter.tools.RankingsTest<br>Parameters: 1, [], [[A|1]]</td>
<td></td>
<td>0</td>
<td>storm.starter.tools.RankingsTest@79ad9c</td></tr>
<tr>
<td title='storm.starter.tools.RankingsTest.copyConstructorShouldReturnDefensiveCopy()'><b>copyConstructorShouldReturnDefensiveCopy</b><br>Test class: storm.starter.tools.RankingsTest<br>Parameters: 1, [[A|1]], [[B|2]]</td>
<td></td>
<td>0</td>
<td>storm.starter.tools.RankingsTest@79ad9c</td></tr>
<tr>
<td title='storm.starter.tools.RankingsTest.copyConstructorShouldReturnDefensiveCopy()'><b>copyConstructorShouldReturnDefensiveCopy</b><br>Test class: storm.starter.tools.RankingsTest<br>Parameters: 1, [[ZERO_COUNT|0]], [[B|2]]</td>
<td></td>
<td>0</td>
<td>storm.starter.tools.RankingsTest@79ad9c</td></tr>
<tr>
<td title='storm.starter.tools.RankingsTest.copyConstructorShouldReturnDefensiveCopy()'><b>copyConstructorShouldReturnDefensiveCopy</b><br>Test class: storm.starter.tools.RankingsTest<br>Parameters: 1, [[ZERO_COUNT|0]], []</td>
<td></td>
<td>0</td>
<td>storm.starter.tools.RankingsTest@79ad9c</td></tr>
<tr>
<td title='storm.starter.tools.RankableObjectWithFieldsTest.copyShouldReturnCopy()'><b>copyShouldReturnCopy</b><br>Test class: storm.starter.tools.RankableObjectWithFieldsTest<br>Parameters: [foo|0]</td>
<td></td>
<td>0</td>
<td>storm.starter.tools.RankableObjectWithFieldsTest@4a89f7</td></tr>
<tr>
<td title='storm.starter.tools.RankableObjectWithFieldsTest.copyShouldReturnCopy()'><b>copyShouldReturnCopy</b><br>Test class: storm.starter.tools.RankableObjectWithFieldsTest<br>Parameters: [foo|3|someOtherField]</td>
<td></td>
<td>0</td>
<td>storm.starter.tools.RankableObjectWithFieldsTest@4a89f7</td></tr>
<tr>
<td title='storm.starter.tools.RankableObjectWithFieldsTest.copyShouldReturnCopy()'><b>copyShouldReturnCopy</b><br>Test class: storm.starter.tools.RankableObjectWithFieldsTest<br>Parameters: [foo|0|someField]</td>
<td></td>
<td>0</td>
<td>storm.starter.tools.RankableObjectWithFieldsTest@4a89f7</td></tr>
<tr>
<td title='storm.starter.tools.RankingsTest.copyShouldReturnCopy()'><b>copyShouldReturnCopy</b><br>Test class: storm.starter.tools.RankingsTest<br>Parameters: 5, [[A|1], [B|2], [C|3]]</td>
<td></td>
<td>0</td>
<td>storm.starter.tools.RankingsTest@79ad9c</td></tr>
<tr>
<td title='storm.starter.tools.RankingsTest.copyShouldReturnCopy()'><b>copyShouldReturnCopy</b><br>Test class: storm.starter.tools.RankingsTest<br>Parameters: 2, [[A|1], [B|2], [C|3], [D|4]]</td>
<td></td>
<td>0</td>
<td>storm.starter.tools.RankingsTest@79ad9c</td></tr>
<tr>
<td title='storm.starter.tools.RankingsTest.copyShouldReturnCopy()'><b>copyShouldReturnCopy</b><br>Test class: storm.starter.tools.RankingsTest<br>Parameters: 1, []</td>
<td></td>
<td>0</td>
<td>storm.starter.tools.RankingsTest@79ad9c</td></tr>
<tr>
<td title='storm.starter.tools.RankingsTest.copyShouldReturnCopy()'><b>copyShouldReturnCopy</b><br>Test class: storm.starter.tools.RankingsTest<br>Parameters: 1, [[A|1]]</td>
<td></td>
<td>0</td>
<td>storm.starter.tools.RankingsTest@79ad9c</td></tr>
<tr>
<td title='storm.starter.tools.RankingsTest.copyShouldReturnCopy()'><b>copyShouldReturnCopy</b><br>Test class: storm.starter.tools.RankingsTest<br>Parameters: 1, [[A|1], [B|2]]</td>
<td></td>
<td>0</td>
<td>storm.starter.tools.RankingsTest@79ad9c</td></tr>
<tr>
<td title='storm.starter.tools.RankingsTest.copyShouldReturnDefensiveCopy()'><b>copyShouldReturnDefensiveCopy</b><br>Test class: storm.starter.tools.RankingsTest<br>Parameters: 5, [[A|1], [B|2], [C|3]], [[D|4]]</td>
<td></td>
<td>0</td>
<td>storm.starter.tools.RankingsTest@79ad9c</td></tr>
<tr>
<td title='storm.starter.tools.RankingsTest.copyShouldReturnDefensiveCopy()'><b>copyShouldReturnDefensiveCopy</b><br>Test class: storm.starter.tools.RankingsTest<br>Parameters: 2, [[A|1], [B|2], [C|3], [D|4]], [[E|5], [F|6]]</td>
<td></td>
<td>0</td>
<td>storm.starter.tools.RankingsTest@79ad9c</td></tr>
<tr>
<td title='storm.starter.tools.RankingsTest.copyShouldReturnDefensiveCopy()'><b>copyShouldReturnDefensiveCopy</b><br>Test class: storm.starter.tools.RankingsTest<br>Parameters: 1, [], [[A|1]]</td>
<td></td>
<td>0</td>
<td>storm.starter.tools.RankingsTest@79ad9c</td></tr>
<tr>
<td title='storm.starter.tools.RankingsTest.copyShouldReturnDefensiveCopy()'><b>copyShouldReturnDefensiveCopy</b><br>Test class: storm.starter.tools.RankingsTest<br>Parameters: 1, [[A|1]], [[B|2]]</td>
<td></td>
<td>0</td>
<td>storm.starter.tools.RankingsTest@79ad9c</td></tr>
<tr>
<td title='storm.starter.tools.RankingsTest.copyShouldReturnDefensiveCopy()'><b>copyShouldReturnDefensiveCopy</b><br>Test class: storm.starter.tools.RankingsTest<br>Parameters: 1, [[ZERO_COUNT|0]], [[B|2]]</td>
<td></td>
<td>0</td>
<td>storm.starter.tools.RankingsTest@79ad9c</td></tr>
<tr>
<td title='storm.starter.tools.RankingsTest.copyShouldReturnDefensiveCopy()'><b>copyShouldReturnDefensiveCopy</b><br>Test class: storm.starter.tools.RankingsTest<br>Parameters: 1, [[ZERO_COUNT|0]], []</td>
<td></td>
<td>0</td>
<td>storm.starter.tools.RankingsTest@79ad9c</td></tr>
<tr>
<td title='storm.starter.tools.RankingsTest.defaultConstructorShouldSetPositiveTopN()'><b>defaultConstructorShouldSetPositiveTopN</b><br>Test class: storm.starter.tools.RankingsTest</td>
<td></td>
<td>0</td>
<td>storm.starter.tools.RankingsTest@79ad9c</td></tr>
<tr>
<td title='storm.starter.tools.RankableObjectWithFieldsTest.fieldsShouldBeImmutable()'><b>fieldsShouldBeImmutable</b><br>Test class: storm.starter.tools.RankableObjectWithFieldsTest</td>
<td><div><pre>java.lang.UnsupportedOperationException
	at com.google.common.collect.ImmutableList.remove(ImmutableList.java:479)
	at storm.starter.tools.RankableObjectWithFieldsTest.fieldsShouldBeImmutable(RankableObjectWithFieldsTest.java:191)
... Removed 34 stack frames</pre></div><a href='#' onClick='toggleBox("stack-trace27393005", this, "Click to show all stack frames", "Click to hide stack frames")'>Click to show all stack frames</a>
<div class='stack-trace' id='stack-trace27393005'><pre>java.lang.UnsupportedOperationException
	at com.google.common.collect.ImmutableList.remove(ImmutableList.java:479)
	at storm.starter.tools.RankableObjectWithFieldsTest.fieldsShouldBeImmutable(RankableObjectWithFieldsTest.java:191)
	at sun.reflect.NativeMethodAccessorImpl.invoke0(Native Method)
	at sun.reflect.NativeMethodAccessorImpl.invoke(NativeMethodAccessorImpl.java:57)
	at sun.reflect.DelegatingMethodAccessorImpl.invoke(DelegatingMethodAccessorImpl.java:43)
	at java.lang.reflect.Method.invoke(Method.java:606)
	at org.testng.internal.MethodInvocationHelper.invokeMethod(MethodInvocationHelper.java:84)
	at org.testng.internal.Invoker.invokeMethod(Invoker.java:714)
	at org.testng.internal.Invoker.invokeTestMethod(Invoker.java:901)
	at org.testng.internal.Invoker.invokeTestMethods(Invoker.java:1231)
	at org.testng.internal.TestMethodWorker.invokeTestMethods(TestMethodWorker.java:127)
	at org.testng.internal.TestMethodWorker.run(TestMethodWorker.java:111)
	at org.testng.TestRunner.privateRun(TestRunner.java:767)
	at org.testng.TestRunner.run(TestRunner.java:617)
	at org.testng.SuiteRunner.runTest(SuiteRunner.java:334)
	at org.testng.SuiteRunner.runSequentially(SuiteRunner.java:329)
	at org.testng.SuiteRunner.privateRun(SuiteRunner.java:291)
	at org.testng.SuiteRunner.run(SuiteRunner.java:240)
	at org.testng.SuiteRunnerWorker.runSuite(SuiteRunnerWorker.java:52)
	at org.testng.SuiteRunnerWorker.run(SuiteRunnerWorker.java:86)
	at org.testng.TestNG.runSuitesSequentially(TestNG.java:1224)
	at org.testng.TestNG.runSuitesLocally(TestNG.java:1149)
	at org.testng.TestNG.run(TestNG.java:1057)
	at org.apache.maven.surefire.testng.TestNGExecutor.run(TestNGExecutor.java:70)
	at org.apache.maven.surefire.testng.TestNGDirectoryTestSuite.executeMulti(TestNGDirectoryTestSuite.java:158)
	at org.apache.maven.surefire.testng.TestNGDirectoryTestSuite.execute(TestNGDirectoryTestSuite.java:98)
	at org.apache.maven.surefire.testng.TestNGProvider.invoke(TestNGProvider.java:111)
	at sun.reflect.NativeMethodAccessorImpl.invoke0(Native Method)
	at sun.reflect.NativeMethodAccessorImpl.invoke(NativeMethodAccessorImpl.java:57)
	at sun.reflect.DelegatingMethodAccessorImpl.invoke(DelegatingMethodAccessorImpl.java:43)
	at java.lang.reflect.Method.invoke(Method.java:606)
	at org.apache.maven.surefire.util.ReflectionUtils.invokeMethodWithArray(ReflectionUtils.java:164)
	at org.apache.maven.surefire.booter.ProviderFactory$ProviderProxy.invoke(ProviderFactory.java:110)
	at org.apache.maven.surefire.booter.SurefireStarter.invokeProvider(SurefireStarter.java:175)
	at org.apache.maven.surefire.booter.SurefireStarter.runSuitesInProcessWhenForked(SurefireStarter.java:107)
	at org.apache.maven.surefire.booter.ForkedBooter.main(ForkedBooter.java:68)
</pre></div></td>
<td>0</td>
<td>storm.starter.tools.RankableObjectWithFieldsTest@4a89f7</td></tr>
<tr>
<td title='storm.starter.tools.SlidingWindowCounterTest.lessThanTwoSlotsShouldThrowIAE()'><b>lessThanTwoSlotsShouldThrowIAE</b><br>Test class: storm.starter.tools.SlidingWindowCounterTest<br>Parameters: -10</td>
<td><div><pre>java.lang.IllegalArgumentException: Window length in slots must be at least two (you requested -10)
	at storm.starter.tools.SlidingWindowCounter.&lt;init&gt;(SlidingWindowCounter.java:62)
	at storm.starter.tools.SlidingWindowCounterTest.lessThanTwoSlotsShouldThrowIAE(SlidingWindowCounterTest.java:22)
... Removed 34 stack frames</pre></div><a href='#' onClick='toggleBox("stack-trace32786750", this, "Click to show all stack frames", "Click to hide stack frames")'>Click to show all stack frames</a>
<div class='stack-trace' id='stack-trace32786750'><pre>java.lang.IllegalArgumentException: Window length in slots must be at least two (you requested -10)
	at storm.starter.tools.SlidingWindowCounter.&lt;init&gt;(SlidingWindowCounter.java:62)
	at storm.starter.tools.SlidingWindowCounterTest.lessThanTwoSlotsShouldThrowIAE(SlidingWindowCounterTest.java:22)
	at sun.reflect.NativeMethodAccessorImpl.invoke0(Native Method)
	at sun.reflect.NativeMethodAccessorImpl.invoke(NativeMethodAccessorImpl.java:57)
	at sun.reflect.DelegatingMethodAccessorImpl.invoke(DelegatingMethodAccessorImpl.java:43)
	at java.lang.reflect.Method.invoke(Method.java:606)
	at org.testng.internal.MethodInvocationHelper.invokeMethod(MethodInvocationHelper.java:84)
	at org.testng.internal.Invoker.invokeMethod(Invoker.java:714)
	at org.testng.internal.Invoker.invokeTestMethod(Invoker.java:901)
	at org.testng.internal.Invoker.invokeTestMethods(Invoker.java:1231)
	at org.testng.internal.TestMethodWorker.invokeTestMethods(TestMethodWorker.java:127)
	at org.testng.internal.TestMethodWorker.run(TestMethodWorker.java:111)
	at org.testng.TestRunner.privateRun(TestRunner.java:767)
	at org.testng.TestRunner.run(TestRunner.java:617)
	at org.testng.SuiteRunner.runTest(SuiteRunner.java:334)
	at org.testng.SuiteRunner.runSequentially(SuiteRunner.java:329)
	at org.testng.SuiteRunner.privateRun(SuiteRunner.java:291)
	at org.testng.SuiteRunner.run(SuiteRunner.java:240)
	at org.testng.SuiteRunnerWorker.runSuite(SuiteRunnerWorker.java:52)
	at org.testng.SuiteRunnerWorker.run(SuiteRunnerWorker.java:86)
	at org.testng.TestNG.runSuitesSequentially(TestNG.java:1224)
	at org.testng.TestNG.runSuitesLocally(TestNG.java:1149)
	at org.testng.TestNG.run(TestNG.java:1057)
	at org.apache.maven.surefire.testng.TestNGExecutor.run(TestNGExecutor.java:70)
	at org.apache.maven.surefire.testng.TestNGDirectoryTestSuite.executeMulti(TestNGDirectoryTestSuite.java:158)
	at org.apache.maven.surefire.testng.TestNGDirectoryTestSuite.execute(TestNGDirectoryTestSuite.java:98)
	at org.apache.maven.surefire.testng.TestNGProvider.invoke(TestNGProvider.java:111)
	at sun.reflect.NativeMethodAccessorImpl.invoke0(Native Method)
	at sun.reflect.NativeMethodAccessorImpl.invoke(NativeMethodAccessorImpl.java:57)
	at sun.reflect.DelegatingMethodAccessorImpl.invoke(DelegatingMethodAccessorImpl.java:43)
	at java.lang.reflect.Method.invoke(Method.java:606)
	at org.apache.maven.surefire.util.ReflectionUtils.invokeMethodWithArray(ReflectionUtils.java:164)
	at org.apache.maven.surefire.booter.ProviderFactory$ProviderProxy.invoke(ProviderFactory.java:110)
	at org.apache.maven.surefire.booter.SurefireStarter.invokeProvider(SurefireStarter.java:175)
	at org.apache.maven.surefire.booter.SurefireStarter.runSuitesInProcessWhenForked(SurefireStarter.java:107)
	at org.apache.maven.surefire.booter.ForkedBooter.main(ForkedBooter.java:68)
</pre></div></td>
<td>0</td>
<td>storm.starter.tools.SlidingWindowCounterTest@19a6904</td></tr>
<tr>
<td title='storm.starter.tools.SlidingWindowCounterTest.lessThanTwoSlotsShouldThrowIAE()'><b>lessThanTwoSlotsShouldThrowIAE</b><br>Test class: storm.starter.tools.SlidingWindowCounterTest<br>Parameters: -3</td>
<td><div><pre>java.lang.IllegalArgumentException: Window length in slots must be at least two (you requested -3)
	at storm.starter.tools.SlidingWindowCounter.&lt;init&gt;(SlidingWindowCounter.java:62)
	at storm.starter.tools.SlidingWindowCounterTest.lessThanTwoSlotsShouldThrowIAE(SlidingWindowCounterTest.java:22)
... Removed 34 stack frames</pre></div><a href='#' onClick='toggleBox("stack-trace16034656", this, "Click to show all stack frames", "Click to hide stack frames")'>Click to show all stack frames</a>
<div class='stack-trace' id='stack-trace16034656'><pre>java.lang.IllegalArgumentException: Window length in slots must be at least two (you requested -3)
	at storm.starter.tools.SlidingWindowCounter.&lt;init&gt;(SlidingWindowCounter.java:62)
	at storm.starter.tools.SlidingWindowCounterTest.lessThanTwoSlotsShouldThrowIAE(SlidingWindowCounterTest.java:22)
	at sun.reflect.NativeMethodAccessorImpl.invoke0(Native Method)
	at sun.reflect.NativeMethodAccessorImpl.invoke(NativeMethodAccessorImpl.java:57)
	at sun.reflect.DelegatingMethodAccessorImpl.invoke(DelegatingMethodAccessorImpl.java:43)
	at java.lang.reflect.Method.invoke(Method.java:606)
	at org.testng.internal.MethodInvocationHelper.invokeMethod(MethodInvocationHelper.java:84)
	at org.testng.internal.Invoker.invokeMethod(Invoker.java:714)
	at org.testng.internal.Invoker.invokeTestMethod(Invoker.java:901)
	at org.testng.internal.Invoker.invokeTestMethods(Invoker.java:1231)
	at org.testng.internal.TestMethodWorker.invokeTestMethods(TestMethodWorker.java:127)
	at org.testng.internal.TestMethodWorker.run(TestMethodWorker.java:111)
	at org.testng.TestRunner.privateRun(TestRunner.java:767)
	at org.testng.TestRunner.run(TestRunner.java:617)
	at org.testng.SuiteRunner.runTest(SuiteRunner.java:334)
	at org.testng.SuiteRunner.runSequentially(SuiteRunner.java:329)
	at org.testng.SuiteRunner.privateRun(SuiteRunner.java:291)
	at org.testng.SuiteRunner.run(SuiteRunner.java:240)
	at org.testng.SuiteRunnerWorker.runSuite(SuiteRunnerWorker.java:52)
	at org.testng.SuiteRunnerWorker.run(SuiteRunnerWorker.java:86)
	at org.testng.TestNG.runSuitesSequentially(TestNG.java:1224)
	at org.testng.TestNG.runSuitesLocally(TestNG.java:1149)
	at org.testng.TestNG.run(TestNG.java:1057)
	at org.apache.maven.surefire.testng.TestNGExecutor.run(TestNGExecutor.java:70)
	at org.apache.maven.surefire.testng.TestNGDirectoryTestSuite.executeMulti(TestNGDirectoryTestSuite.java:158)
	at org.apache.maven.surefire.testng.TestNGDirectoryTestSuite.execute(TestNGDirectoryTestSuite.java:98)
	at org.apache.maven.surefire.testng.TestNGProvider.invoke(TestNGProvider.java:111)
	at sun.reflect.NativeMethodAccessorImpl.invoke0(Native Method)
	at sun.reflect.NativeMethodAccessorImpl.invoke(NativeMethodAccessorImpl.java:57)
	at sun.reflect.DelegatingMethodAccessorImpl.invoke(DelegatingMethodAccessorImpl.java:43)
	at java.lang.reflect.Method.invoke(Method.java:606)
	at org.apache.maven.surefire.util.ReflectionUtils.invokeMethodWithArray(ReflectionUtils.java:164)
	at org.apache.maven.surefire.booter.ProviderFactory$ProviderProxy.invoke(ProviderFactory.java:110)
	at org.apache.maven.surefire.booter.SurefireStarter.invokeProvider(SurefireStarter.java:175)
	at org.apache.maven.surefire.booter.SurefireStarter.runSuitesInProcessWhenForked(SurefireStarter.java:107)
	at org.apache.maven.surefire.booter.ForkedBooter.main(ForkedBooter.java:68)
</pre></div></td>
<td>0</td>
<td>storm.starter.tools.SlidingWindowCounterTest@19a6904</td></tr>
<tr>
<td title='storm.starter.tools.SlidingWindowCounterTest.lessThanTwoSlotsShouldThrowIAE()'><b>lessThanTwoSlotsShouldThrowIAE</b><br>Test class: storm.starter.tools.SlidingWindowCounterTest<br>Parameters: -2</td>
<td><div><pre>java.lang.IllegalArgumentException: Window length in slots must be at least two (you requested -2)
	at storm.starter.tools.SlidingWindowCounter.&lt;init&gt;(SlidingWindowCounter.java:62)
	at storm.starter.tools.SlidingWindowCounterTest.lessThanTwoSlotsShouldThrowIAE(SlidingWindowCounterTest.java:22)
... Removed 34 stack frames</pre></div><a href='#' onClick='toggleBox("stack-trace18829054", this, "Click to show all stack frames", "Click to hide stack frames")'>Click to show all stack frames</a>
<div class='stack-trace' id='stack-trace18829054'><pre>java.lang.IllegalArgumentException: Window length in slots must be at least two (you requested -2)
	at storm.starter.tools.SlidingWindowCounter.&lt;init&gt;(SlidingWindowCounter.java:62)
	at storm.starter.tools.SlidingWindowCounterTest.lessThanTwoSlotsShouldThrowIAE(SlidingWindowCounterTest.java:22)
	at sun.reflect.NativeMethodAccessorImpl.invoke0(Native Method)
	at sun.reflect.NativeMethodAccessorImpl.invoke(NativeMethodAccessorImpl.java:57)
	at sun.reflect.DelegatingMethodAccessorImpl.invoke(DelegatingMethodAccessorImpl.java:43)
	at java.lang.reflect.Method.invoke(Method.java:606)
	at org.testng.internal.MethodInvocationHelper.invokeMethod(MethodInvocationHelper.java:84)
	at org.testng.internal.Invoker.invokeMethod(Invoker.java:714)
	at org.testng.internal.Invoker.invokeTestMethod(Invoker.java:901)
	at org.testng.internal.Invoker.invokeTestMethods(Invoker.java:1231)
	at org.testng.internal.TestMethodWorker.invokeTestMethods(TestMethodWorker.java:127)
	at org.testng.internal.TestMethodWorker.run(TestMethodWorker.java:111)
	at org.testng.TestRunner.privateRun(TestRunner.java:767)
	at org.testng.TestRunner.run(TestRunner.java:617)
	at org.testng.SuiteRunner.runTest(SuiteRunner.java:334)
	at org.testng.SuiteRunner.runSequentially(SuiteRunner.java:329)
	at org.testng.SuiteRunner.privateRun(SuiteRunner.java:291)
	at org.testng.SuiteRunner.run(SuiteRunner.java:240)
	at org.testng.SuiteRunnerWorker.runSuite(SuiteRunnerWorker.java:52)
	at org.testng.SuiteRunnerWorker.run(SuiteRunnerWorker.java:86)
	at org.testng.TestNG.runSuitesSequentially(TestNG.java:1224)
	at org.testng.TestNG.runSuitesLocally(TestNG.java:1149)
	at org.testng.TestNG.run(TestNG.java:1057)
	at org.apache.maven.surefire.testng.TestNGExecutor.run(TestNGExecutor.java:70)
	at org.apache.maven.surefire.testng.TestNGDirectoryTestSuite.executeMulti(TestNGDirectoryTestSuite.java:158)
	at org.apache.maven.surefire.testng.TestNGDirectoryTestSuite.execute(TestNGDirectoryTestSuite.java:98)
	at org.apache.maven.surefire.testng.TestNGProvider.invoke(TestNGProvider.java:111)
	at sun.reflect.NativeMethodAccessorImpl.invoke0(Native Method)
	at sun.reflect.NativeMethodAccessorImpl.invoke(NativeMethodAccessorImpl.java:57)
	at sun.reflect.DelegatingMethodAccessorImpl.invoke(DelegatingMethodAccessorImpl.java:43)
	at java.lang.reflect.Method.invoke(Method.java:606)
	at org.apache.maven.surefire.util.ReflectionUtils.invokeMethodWithArray(ReflectionUtils.java:164)
	at org.apache.maven.surefire.booter.ProviderFactory$ProviderProxy.invoke(ProviderFactory.java:110)
	at org.apache.maven.surefire.booter.SurefireStarter.invokeProvider(SurefireStarter.java:175)
	at org.apache.maven.surefire.booter.SurefireStarter.runSuitesInProcessWhenForked(SurefireStarter.java:107)
	at org.apache.maven.surefire.booter.ForkedBooter.main(ForkedBooter.java:68)
</pre></div></td>
<td>0</td>
<td>storm.starter.tools.SlidingWindowCounterTest@19a6904</td></tr>
<tr>
<td title='storm.starter.tools.SlidingWindowCounterTest.lessThanTwoSlotsShouldThrowIAE()'><b>lessThanTwoSlotsShouldThrowIAE</b><br>Test class: storm.starter.tools.SlidingWindowCounterTest<br>Parameters: -1</td>
<td><div><pre>java.lang.IllegalArgumentException: Window length in slots must be at least two (you requested -1)
	at storm.starter.tools.SlidingWindowCounter.&lt;init&gt;(SlidingWindowCounter.java:62)
	at storm.starter.tools.SlidingWindowCounterTest.lessThanTwoSlotsShouldThrowIAE(SlidingWindowCounterTest.java:22)
... Removed 34 stack frames</pre></div><a href='#' onClick='toggleBox("stack-trace8065947", this, "Click to show all stack frames", "Click to hide stack frames")'>Click to show all stack frames</a>
<div class='stack-trace' id='stack-trace8065947'><pre>java.lang.IllegalArgumentException: Window length in slots must be at least two (you requested -1)
	at storm.starter.tools.SlidingWindowCounter.&lt;init&gt;(SlidingWindowCounter.java:62)
	at storm.starter.tools.SlidingWindowCounterTest.lessThanTwoSlotsShouldThrowIAE(SlidingWindowCounterTest.java:22)
	at sun.reflect.NativeMethodAccessorImpl.invoke0(Native Method)
	at sun.reflect.NativeMethodAccessorImpl.invoke(NativeMethodAccessorImpl.java:57)
	at sun.reflect.DelegatingMethodAccessorImpl.invoke(DelegatingMethodAccessorImpl.java:43)
	at java.lang.reflect.Method.invoke(Method.java:606)
	at org.testng.internal.MethodInvocationHelper.invokeMethod(MethodInvocationHelper.java:84)
	at org.testng.internal.Invoker.invokeMethod(Invoker.java:714)
	at org.testng.internal.Invoker.invokeTestMethod(Invoker.java:901)
	at org.testng.internal.Invoker.invokeTestMethods(Invoker.java:1231)
	at org.testng.internal.TestMethodWorker.invokeTestMethods(TestMethodWorker.java:127)
	at org.testng.internal.TestMethodWorker.run(TestMethodWorker.java:111)
	at org.testng.TestRunner.privateRun(TestRunner.java:767)
	at org.testng.TestRunner.run(TestRunner.java:617)
	at org.testng.SuiteRunner.runTest(SuiteRunner.java:334)
	at org.testng.SuiteRunner.runSequentially(SuiteRunner.java:329)
	at org.testng.SuiteRunner.privateRun(SuiteRunner.java:291)
	at org.testng.SuiteRunner.run(SuiteRunner.java:240)
	at org.testng.SuiteRunnerWorker.runSuite(SuiteRunnerWorker.java:52)
	at org.testng.SuiteRunnerWorker.run(SuiteRunnerWorker.java:86)
	at org.testng.TestNG.runSuitesSequentially(TestNG.java:1224)
	at org.testng.TestNG.runSuitesLocally(TestNG.java:1149)
	at org.testng.TestNG.run(TestNG.java:1057)
	at org.apache.maven.surefire.testng.TestNGExecutor.run(TestNGExecutor.java:70)
	at org.apache.maven.surefire.testng.TestNGDirectoryTestSuite.executeMulti(TestNGDirectoryTestSuite.java:158)
	at org.apache.maven.surefire.testng.TestNGDirectoryTestSuite.execute(TestNGDirectoryTestSuite.java:98)
	at org.apache.maven.surefire.testng.TestNGProvider.invoke(TestNGProvider.java:111)
	at sun.reflect.NativeMethodAccessorImpl.invoke0(Native Method)
	at sun.reflect.NativeMethodAccessorImpl.invoke(NativeMethodAccessorImpl.java:57)
	at sun.reflect.DelegatingMethodAccessorImpl.invoke(DelegatingMethodAccessorImpl.java:43)
	at java.lang.reflect.Method.invoke(Method.java:606)
	at org.apache.maven.surefire.util.ReflectionUtils.invokeMethodWithArray(ReflectionUtils.java:164)
	at org.apache.maven.surefire.booter.ProviderFactory$ProviderProxy.invoke(ProviderFactory.java:110)
	at org.apache.maven.surefire.booter.SurefireStarter.invokeProvider(SurefireStarter.java:175)
	at org.apache.maven.surefire.booter.SurefireStarter.runSuitesInProcessWhenForked(SurefireStarter.java:107)
	at org.apache.maven.surefire.booter.ForkedBooter.main(ForkedBooter.java:68)
</pre></div></td>
<td>0</td>
<td>storm.starter.tools.SlidingWindowCounterTest@19a6904</td></tr>
<tr>
<td title='storm.starter.tools.SlidingWindowCounterTest.lessThanTwoSlotsShouldThrowIAE()'><b>lessThanTwoSlotsShouldThrowIAE</b><br>Test class: storm.starter.tools.SlidingWindowCounterTest<br>Parameters: 0</td>
<td><div><pre>java.lang.IllegalArgumentException: Window length in slots must be at least two (you requested 0)
	at storm.starter.tools.SlidingWindowCounter.&lt;init&gt;(SlidingWindowCounter.java:62)
	at storm.starter.tools.SlidingWindowCounterTest.lessThanTwoSlotsShouldThrowIAE(SlidingWindowCounterTest.java:22)
... Removed 34 stack frames</pre></div><a href='#' onClick='toggleBox("stack-trace4470739", this, "Click to show all stack frames", "Click to hide stack frames")'>Click to show all stack frames</a>
<div class='stack-trace' id='stack-trace4470739'><pre>java.lang.IllegalArgumentException: Window length in slots must be at least two (you requested 0)
	at storm.starter.tools.SlidingWindowCounter.&lt;init&gt;(SlidingWindowCounter.java:62)
	at storm.starter.tools.SlidingWindowCounterTest.lessThanTwoSlotsShouldThrowIAE(SlidingWindowCounterTest.java:22)
	at sun.reflect.NativeMethodAccessorImpl.invoke0(Native Method)
	at sun.reflect.NativeMethodAccessorImpl.invoke(NativeMethodAccessorImpl.java:57)
	at sun.reflect.DelegatingMethodAccessorImpl.invoke(DelegatingMethodAccessorImpl.java:43)
	at java.lang.reflect.Method.invoke(Method.java:606)
	at org.testng.internal.MethodInvocationHelper.invokeMethod(MethodInvocationHelper.java:84)
	at org.testng.internal.Invoker.invokeMethod(Invoker.java:714)
	at org.testng.internal.Invoker.invokeTestMethod(Invoker.java:901)
	at org.testng.internal.Invoker.invokeTestMethods(Invoker.java:1231)
	at org.testng.internal.TestMethodWorker.invokeTestMethods(TestMethodWorker.java:127)
	at org.testng.internal.TestMethodWorker.run(TestMethodWorker.java:111)
	at org.testng.TestRunner.privateRun(TestRunner.java:767)
	at org.testng.TestRunner.run(TestRunner.java:617)
	at org.testng.SuiteRunner.runTest(SuiteRunner.java:334)
	at org.testng.SuiteRunner.runSequentially(SuiteRunner.java:329)
	at org.testng.SuiteRunner.privateRun(SuiteRunner.java:291)
	at org.testng.SuiteRunner.run(SuiteRunner.java:240)
	at org.testng.SuiteRunnerWorker.runSuite(SuiteRunnerWorker.java:52)
	at org.testng.SuiteRunnerWorker.run(SuiteRunnerWorker.java:86)
	at org.testng.TestNG.runSuitesSequentially(TestNG.java:1224)
	at org.testng.TestNG.runSuitesLocally(TestNG.java:1149)
	at org.testng.TestNG.run(TestNG.java:1057)
	at org.apache.maven.surefire.testng.TestNGExecutor.run(TestNGExecutor.java:70)
	at org.apache.maven.surefire.testng.TestNGDirectoryTestSuite.executeMulti(TestNGDirectoryTestSuite.java:158)
	at org.apache.maven.surefire.testng.TestNGDirectoryTestSuite.execute(TestNGDirectoryTestSuite.java:98)
	at org.apache.maven.surefire.testng.TestNGProvider.invoke(TestNGProvider.java:111)
	at sun.reflect.NativeMethodAccessorImpl.invoke0(Native Method)
	at sun.reflect.NativeMethodAccessorImpl.invoke(NativeMethodAccessorImpl.java:57)
	at sun.reflect.DelegatingMethodAccessorImpl.invoke(DelegatingMethodAccessorImpl.java:43)
	at java.lang.reflect.Method.invoke(Method.java:606)
	at org.apache.maven.surefire.util.ReflectionUtils.invokeMethodWithArray(ReflectionUtils.java:164)
	at org.apache.maven.surefire.booter.ProviderFactory$ProviderProxy.invoke(ProviderFactory.java:110)
	at org.apache.maven.surefire.booter.SurefireStarter.invokeProvider(SurefireStarter.java:175)
	at org.apache.maven.surefire.booter.SurefireStarter.runSuitesInProcessWhenForked(SurefireStarter.java:107)
	at org.apache.maven.surefire.booter.ForkedBooter.main(ForkedBooter.java:68)
</pre></div></td>
<td>0</td>
<td>storm.starter.tools.SlidingWindowCounterTest@19a6904</td></tr>
<tr>
<td title='storm.starter.tools.SlidingWindowCounterTest.lessThanTwoSlotsShouldThrowIAE()'><b>lessThanTwoSlotsShouldThrowIAE</b><br>Test class: storm.starter.tools.SlidingWindowCounterTest<br>Parameters: 1</td>
<td><div><pre>java.lang.IllegalArgumentException: Window length in slots must be at least two (you requested 1)
	at storm.starter.tools.SlidingWindowCounter.&lt;init&gt;(SlidingWindowCounter.java:62)
	at storm.starter.tools.SlidingWindowCounterTest.lessThanTwoSlotsShouldThrowIAE(SlidingWindowCounterTest.java:22)
... Removed 34 stack frames</pre></div><a href='#' onClick='toggleBox("stack-trace11338735", this, "Click to show all stack frames", "Click to hide stack frames")'>Click to show all stack frames</a>
<div class='stack-trace' id='stack-trace11338735'><pre>java.lang.IllegalArgumentException: Window length in slots must be at least two (you requested 1)
	at storm.starter.tools.SlidingWindowCounter.&lt;init&gt;(SlidingWindowCounter.java:62)
	at storm.starter.tools.SlidingWindowCounterTest.lessThanTwoSlotsShouldThrowIAE(SlidingWindowCounterTest.java:22)
	at sun.reflect.NativeMethodAccessorImpl.invoke0(Native Method)
	at sun.reflect.NativeMethodAccessorImpl.invoke(NativeMethodAccessorImpl.java:57)
	at sun.reflect.DelegatingMethodAccessorImpl.invoke(DelegatingMethodAccessorImpl.java:43)
	at java.lang.reflect.Method.invoke(Method.java:606)
	at org.testng.internal.MethodInvocationHelper.invokeMethod(MethodInvocationHelper.java:84)
	at org.testng.internal.Invoker.invokeMethod(Invoker.java:714)
	at org.testng.internal.Invoker.invokeTestMethod(Invoker.java:901)
	at org.testng.internal.Invoker.invokeTestMethods(Invoker.java:1231)
	at org.testng.internal.TestMethodWorker.invokeTestMethods(TestMethodWorker.java:127)
	at org.testng.internal.TestMethodWorker.run(TestMethodWorker.java:111)
	at org.testng.TestRunner.privateRun(TestRunner.java:767)
	at org.testng.TestRunner.run(TestRunner.java:617)
	at org.testng.SuiteRunner.runTest(SuiteRunner.java:334)
	at org.testng.SuiteRunner.runSequentially(SuiteRunner.java:329)
	at org.testng.SuiteRunner.privateRun(SuiteRunner.java:291)
	at org.testng.SuiteRunner.run(SuiteRunner.java:240)
	at org.testng.SuiteRunnerWorker.runSuite(SuiteRunnerWorker.java:52)
	at org.testng.SuiteRunnerWorker.run(SuiteRunnerWorker.java:86)
	at org.testng.TestNG.runSuitesSequentially(TestNG.java:1224)
	at org.testng.TestNG.runSuitesLocally(TestNG.java:1149)
	at org.testng.TestNG.run(TestNG.java:1057)
	at org.apache.maven.surefire.testng.TestNGExecutor.run(TestNGExecutor.java:70)
	at org.apache.maven.surefire.testng.TestNGDirectoryTestSuite.executeMulti(TestNGDirectoryTestSuite.java:158)
	at org.apache.maven.surefire.testng.TestNGDirectoryTestSuite.execute(TestNGDirectoryTestSuite.java:98)
	at org.apache.maven.surefire.testng.TestNGProvider.invoke(TestNGProvider.java:111)
	at sun.reflect.NativeMethodAccessorImpl.invoke0(Native Method)
	at sun.reflect.NativeMethodAccessorImpl.invoke(NativeMethodAccessorImpl.java:57)
	at sun.reflect.DelegatingMethodAccessorImpl.invoke(DelegatingMethodAccessorImpl.java:43)
	at java.lang.reflect.Method.invoke(Method.java:606)
	at org.apache.maven.surefire.util.ReflectionUtils.invokeMethodWithArray(ReflectionUtils.java:164)
	at org.apache.maven.surefire.booter.ProviderFactory$ProviderProxy.invoke(ProviderFactory.java:110)
	at org.apache.maven.surefire.booter.SurefireStarter.invokeProvider(SurefireStarter.java:175)
	at org.apache.maven.surefire.booter.SurefireStarter.runSuitesInProcessWhenForked(SurefireStarter.java:107)
	at org.apache.maven.surefire.booter.ForkedBooter.main(ForkedBooter.java:68)
</pre></div></td>
<td>0</td>
<td>storm.starter.tools.SlidingWindowCounterTest@19a6904</td></tr>
<tr>
<td title='storm.starter.bolt.IntermediateRankingsBoltTest.negativeOrZeroEmitFrequencyShouldThrowIAE()'><b>negativeOrZeroEmitFrequencyShouldThrowIAE</b><br>Test class: storm.starter.bolt.IntermediateRankingsBoltTest<br>Parameters: -10</td>
<td><div><pre>java.lang.IllegalArgumentException: The emit frequency must be &gt;= 1 seconds (you requested -10 seconds)
	at storm.starter.bolt.AbstractRankerBolt.&lt;init&gt;(AbstractRankerBolt.java:47)
	at storm.starter.bolt.IntermediateRankingsBolt.&lt;init&gt;(IntermediateRankingsBolt.java:28)
	at storm.starter.bolt.IntermediateRankingsBoltTest.negativeOrZeroEmitFrequencyShouldThrowIAE(IntermediateRankingsBoltTest.java:51)
... Removed 34 stack frames</pre></div><a href='#' onClick='toggleBox("stack-trace17183896", this, "Click to show all stack frames", "Click to hide stack frames")'>Click to show all stack frames</a>
<div class='stack-trace' id='stack-trace17183896'><pre>java.lang.IllegalArgumentException: The emit frequency must be &gt;= 1 seconds (you requested -10 seconds)
	at storm.starter.bolt.AbstractRankerBolt.&lt;init&gt;(AbstractRankerBolt.java:47)
	at storm.starter.bolt.IntermediateRankingsBolt.&lt;init&gt;(IntermediateRankingsBolt.java:28)
	at storm.starter.bolt.IntermediateRankingsBoltTest.negativeOrZeroEmitFrequencyShouldThrowIAE(IntermediateRankingsBoltTest.java:51)
	at sun.reflect.NativeMethodAccessorImpl.invoke0(Native Method)
	at sun.reflect.NativeMethodAccessorImpl.invoke(NativeMethodAccessorImpl.java:57)
	at sun.reflect.DelegatingMethodAccessorImpl.invoke(DelegatingMethodAccessorImpl.java:43)
	at java.lang.reflect.Method.invoke(Method.java:606)
	at org.testng.internal.MethodInvocationHelper.invokeMethod(MethodInvocationHelper.java:84)
	at org.testng.internal.Invoker.invokeMethod(Invoker.java:714)
	at org.testng.internal.Invoker.invokeTestMethod(Invoker.java:901)
	at org.testng.internal.Invoker.invokeTestMethods(Invoker.java:1231)
	at org.testng.internal.TestMethodWorker.invokeTestMethods(TestMethodWorker.java:127)
	at org.testng.internal.TestMethodWorker.run(TestMethodWorker.java:111)
	at org.testng.TestRunner.privateRun(TestRunner.java:767)
	at org.testng.TestRunner.run(TestRunner.java:617)
	at org.testng.SuiteRunner.runTest(SuiteRunner.java:334)
	at org.testng.SuiteRunner.runSequentially(SuiteRunner.java:329)
	at org.testng.SuiteRunner.privateRun(SuiteRunner.java:291)
	at org.testng.SuiteRunner.run(SuiteRunner.java:240)
	at org.testng.SuiteRunnerWorker.runSuite(SuiteRunnerWorker.java:52)
	at org.testng.SuiteRunnerWorker.run(SuiteRunnerWorker.java:86)
	at org.testng.TestNG.runSuitesSequentially(TestNG.java:1224)
	at org.testng.TestNG.runSuitesLocally(TestNG.java:1149)
	at org.testng.TestNG.run(TestNG.java:1057)
	at org.apache.maven.surefire.testng.TestNGExecutor.run(TestNGExecutor.java:70)
	at org.apache.maven.surefire.testng.TestNGDirectoryTestSuite.executeMulti(TestNGDirectoryTestSuite.java:158)
	at org.apache.maven.surefire.testng.TestNGDirectoryTestSuite.execute(TestNGDirectoryTestSuite.java:98)
	at org.apache.maven.surefire.testng.TestNGProvider.invoke(TestNGProvider.java:111)
	at sun.reflect.NativeMethodAccessorImpl.invoke0(Native Method)
	at sun.reflect.NativeMethodAccessorImpl.invoke(NativeMethodAccessorImpl.java:57)
	at sun.reflect.DelegatingMethodAccessorImpl.invoke(DelegatingMethodAccessorImpl.java:43)
	at java.lang.reflect.Method.invoke(Method.java:606)
	at org.apache.maven.surefire.util.ReflectionUtils.invokeMethodWithArray(ReflectionUtils.java:164)
	at org.apache.maven.surefire.booter.ProviderFactory$ProviderProxy.invoke(ProviderFactory.java:110)
	at org.apache.maven.surefire.booter.SurefireStarter.invokeProvider(SurefireStarter.java:175)
	at org.apache.maven.surefire.booter.SurefireStarter.runSuitesInProcessWhenForked(SurefireStarter.java:107)
	at org.apache.maven.surefire.booter.ForkedBooter.main(ForkedBooter.java:68)
</pre></div></td>
<td>0</td>
<td>storm.starter.bolt.IntermediateRankingsBoltTest@778a5d</td></tr>
<tr>
<td title='storm.starter.bolt.IntermediateRankingsBoltTest.negativeOrZeroEmitFrequencyShouldThrowIAE()'><b>negativeOrZeroEmitFrequencyShouldThrowIAE</b><br>Test class: storm.starter.bolt.IntermediateRankingsBoltTest<br>Parameters: -3</td>
<td><div><pre>java.lang.IllegalArgumentException: The emit frequency must be &gt;= 1 seconds (you requested -3 seconds)
	at storm.starter.bolt.AbstractRankerBolt.&lt;init&gt;(AbstractRankerBolt.java:47)
	at storm.starter.bolt.IntermediateRankingsBolt.&lt;init&gt;(IntermediateRankingsBolt.java:28)
	at storm.starter.bolt.IntermediateRankingsBoltTest.negativeOrZeroEmitFrequencyShouldThrowIAE(IntermediateRankingsBoltTest.java:51)
... Removed 34 stack frames</pre></div><a href='#' onClick='toggleBox("stack-trace6751598", this, "Click to show all stack frames", "Click to hide stack frames")'>Click to show all stack frames</a>
<div class='stack-trace' id='stack-trace6751598'><pre>java.lang.IllegalArgumentException: The emit frequency must be &gt;= 1 seconds (you requested -3 seconds)
	at storm.starter.bolt.AbstractRankerBolt.&lt;init&gt;(AbstractRankerBolt.java:47)
	at storm.starter.bolt.IntermediateRankingsBolt.&lt;init&gt;(IntermediateRankingsBolt.java:28)
	at storm.starter.bolt.IntermediateRankingsBoltTest.negativeOrZeroEmitFrequencyShouldThrowIAE(IntermediateRankingsBoltTest.java:51)
	at sun.reflect.NativeMethodAccessorImpl.invoke0(Native Method)
	at sun.reflect.NativeMethodAccessorImpl.invoke(NativeMethodAccessorImpl.java:57)
	at sun.reflect.DelegatingMethodAccessorImpl.invoke(DelegatingMethodAccessorImpl.java:43)
	at java.lang.reflect.Method.invoke(Method.java:606)
	at org.testng.internal.MethodInvocationHelper.invokeMethod(MethodInvocationHelper.java:84)
	at org.testng.internal.Invoker.invokeMethod(Invoker.java:714)
	at org.testng.internal.Invoker.invokeTestMethod(Invoker.java:901)
	at org.testng.internal.Invoker.invokeTestMethods(Invoker.java:1231)
	at org.testng.internal.TestMethodWorker.invokeTestMethods(TestMethodWorker.java:127)
	at org.testng.internal.TestMethodWorker.run(TestMethodWorker.java:111)
	at org.testng.TestRunner.privateRun(TestRunner.java:767)
	at org.testng.TestRunner.run(TestRunner.java:617)
	at org.testng.SuiteRunner.runTest(SuiteRunner.java:334)
	at org.testng.SuiteRunner.runSequentially(SuiteRunner.java:329)
	at org.testng.SuiteRunner.privateRun(SuiteRunner.java:291)
	at org.testng.SuiteRunner.run(SuiteRunner.java:240)
	at org.testng.SuiteRunnerWorker.runSuite(SuiteRunnerWorker.java:52)
	at org.testng.SuiteRunnerWorker.run(SuiteRunnerWorker.java:86)
	at org.testng.TestNG.runSuitesSequentially(TestNG.java:1224)
	at org.testng.TestNG.runSuitesLocally(TestNG.java:1149)
	at org.testng.TestNG.run(TestNG.java:1057)
	at org.apache.maven.surefire.testng.TestNGExecutor.run(TestNGExecutor.java:70)
	at org.apache.maven.surefire.testng.TestNGDirectoryTestSuite.executeMulti(TestNGDirectoryTestSuite.java:158)
	at org.apache.maven.surefire.testng.TestNGDirectoryTestSuite.execute(TestNGDirectoryTestSuite.java:98)
	at org.apache.maven.surefire.testng.TestNGProvider.invoke(TestNGProvider.java:111)
	at sun.reflect.NativeMethodAccessorImpl.invoke0(Native Method)
	at sun.reflect.NativeMethodAccessorImpl.invoke(NativeMethodAccessorImpl.java:57)
	at sun.reflect.DelegatingMethodAccessorImpl.invoke(DelegatingMethodAccessorImpl.java:43)
	at java.lang.reflect.Method.invoke(Method.java:606)
	at org.apache.maven.surefire.util.ReflectionUtils.invokeMethodWithArray(ReflectionUtils.java:164)
	at org.apache.maven.surefire.booter.ProviderFactory$ProviderProxy.invoke(ProviderFactory.java:110)
	at org.apache.maven.surefire.booter.SurefireStarter.invokeProvider(SurefireStarter.java:175)
	at org.apache.maven.surefire.booter.SurefireStarter.runSuitesInProcessWhenForked(SurefireStarter.java:107)
	at org.apache.maven.surefire.booter.ForkedBooter.main(ForkedBooter.java:68)
</pre></div></td>
<td>0</td>
<td>storm.starter.bolt.IntermediateRankingsBoltTest@778a5d</td></tr>
<tr>
<td title='storm.starter.bolt.IntermediateRankingsBoltTest.negativeOrZeroEmitFrequencyShouldThrowIAE()'><b>negativeOrZeroEmitFrequencyShouldThrowIAE</b><br>Test class: storm.starter.bolt.IntermediateRankingsBoltTest<br>Parameters: -2</td>
<td><div><pre>java.lang.IllegalArgumentException: The emit frequency must be &gt;= 1 seconds (you requested -2 seconds)
	at storm.starter.bolt.AbstractRankerBolt.&lt;init&gt;(AbstractRankerBolt.java:47)
	at storm.starter.bolt.IntermediateRankingsBolt.&lt;init&gt;(IntermediateRankingsBolt.java:28)
	at storm.starter.bolt.IntermediateRankingsBoltTest.negativeOrZeroEmitFrequencyShouldThrowIAE(IntermediateRankingsBoltTest.java:51)
... Removed 34 stack frames</pre></div><a href='#' onClick='toggleBox("stack-trace26575672", this, "Click to show all stack frames", "Click to hide stack frames")'>Click to show all stack frames</a>
<div class='stack-trace' id='stack-trace26575672'><pre>java.lang.IllegalArgumentException: The emit frequency must be &gt;= 1 seconds (you requested -2 seconds)
	at storm.starter.bolt.AbstractRankerBolt.&lt;init&gt;(AbstractRankerBolt.java:47)
	at storm.starter.bolt.IntermediateRankingsBolt.&lt;init&gt;(IntermediateRankingsBolt.java:28)
	at storm.starter.bolt.IntermediateRankingsBoltTest.negativeOrZeroEmitFrequencyShouldThrowIAE(IntermediateRankingsBoltTest.java:51)
	at sun.reflect.NativeMethodAccessorImpl.invoke0(Native Method)
	at sun.reflect.NativeMethodAccessorImpl.invoke(NativeMethodAccessorImpl.java:57)
	at sun.reflect.DelegatingMethodAccessorImpl.invoke(DelegatingMethodAccessorImpl.java:43)
	at java.lang.reflect.Method.invoke(Method.java:606)
	at org.testng.internal.MethodInvocationHelper.invokeMethod(MethodInvocationHelper.java:84)
	at org.testng.internal.Invoker.invokeMethod(Invoker.java:714)
	at org.testng.internal.Invoker.invokeTestMethod(Invoker.java:901)
	at org.testng.internal.Invoker.invokeTestMethods(Invoker.java:1231)
	at org.testng.internal.TestMethodWorker.invokeTestMethods(TestMethodWorker.java:127)
	at org.testng.internal.TestMethodWorker.run(TestMethodWorker.java:111)
	at org.testng.TestRunner.privateRun(TestRunner.java:767)
	at org.testng.TestRunner.run(TestRunner.java:617)
	at org.testng.SuiteRunner.runTest(SuiteRunner.java:334)
	at org.testng.SuiteRunner.runSequentially(SuiteRunner.java:329)
	at org.testng.SuiteRunner.privateRun(SuiteRunner.java:291)
	at org.testng.SuiteRunner.run(SuiteRunner.java:240)
	at org.testng.SuiteRunnerWorker.runSuite(SuiteRunnerWorker.java:52)
	at org.testng.SuiteRunnerWorker.run(SuiteRunnerWorker.java:86)
	at org.testng.TestNG.runSuitesSequentially(TestNG.java:1224)
	at org.testng.TestNG.runSuitesLocally(TestNG.java:1149)
	at org.testng.TestNG.run(TestNG.java:1057)
	at org.apache.maven.surefire.testng.TestNGExecutor.run(TestNGExecutor.java:70)
	at org.apache.maven.surefire.testng.TestNGDirectoryTestSuite.executeMulti(TestNGDirectoryTestSuite.java:158)
	at org.apache.maven.surefire.testng.TestNGDirectoryTestSuite.execute(TestNGDirectoryTestSuite.java:98)
	at org.apache.maven.surefire.testng.TestNGProvider.invoke(TestNGProvider.java:111)
	at sun.reflect.NativeMethodAccessorImpl.invoke0(Native Method)
	at sun.reflect.NativeMethodAccessorImpl.invoke(NativeMethodAccessorImpl.java:57)
	at sun.reflect.DelegatingMethodAccessorImpl.invoke(DelegatingMethodAccessorImpl.java:43)
	at java.lang.reflect.Method.invoke(Method.java:606)
	at org.apache.maven.surefire.util.ReflectionUtils.invokeMethodWithArray(ReflectionUtils.java:164)
	at org.apache.maven.surefire.booter.ProviderFactory$ProviderProxy.invoke(ProviderFactory.java:110)
	at org.apache.maven.surefire.booter.SurefireStarter.invokeProvider(SurefireStarter.java:175)
	at org.apache.maven.surefire.booter.SurefireStarter.runSuitesInProcessWhenForked(SurefireStarter.java:107)
	at org.apache.maven.surefire.booter.ForkedBooter.main(ForkedBooter.java:68)
</pre></div></td>
<td>0</td>
<td>storm.starter.bolt.IntermediateRankingsBoltTest@778a5d</td></tr>
<tr>
<td title='storm.starter.bolt.IntermediateRankingsBoltTest.negativeOrZeroEmitFrequencyShouldThrowIAE()'><b>negativeOrZeroEmitFrequencyShouldThrowIAE</b><br>Test class: storm.starter.bolt.IntermediateRankingsBoltTest<br>Parameters: -1</td>
<td><div><pre>java.lang.IllegalArgumentException: The emit frequency must be &gt;= 1 seconds (you requested -1 seconds)
	at storm.starter.bolt.AbstractRankerBolt.&lt;init&gt;(AbstractRankerBolt.java:47)
	at storm.starter.bolt.IntermediateRankingsBolt.&lt;init&gt;(IntermediateRankingsBolt.java:28)
	at storm.starter.bolt.IntermediateRankingsBoltTest.negativeOrZeroEmitFrequencyShouldThrowIAE(IntermediateRankingsBoltTest.java:51)
... Removed 34 stack frames</pre></div><a href='#' onClick='toggleBox("stack-trace14290653", this, "Click to show all stack frames", "Click to hide stack frames")'>Click to show all stack frames</a>
<div class='stack-trace' id='stack-trace14290653'><pre>java.lang.IllegalArgumentException: The emit frequency must be &gt;= 1 seconds (you requested -1 seconds)
	at storm.starter.bolt.AbstractRankerBolt.&lt;init&gt;(AbstractRankerBolt.java:47)
	at storm.starter.bolt.IntermediateRankingsBolt.&lt;init&gt;(IntermediateRankingsBolt.java:28)
	at storm.starter.bolt.IntermediateRankingsBoltTest.negativeOrZeroEmitFrequencyShouldThrowIAE(IntermediateRankingsBoltTest.java:51)
	at sun.reflect.NativeMethodAccessorImpl.invoke0(Native Method)
	at sun.reflect.NativeMethodAccessorImpl.invoke(NativeMethodAccessorImpl.java:57)
	at sun.reflect.DelegatingMethodAccessorImpl.invoke(DelegatingMethodAccessorImpl.java:43)
	at java.lang.reflect.Method.invoke(Method.java:606)
	at org.testng.internal.MethodInvocationHelper.invokeMethod(MethodInvocationHelper.java:84)
	at org.testng.internal.Invoker.invokeMethod(Invoker.java:714)
	at org.testng.internal.Invoker.invokeTestMethod(Invoker.java:901)
	at org.testng.internal.Invoker.invokeTestMethods(Invoker.java:1231)
	at org.testng.internal.TestMethodWorker.invokeTestMethods(TestMethodWorker.java:127)
	at org.testng.internal.TestMethodWorker.run(TestMethodWorker.java:111)
	at org.testng.TestRunner.privateRun(TestRunner.java:767)
	at org.testng.TestRunner.run(TestRunner.java:617)
	at org.testng.SuiteRunner.runTest(SuiteRunner.java:334)
	at org.testng.SuiteRunner.runSequentially(SuiteRunner.java:329)
	at org.testng.SuiteRunner.privateRun(SuiteRunner.java:291)
	at org.testng.SuiteRunner.run(SuiteRunner.java:240)
	at org.testng.SuiteRunnerWorker.runSuite(SuiteRunnerWorker.java:52)
	at org.testng.SuiteRunnerWorker.run(SuiteRunnerWorker.java:86)
	at org.testng.TestNG.runSuitesSequentially(TestNG.java:1224)
	at org.testng.TestNG.runSuitesLocally(TestNG.java:1149)
	at org.testng.TestNG.run(TestNG.java:1057)
	at org.apache.maven.surefire.testng.TestNGExecutor.run(TestNGExecutor.java:70)
	at org.apache.maven.surefire.testng.TestNGDirectoryTestSuite.executeMulti(TestNGDirectoryTestSuite.java:158)
	at org.apache.maven.surefire.testng.TestNGDirectoryTestSuite.execute(TestNGDirectoryTestSuite.java:98)
	at org.apache.maven.surefire.testng.TestNGProvider.invoke(TestNGProvider.java:111)
	at sun.reflect.NativeMethodAccessorImpl.invoke0(Native Method)
	at sun.reflect.NativeMethodAccessorImpl.invoke(NativeMethodAccessorImpl.java:57)
	at sun.reflect.DelegatingMethodAccessorImpl.invoke(DelegatingMethodAccessorImpl.java:43)
	at java.lang.reflect.Method.invoke(Method.java:606)
	at org.apache.maven.surefire.util.ReflectionUtils.invokeMethodWithArray(ReflectionUtils.java:164)
	at org.apache.maven.surefire.booter.ProviderFactory$ProviderProxy.invoke(ProviderFactory.java:110)
	at org.apache.maven.surefire.booter.SurefireStarter.invokeProvider(SurefireStarter.java:175)
	at org.apache.maven.surefire.booter.SurefireStarter.runSuitesInProcessWhenForked(SurefireStarter.java:107)
	at org.apache.maven.surefire.booter.ForkedBooter.main(ForkedBooter.java:68)
</pre></div></td>
<td>0</td>
<td>storm.starter.bolt.IntermediateRankingsBoltTest@778a5d</td></tr>
<tr>
<td title='storm.starter.bolt.IntermediateRankingsBoltTest.negativeOrZeroEmitFrequencyShouldThrowIAE()'><b>negativeOrZeroEmitFrequencyShouldThrowIAE</b><br>Test class: storm.starter.bolt.IntermediateRankingsBoltTest<br>Parameters: 0</td>
<td><div><pre>java.lang.IllegalArgumentException: The emit frequency must be &gt;= 1 seconds (you requested 0 seconds)
	at storm.starter.bolt.AbstractRankerBolt.&lt;init&gt;(AbstractRankerBolt.java:47)
	at storm.starter.bolt.IntermediateRankingsBolt.&lt;init&gt;(IntermediateRankingsBolt.java:28)
	at storm.starter.bolt.IntermediateRankingsBoltTest.negativeOrZeroEmitFrequencyShouldThrowIAE(IntermediateRankingsBoltTest.java:51)
... Removed 34 stack frames</pre></div><a href='#' onClick='toggleBox("stack-trace396583", this, "Click to show all stack frames", "Click to hide stack frames")'>Click to show all stack frames</a>
<div class='stack-trace' id='stack-trace396583'><pre>java.lang.IllegalArgumentException: The emit frequency must be &gt;= 1 seconds (you requested 0 seconds)
	at storm.starter.bolt.AbstractRankerBolt.&lt;init&gt;(AbstractRankerBolt.java:47)
	at storm.starter.bolt.IntermediateRankingsBolt.&lt;init&gt;(IntermediateRankingsBolt.java:28)
	at storm.starter.bolt.IntermediateRankingsBoltTest.negativeOrZeroEmitFrequencyShouldThrowIAE(IntermediateRankingsBoltTest.java:51)
	at sun.reflect.NativeMethodAccessorImpl.invoke0(Native Method)
	at sun.reflect.NativeMethodAccessorImpl.invoke(NativeMethodAccessorImpl.java:57)
	at sun.reflect.DelegatingMethodAccessorImpl.invoke(DelegatingMethodAccessorImpl.java:43)
	at java.lang.reflect.Method.invoke(Method.java:606)
	at org.testng.internal.MethodInvocationHelper.invokeMethod(MethodInvocationHelper.java:84)
	at org.testng.internal.Invoker.invokeMethod(Invoker.java:714)
	at org.testng.internal.Invoker.invokeTestMethod(Invoker.java:901)
	at org.testng.internal.Invoker.invokeTestMethods(Invoker.java:1231)
	at org.testng.internal.TestMethodWorker.invokeTestMethods(TestMethodWorker.java:127)
	at org.testng.internal.TestMethodWorker.run(TestMethodWorker.java:111)
	at org.testng.TestRunner.privateRun(TestRunner.java:767)
	at org.testng.TestRunner.run(TestRunner.java:617)
	at org.testng.SuiteRunner.runTest(SuiteRunner.java:334)
	at org.testng.SuiteRunner.runSequentially(SuiteRunner.java:329)
	at org.testng.SuiteRunner.privateRun(SuiteRunner.java:291)
	at org.testng.SuiteRunner.run(SuiteRunner.java:240)
	at org.testng.SuiteRunnerWorker.runSuite(SuiteRunnerWorker.java:52)
	at org.testng.SuiteRunnerWorker.run(SuiteRunnerWorker.java:86)
	at org.testng.TestNG.runSuitesSequentially(TestNG.java:1224)
	at org.testng.TestNG.runSuitesLocally(TestNG.java:1149)
	at org.testng.TestNG.run(TestNG.java:1057)
	at org.apache.maven.surefire.testng.TestNGExecutor.run(TestNGExecutor.java:70)
	at org.apache.maven.surefire.testng.TestNGDirectoryTestSuite.executeMulti(TestNGDirectoryTestSuite.java:158)
	at org.apache.maven.surefire.testng.TestNGDirectoryTestSuite.execute(TestNGDirectoryTestSuite.java:98)
	at org.apache.maven.surefire.testng.TestNGProvider.invoke(TestNGProvider.java:111)
	at sun.reflect.NativeMethodAccessorImpl.invoke0(Native Method)
	at sun.reflect.NativeMethodAccessorImpl.invoke(NativeMethodAccessorImpl.java:57)
	at sun.reflect.DelegatingMethodAccessorImpl.invoke(DelegatingMethodAccessorImpl.java:43)
	at java.lang.reflect.Method.invoke(Method.java:606)
	at org.apache.maven.surefire.util.ReflectionUtils.invokeMethodWithArray(ReflectionUtils.java:164)
	at org.apache.maven.surefire.booter.ProviderFactory$ProviderProxy.invoke(ProviderFactory.java:110)
	at org.apache.maven.surefire.booter.SurefireStarter.invokeProvider(SurefireStarter.java:175)
	at org.apache.maven.surefire.booter.SurefireStarter.runSuitesInProcessWhenForked(SurefireStarter.java:107)
	at org.apache.maven.surefire.booter.ForkedBooter.main(ForkedBooter.java:68)
</pre></div></td>
<td>0</td>
<td>storm.starter.bolt.IntermediateRankingsBoltTest@778a5d</td></tr>
<tr>
<td title='storm.starter.bolt.TotalRankingsBoltTest.negativeOrZeroEmitFrequencyShouldThrowIAE()'><b>negativeOrZeroEmitFrequencyShouldThrowIAE</b><br>Test class: storm.starter.bolt.TotalRankingsBoltTest<br>Parameters: -10</td>
<td><div><pre>java.lang.IllegalArgumentException: The emit frequency must be &gt;= 1 seconds (you requested -10 seconds)
	at storm.starter.bolt.AbstractRankerBolt.&lt;init&gt;(AbstractRankerBolt.java:47)
	at storm.starter.bolt.TotalRankingsBolt.&lt;init&gt;(TotalRankingsBolt.java:27)
	at storm.starter.bolt.TotalRankingsBoltTest.negativeOrZeroEmitFrequencyShouldThrowIAE(TotalRankingsBoltTest.java:52)
... Removed 34 stack frames</pre></div><a href='#' onClick='toggleBox("stack-trace20451645", this, "Click to show all stack frames", "Click to hide stack frames")'>Click to show all stack frames</a>
<div class='stack-trace' id='stack-trace20451645'><pre>java.lang.IllegalArgumentException: The emit frequency must be &gt;= 1 seconds (you requested -10 seconds)
	at storm.starter.bolt.AbstractRankerBolt.&lt;init&gt;(AbstractRankerBolt.java:47)
	at storm.starter.bolt.TotalRankingsBolt.&lt;init&gt;(TotalRankingsBolt.java:27)
	at storm.starter.bolt.TotalRankingsBoltTest.negativeOrZeroEmitFrequencyShouldThrowIAE(TotalRankingsBoltTest.java:52)
	at sun.reflect.NativeMethodAccessorImpl.invoke0(Native Method)
	at sun.reflect.NativeMethodAccessorImpl.invoke(NativeMethodAccessorImpl.java:57)
	at sun.reflect.DelegatingMethodAccessorImpl.invoke(DelegatingMethodAccessorImpl.java:43)
	at java.lang.reflect.Method.invoke(Method.java:606)
	at org.testng.internal.MethodInvocationHelper.invokeMethod(MethodInvocationHelper.java:84)
	at org.testng.internal.Invoker.invokeMethod(Invoker.java:714)
	at org.testng.internal.Invoker.invokeTestMethod(Invoker.java:901)
	at org.testng.internal.Invoker.invokeTestMethods(Invoker.java:1231)
	at org.testng.internal.TestMethodWorker.invokeTestMethods(TestMethodWorker.java:127)
	at org.testng.internal.TestMethodWorker.run(TestMethodWorker.java:111)
	at org.testng.TestRunner.privateRun(TestRunner.java:767)
	at org.testng.TestRunner.run(TestRunner.java:617)
	at org.testng.SuiteRunner.runTest(SuiteRunner.java:334)
	at org.testng.SuiteRunner.runSequentially(SuiteRunner.java:329)
	at org.testng.SuiteRunner.privateRun(SuiteRunner.java:291)
	at org.testng.SuiteRunner.run(SuiteRunner.java:240)
	at org.testng.SuiteRunnerWorker.runSuite(SuiteRunnerWorker.java:52)
	at org.testng.SuiteRunnerWorker.run(SuiteRunnerWorker.java:86)
	at org.testng.TestNG.runSuitesSequentially(TestNG.java:1224)
	at org.testng.TestNG.runSuitesLocally(TestNG.java:1149)
	at org.testng.TestNG.run(TestNG.java:1057)
	at org.apache.maven.surefire.testng.TestNGExecutor.run(TestNGExecutor.java:70)
	at org.apache.maven.surefire.testng.TestNGDirectoryTestSuite.executeMulti(TestNGDirectoryTestSuite.java:158)
	at org.apache.maven.surefire.testng.TestNGDirectoryTestSuite.execute(TestNGDirectoryTestSuite.java:98)
	at org.apache.maven.surefire.testng.TestNGProvider.invoke(TestNGProvider.java:111)
	at sun.reflect.NativeMethodAccessorImpl.invoke0(Native Method)
	at sun.reflect.NativeMethodAccessorImpl.invoke(NativeMethodAccessorImpl.java:57)
	at sun.reflect.DelegatingMethodAccessorImpl.invoke(DelegatingMethodAccessorImpl.java:43)
	at java.lang.reflect.Method.invoke(Method.java:606)
	at org.apache.maven.surefire.util.ReflectionUtils.invokeMethodWithArray(ReflectionUtils.java:164)
	at org.apache.maven.surefire.booter.ProviderFactory$ProviderProxy.invoke(ProviderFactory.java:110)
	at org.apache.maven.surefire.booter.SurefireStarter.invokeProvider(SurefireStarter.java:175)
	at org.apache.maven.surefire.booter.SurefireStarter.runSuitesInProcessWhenForked(SurefireStarter.java:107)
	at org.apache.maven.surefire.booter.ForkedBooter.main(ForkedBooter.java:68)
</pre></div></td>
<td>0</td>
<td>storm.starter.bolt.TotalRankingsBoltTest@af1cf6</td></tr>
<tr>
<td title='storm.starter.bolt.TotalRankingsBoltTest.negativeOrZeroEmitFrequencyShouldThrowIAE()'><b>negativeOrZeroEmitFrequencyShouldThrowIAE</b><br>Test class: storm.starter.bolt.TotalRankingsBoltTest<br>Parameters: -3</td>
<td><div><pre>java.lang.IllegalArgumentException: The emit frequency must be &gt;= 1 seconds (you requested -3 seconds)
	at storm.starter.bolt.AbstractRankerBolt.&lt;init&gt;(AbstractRankerBolt.java:47)
	at storm.starter.bolt.TotalRankingsBolt.&lt;init&gt;(TotalRankingsBolt.java:27)
	at storm.starter.bolt.TotalRankingsBoltTest.negativeOrZeroEmitFrequencyShouldThrowIAE(TotalRankingsBoltTest.java:52)
... Removed 34 stack frames</pre></div><a href='#' onClick='toggleBox("stack-trace32756213", this, "Click to show all stack frames", "Click to hide stack frames")'>Click to show all stack frames</a>
<div class='stack-trace' id='stack-trace32756213'><pre>java.lang.IllegalArgumentException: The emit frequency must be &gt;= 1 seconds (you requested -3 seconds)
	at storm.starter.bolt.AbstractRankerBolt.&lt;init&gt;(AbstractRankerBolt.java:47)
	at storm.starter.bolt.TotalRankingsBolt.&lt;init&gt;(TotalRankingsBolt.java:27)
	at storm.starter.bolt.TotalRankingsBoltTest.negativeOrZeroEmitFrequencyShouldThrowIAE(TotalRankingsBoltTest.java:52)
	at sun.reflect.NativeMethodAccessorImpl.invoke0(Native Method)
	at sun.reflect.NativeMethodAccessorImpl.invoke(NativeMethodAccessorImpl.java:57)
	at sun.reflect.DelegatingMethodAccessorImpl.invoke(DelegatingMethodAccessorImpl.java:43)
	at java.lang.reflect.Method.invoke(Method.java:606)
	at org.testng.internal.MethodInvocationHelper.invokeMethod(MethodInvocationHelper.java:84)
	at org.testng.internal.Invoker.invokeMethod(Invoker.java:714)
	at org.testng.internal.Invoker.invokeTestMethod(Invoker.java:901)
	at org.testng.internal.Invoker.invokeTestMethods(Invoker.java:1231)
	at org.testng.internal.TestMethodWorker.invokeTestMethods(TestMethodWorker.java:127)
	at org.testng.internal.TestMethodWorker.run(TestMethodWorker.java:111)
	at org.testng.TestRunner.privateRun(TestRunner.java:767)
	at org.testng.TestRunner.run(TestRunner.java:617)
	at org.testng.SuiteRunner.runTest(SuiteRunner.java:334)
	at org.testng.SuiteRunner.runSequentially(SuiteRunner.java:329)
	at org.testng.SuiteRunner.privateRun(SuiteRunner.java:291)
	at org.testng.SuiteRunner.run(SuiteRunner.java:240)
	at org.testng.SuiteRunnerWorker.runSuite(SuiteRunnerWorker.java:52)
	at org.testng.SuiteRunnerWorker.run(SuiteRunnerWorker.java:86)
	at org.testng.TestNG.runSuitesSequentially(TestNG.java:1224)
	at org.testng.TestNG.runSuitesLocally(TestNG.java:1149)
	at org.testng.TestNG.run(TestNG.java:1057)
	at org.apache.maven.surefire.testng.TestNGExecutor.run(TestNGExecutor.java:70)
	at org.apache.maven.surefire.testng.TestNGDirectoryTestSuite.executeMulti(TestNGDirectoryTestSuite.java:158)
	at org.apache.maven.surefire.testng.TestNGDirectoryTestSuite.execute(TestNGDirectoryTestSuite.java:98)
	at org.apache.maven.surefire.testng.TestNGProvider.invoke(TestNGProvider.java:111)
	at sun.reflect.NativeMethodAccessorImpl.invoke0(Native Method)
	at sun.reflect.NativeMethodAccessorImpl.invoke(NativeMethodAccessorImpl.java:57)
	at sun.reflect.DelegatingMethodAccessorImpl.invoke(DelegatingMethodAccessorImpl.java:43)
	at java.lang.reflect.Method.invoke(Method.java:606)
	at org.apache.maven.surefire.util.ReflectionUtils.invokeMethodWithArray(ReflectionUtils.java:164)
	at org.apache.maven.surefire.booter.ProviderFactory$ProviderProxy.invoke(ProviderFactory.java:110)
	at org.apache.maven.surefire.booter.SurefireStarter.invokeProvider(SurefireStarter.java:175)
	at org.apache.maven.surefire.booter.SurefireStarter.runSuitesInProcessWhenForked(SurefireStarter.java:107)
	at org.apache.maven.surefire.booter.ForkedBooter.main(ForkedBooter.java:68)
</pre></div></td>
<td>0</td>
<td>storm.starter.bolt.TotalRankingsBoltTest@af1cf6</td></tr>
<tr>
<td title='storm.starter.bolt.TotalRankingsBoltTest.negativeOrZeroEmitFrequencyShouldThrowIAE()'><b>negativeOrZeroEmitFrequencyShouldThrowIAE</b><br>Test class: storm.starter.bolt.TotalRankingsBoltTest<br>Parameters: -2</td>
<td><div><pre>java.lang.IllegalArgumentException: The emit frequency must be &gt;= 1 seconds (you requested -2 seconds)
	at storm.starter.bolt.AbstractRankerBolt.&lt;init&gt;(AbstractRankerBolt.java:47)
	at storm.starter.bolt.TotalRankingsBolt.&lt;init&gt;(TotalRankingsBolt.java:27)
	at storm.starter.bolt.TotalRankingsBoltTest.negativeOrZeroEmitFrequencyShouldThrowIAE(TotalRankingsBoltTest.java:52)
... Removed 34 stack frames</pre></div><a href='#' onClick='toggleBox("stack-trace6120504", this, "Click to show all stack frames", "Click to hide stack frames")'>Click to show all stack frames</a>
<div class='stack-trace' id='stack-trace6120504'><pre>java.lang.IllegalArgumentException: The emit frequency must be &gt;= 1 seconds (you requested -2 seconds)
	at storm.starter.bolt.AbstractRankerBolt.&lt;init&gt;(AbstractRankerBolt.java:47)
	at storm.starter.bolt.TotalRankingsBolt.&lt;init&gt;(TotalRankingsBolt.java:27)
	at storm.starter.bolt.TotalRankingsBoltTest.negativeOrZeroEmitFrequencyShouldThrowIAE(TotalRankingsBoltTest.java:52)
	at sun.reflect.NativeMethodAccessorImpl.invoke0(Native Method)
	at sun.reflect.NativeMethodAccessorImpl.invoke(NativeMethodAccessorImpl.java:57)
	at sun.reflect.DelegatingMethodAccessorImpl.invoke(DelegatingMethodAccessorImpl.java:43)
	at java.lang.reflect.Method.invoke(Method.java:606)
	at org.testng.internal.MethodInvocationHelper.invokeMethod(MethodInvocationHelper.java:84)
	at org.testng.internal.Invoker.invokeMethod(Invoker.java:714)
	at org.testng.internal.Invoker.invokeTestMethod(Invoker.java:901)
	at org.testng.internal.Invoker.invokeTestMethods(Invoker.java:1231)
	at org.testng.internal.TestMethodWorker.invokeTestMethods(TestMethodWorker.java:127)
	at org.testng.internal.TestMethodWorker.run(TestMethodWorker.java:111)
	at org.testng.TestRunner.privateRun(TestRunner.java:767)
	at org.testng.TestRunner.run(TestRunner.java:617)
	at org.testng.SuiteRunner.runTest(SuiteRunner.java:334)
	at org.testng.SuiteRunner.runSequentially(SuiteRunner.java:329)
	at org.testng.SuiteRunner.privateRun(SuiteRunner.java:291)
	at org.testng.SuiteRunner.run(SuiteRunner.java:240)
	at org.testng.SuiteRunnerWorker.runSuite(SuiteRunnerWorker.java:52)
	at org.testng.SuiteRunnerWorker.run(SuiteRunnerWorker.java:86)
	at org.testng.TestNG.runSuitesSequentially(TestNG.java:1224)
	at org.testng.TestNG.runSuitesLocally(TestNG.java:1149)
	at org.testng.TestNG.run(TestNG.java:1057)
	at org.apache.maven.surefire.testng.TestNGExecutor.run(TestNGExecutor.java:70)
	at org.apache.maven.surefire.testng.TestNGDirectoryTestSuite.executeMulti(TestNGDirectoryTestSuite.java:158)
	at org.apache.maven.surefire.testng.TestNGDirectoryTestSuite.execute(TestNGDirectoryTestSuite.java:98)
	at org.apache.maven.surefire.testng.TestNGProvider.invoke(TestNGProvider.java:111)
	at sun.reflect.NativeMethodAccessorImpl.invoke0(Native Method)
	at sun.reflect.NativeMethodAccessorImpl.invoke(NativeMethodAccessorImpl.java:57)
	at sun.reflect.DelegatingMethodAccessorImpl.invoke(DelegatingMethodAccessorImpl.java:43)
	at java.lang.reflect.Method.invoke(Method.java:606)
	at org.apache.maven.surefire.util.ReflectionUtils.invokeMethodWithArray(ReflectionUtils.java:164)
	at org.apache.maven.surefire.booter.ProviderFactory$ProviderProxy.invoke(ProviderFactory.java:110)
	at org.apache.maven.surefire.booter.SurefireStarter.invokeProvider(SurefireStarter.java:175)
	at org.apache.maven.surefire.booter.SurefireStarter.runSuitesInProcessWhenForked(SurefireStarter.java:107)
	at org.apache.maven.surefire.booter.ForkedBooter.main(ForkedBooter.java:68)
</pre></div></td>
<td>0</td>
<td>storm.starter.bolt.TotalRankingsBoltTest@af1cf6</td></tr>
<tr>
<td title='storm.starter.bolt.TotalRankingsBoltTest.negativeOrZeroEmitFrequencyShouldThrowIAE()'><b>negativeOrZeroEmitFrequencyShouldThrowIAE</b><br>Test class: storm.starter.bolt.TotalRankingsBoltTest<br>Parameters: -1</td>
<td><div><pre>java.lang.IllegalArgumentException: The emit frequency must be &gt;= 1 seconds (you requested -1 seconds)
	at storm.starter.bolt.AbstractRankerBolt.&lt;init&gt;(AbstractRankerBolt.java:47)
	at storm.starter.bolt.TotalRankingsBolt.&lt;init&gt;(TotalRankingsBolt.java:27)
	at storm.starter.bolt.TotalRankingsBoltTest.negativeOrZeroEmitFrequencyShouldThrowIAE(TotalRankingsBoltTest.java:52)
... Removed 34 stack frames</pre></div><a href='#' onClick='toggleBox("stack-trace22981160", this, "Click to show all stack frames", "Click to hide stack frames")'>Click to show all stack frames</a>
<div class='stack-trace' id='stack-trace22981160'><pre>java.lang.IllegalArgumentException: The emit frequency must be &gt;= 1 seconds (you requested -1 seconds)
	at storm.starter.bolt.AbstractRankerBolt.&lt;init&gt;(AbstractRankerBolt.java:47)
	at storm.starter.bolt.TotalRankingsBolt.&lt;init&gt;(TotalRankingsBolt.java:27)
	at storm.starter.bolt.TotalRankingsBoltTest.negativeOrZeroEmitFrequencyShouldThrowIAE(TotalRankingsBoltTest.java:52)
	at sun.reflect.NativeMethodAccessorImpl.invoke0(Native Method)
	at sun.reflect.NativeMethodAccessorImpl.invoke(NativeMethodAccessorImpl.java:57)
	at sun.reflect.DelegatingMethodAccessorImpl.invoke(DelegatingMethodAccessorImpl.java:43)
	at java.lang.reflect.Method.invoke(Method.java:606)
	at org.testng.internal.MethodInvocationHelper.invokeMethod(MethodInvocationHelper.java:84)
	at org.testng.internal.Invoker.invokeMethod(Invoker.java:714)
	at org.testng.internal.Invoker.invokeTestMethod(Invoker.java:901)
	at org.testng.internal.Invoker.invokeTestMethods(Invoker.java:1231)
	at org.testng.internal.TestMethodWorker.invokeTestMethods(TestMethodWorker.java:127)
	at org.testng.internal.TestMethodWorker.run(TestMethodWorker.java:111)
	at org.testng.TestRunner.privateRun(TestRunner.java:767)
	at org.testng.TestRunner.run(TestRunner.java:617)
	at org.testng.SuiteRunner.runTest(SuiteRunner.java:334)
	at org.testng.SuiteRunner.runSequentially(SuiteRunner.java:329)
	at org.testng.SuiteRunner.privateRun(SuiteRunner.java:291)
	at org.testng.SuiteRunner.run(SuiteRunner.java:240)
	at org.testng.SuiteRunnerWorker.runSuite(SuiteRunnerWorker.java:52)
	at org.testng.SuiteRunnerWorker.run(SuiteRunnerWorker.java:86)
	at org.testng.TestNG.runSuitesSequentially(TestNG.java:1224)
	at org.testng.TestNG.runSuitesLocally(TestNG.java:1149)
	at org.testng.TestNG.run(TestNG.java:1057)
	at org.apache.maven.surefire.testng.TestNGExecutor.run(TestNGExecutor.java:70)
	at org.apache.maven.surefire.testng.TestNGDirectoryTestSuite.executeMulti(TestNGDirectoryTestSuite.java:158)
	at org.apache.maven.surefire.testng.TestNGDirectoryTestSuite.execute(TestNGDirectoryTestSuite.java:98)
	at org.apache.maven.surefire.testng.TestNGProvider.invoke(TestNGProvider.java:111)
	at sun.reflect.NativeMethodAccessorImpl.invoke0(Native Method)
	at sun.reflect.NativeMethodAccessorImpl.invoke(NativeMethodAccessorImpl.java:57)
	at sun.reflect.DelegatingMethodAccessorImpl.invoke(DelegatingMethodAccessorImpl.java:43)
	at java.lang.reflect.Method.invoke(Method.java:606)
	at org.apache.maven.surefire.util.ReflectionUtils.invokeMethodWithArray(ReflectionUtils.java:164)
	at org.apache.maven.surefire.booter.ProviderFactory$ProviderProxy.invoke(ProviderFactory.java:110)
	at org.apache.maven.surefire.booter.SurefireStarter.invokeProvider(SurefireStarter.java:175)
	at org.apache.maven.surefire.booter.SurefireStarter.runSuitesInProcessWhenForked(SurefireStarter.java:107)
	at org.apache.maven.surefire.booter.ForkedBooter.main(ForkedBooter.java:68)
</pre></div></td>
<td>0</td>
<td>storm.starter.bolt.TotalRankingsBoltTest@af1cf6</td></tr>
<tr>
<td title='storm.starter.bolt.TotalRankingsBoltTest.negativeOrZeroEmitFrequencyShouldThrowIAE()'><b>negativeOrZeroEmitFrequencyShouldThrowIAE</b><br>Test class: storm.starter.bolt.TotalRankingsBoltTest<br>Parameters: 0</td>
<td><div><pre>java.lang.IllegalArgumentException: The emit frequency must be &gt;= 1 seconds (you requested 0 seconds)
	at storm.starter.bolt.AbstractRankerBolt.&lt;init&gt;(AbstractRankerBolt.java:47)
	at storm.starter.bolt.TotalRankingsBolt.&lt;init&gt;(TotalRankingsBolt.java:27)
	at storm.starter.bolt.TotalRankingsBoltTest.negativeOrZeroEmitFrequencyShouldThrowIAE(TotalRankingsBoltTest.java:52)
... Removed 34 stack frames</pre></div><a href='#' onClick='toggleBox("stack-trace32848181", this, "Click to show all stack frames", "Click to hide stack frames")'>Click to show all stack frames</a>
<div class='stack-trace' id='stack-trace32848181'><pre>java.lang.IllegalArgumentException: The emit frequency must be &gt;= 1 seconds (you requested 0 seconds)
	at storm.starter.bolt.AbstractRankerBolt.&lt;init&gt;(AbstractRankerBolt.java:47)
	at storm.starter.bolt.TotalRankingsBolt.&lt;init&gt;(TotalRankingsBolt.java:27)
	at storm.starter.bolt.TotalRankingsBoltTest.negativeOrZeroEmitFrequencyShouldThrowIAE(TotalRankingsBoltTest.java:52)
	at sun.reflect.NativeMethodAccessorImpl.invoke0(Native Method)
	at sun.reflect.NativeMethodAccessorImpl.invoke(NativeMethodAccessorImpl.java:57)
	at sun.reflect.DelegatingMethodAccessorImpl.invoke(DelegatingMethodAccessorImpl.java:43)
	at java.lang.reflect.Method.invoke(Method.java:606)
	at org.testng.internal.MethodInvocationHelper.invokeMethod(MethodInvocationHelper.java:84)
	at org.testng.internal.Invoker.invokeMethod(Invoker.java:714)
	at org.testng.internal.Invoker.invokeTestMethod(Invoker.java:901)
	at org.testng.internal.Invoker.invokeTestMethods(Invoker.java:1231)
	at org.testng.internal.TestMethodWorker.invokeTestMethods(TestMethodWorker.java:127)
	at org.testng.internal.TestMethodWorker.run(TestMethodWorker.java:111)
	at org.testng.TestRunner.privateRun(TestRunner.java:767)
	at org.testng.TestRunner.run(TestRunner.java:617)
	at org.testng.SuiteRunner.runTest(SuiteRunner.java:334)
	at org.testng.SuiteRunner.runSequentially(SuiteRunner.java:329)
	at org.testng.SuiteRunner.privateRun(SuiteRunner.java:291)
	at org.testng.SuiteRunner.run(SuiteRunner.java:240)
	at org.testng.SuiteRunnerWorker.runSuite(SuiteRunnerWorker.java:52)
	at org.testng.SuiteRunnerWorker.run(SuiteRunnerWorker.java:86)
	at org.testng.TestNG.runSuitesSequentially(TestNG.java:1224)
	at org.testng.TestNG.runSuitesLocally(TestNG.java:1149)
	at org.testng.TestNG.run(TestNG.java:1057)
	at org.apache.maven.surefire.testng.TestNGExecutor.run(TestNGExecutor.java:70)
	at org.apache.maven.surefire.testng.TestNGDirectoryTestSuite.executeMulti(TestNGDirectoryTestSuite.java:158)
	at org.apache.maven.surefire.testng.TestNGDirectoryTestSuite.execute(TestNGDirectoryTestSuite.java:98)
	at org.apache.maven.surefire.testng.TestNGProvider.invoke(TestNGProvider.java:111)
	at sun.reflect.NativeMethodAccessorImpl.invoke0(Native Method)
	at sun.reflect.NativeMethodAccessorImpl.invoke(NativeMethodAccessorImpl.java:57)
	at sun.reflect.DelegatingMethodAccessorImpl.invoke(DelegatingMethodAccessorImpl.java:43)
	at java.lang.reflect.Method.invoke(Method.java:606)
	at org.apache.maven.surefire.util.ReflectionUtils.invokeMethodWithArray(ReflectionUtils.java:164)
	at org.apache.maven.surefire.booter.ProviderFactory$ProviderProxy.invoke(ProviderFactory.java:110)
	at org.apache.maven.surefire.booter.SurefireStarter.invokeProvider(SurefireStarter.java:175)
	at org.apache.maven.surefire.booter.SurefireStarter.runSuitesInProcessWhenForked(SurefireStarter.java:107)
	at org.apache.maven.surefire.booter.ForkedBooter.main(ForkedBooter.java:68)
</pre></div></td>
<td>0</td>
<td>storm.starter.bolt.TotalRankingsBoltTest@af1cf6</td></tr>
<tr>
<td title='storm.starter.tools.SlotBasedCounterTest.negativeOrZeroNumSlotsShouldThrowIAE()'><b>negativeOrZeroNumSlotsShouldThrowIAE</b><br>Test class: storm.starter.tools.SlotBasedCounterTest<br>Parameters: -10</td>
<td><div><pre>java.lang.IllegalArgumentException: Number of slots must be greater than zero (you requested -10)
	at storm.starter.tools.SlotBasedCounter.&lt;init&gt;(SlotBasedCounter.java:25)
	at storm.starter.tools.SlotBasedCounterTest.negativeOrZeroNumSlotsShouldThrowIAE(SlotBasedCounterTest.java:23)
... Removed 34 stack frames</pre></div><a href='#' onClick='toggleBox("stack-trace24950015", this, "Click to show all stack frames", "Click to hide stack frames")'>Click to show all stack frames</a>
<div class='stack-trace' id='stack-trace24950015'><pre>java.lang.IllegalArgumentException: Number of slots must be greater than zero (you requested -10)
	at storm.starter.tools.SlotBasedCounter.&lt;init&gt;(SlotBasedCounter.java:25)
	at storm.starter.tools.SlotBasedCounterTest.negativeOrZeroNumSlotsShouldThrowIAE(SlotBasedCounterTest.java:23)
	at sun.reflect.NativeMethodAccessorImpl.invoke0(Native Method)
	at sun.reflect.NativeMethodAccessorImpl.invoke(NativeMethodAccessorImpl.java:57)
	at sun.reflect.DelegatingMethodAccessorImpl.invoke(DelegatingMethodAccessorImpl.java:43)
	at java.lang.reflect.Method.invoke(Method.java:606)
	at org.testng.internal.MethodInvocationHelper.invokeMethod(MethodInvocationHelper.java:84)
	at org.testng.internal.Invoker.invokeMethod(Invoker.java:714)
	at org.testng.internal.Invoker.invokeTestMethod(Invoker.java:901)
	at org.testng.internal.Invoker.invokeTestMethods(Invoker.java:1231)
	at org.testng.internal.TestMethodWorker.invokeTestMethods(TestMethodWorker.java:127)
	at org.testng.internal.TestMethodWorker.run(TestMethodWorker.java:111)
	at org.testng.TestRunner.privateRun(TestRunner.java:767)
	at org.testng.TestRunner.run(TestRunner.java:617)
	at org.testng.SuiteRunner.runTest(SuiteRunner.java:334)
	at org.testng.SuiteRunner.runSequentially(SuiteRunner.java:329)
	at org.testng.SuiteRunner.privateRun(SuiteRunner.java:291)
	at org.testng.SuiteRunner.run(SuiteRunner.java:240)
	at org.testng.SuiteRunnerWorker.runSuite(SuiteRunnerWorker.java:52)
	at org.testng.SuiteRunnerWorker.run(SuiteRunnerWorker.java:86)
	at org.testng.TestNG.runSuitesSequentially(TestNG.java:1224)
	at org.testng.TestNG.runSuitesLocally(TestNG.java:1149)
	at org.testng.TestNG.run(TestNG.java:1057)
	at org.apache.maven.surefire.testng.TestNGExecutor.run(TestNGExecutor.java:70)
	at org.apache.maven.surefire.testng.TestNGDirectoryTestSuite.executeMulti(TestNGDirectoryTestSuite.java:158)
	at org.apache.maven.surefire.testng.TestNGDirectoryTestSuite.execute(TestNGDirectoryTestSuite.java:98)
	at org.apache.maven.surefire.testng.TestNGProvider.invoke(TestNGProvider.java:111)
	at sun.reflect.NativeMethodAccessorImpl.invoke0(Native Method)
	at sun.reflect.NativeMethodAccessorImpl.invoke(NativeMethodAccessorImpl.java:57)
	at sun.reflect.DelegatingMethodAccessorImpl.invoke(DelegatingMethodAccessorImpl.java:43)
	at java.lang.reflect.Method.invoke(Method.java:606)
	at org.apache.maven.surefire.util.ReflectionUtils.invokeMethodWithArray(ReflectionUtils.java:164)
	at org.apache.maven.surefire.booter.ProviderFactory$ProviderProxy.invoke(ProviderFactory.java:110)
	at org.apache.maven.surefire.booter.SurefireStarter.invokeProvider(SurefireStarter.java:175)
	at org.apache.maven.surefire.booter.SurefireStarter.runSuitesInProcessWhenForked(SurefireStarter.java:107)
	at org.apache.maven.surefire.booter.ForkedBooter.main(ForkedBooter.java:68)
</pre></div></td>
<td>0</td>
<td>storm.starter.tools.SlotBasedCounterTest@1ddc89</td></tr>
<tr>
<td title='storm.starter.tools.SlotBasedCounterTest.negativeOrZeroNumSlotsShouldThrowIAE()'><b>negativeOrZeroNumSlotsShouldThrowIAE</b><br>Test class: storm.starter.tools.SlotBasedCounterTest<br>Parameters: -3</td>
<td><div><pre>java.lang.IllegalArgumentException: Number of slots must be greater than zero (you requested -3)
	at storm.starter.tools.SlotBasedCounter.&lt;init&gt;(SlotBasedCounter.java:25)
	at storm.starter.tools.SlotBasedCounterTest.negativeOrZeroNumSlotsShouldThrowIAE(SlotBasedCounterTest.java:23)
... Removed 34 stack frames</pre></div><a href='#' onClick='toggleBox("stack-trace5181878", this, "Click to show all stack frames", "Click to hide stack frames")'>Click to show all stack frames</a>
<div class='stack-trace' id='stack-trace5181878'><pre>java.lang.IllegalArgumentException: Number of slots must be greater than zero (you requested -3)
	at storm.starter.tools.SlotBasedCounter.&lt;init&gt;(SlotBasedCounter.java:25)
	at storm.starter.tools.SlotBasedCounterTest.negativeOrZeroNumSlotsShouldThrowIAE(SlotBasedCounterTest.java:23)
	at sun.reflect.NativeMethodAccessorImpl.invoke0(Native Method)
	at sun.reflect.NativeMethodAccessorImpl.invoke(NativeMethodAccessorImpl.java:57)
	at sun.reflect.DelegatingMethodAccessorImpl.invoke(DelegatingMethodAccessorImpl.java:43)
	at java.lang.reflect.Method.invoke(Method.java:606)
	at org.testng.internal.MethodInvocationHelper.invokeMethod(MethodInvocationHelper.java:84)
	at org.testng.internal.Invoker.invokeMethod(Invoker.java:714)
	at org.testng.internal.Invoker.invokeTestMethod(Invoker.java:901)
	at org.testng.internal.Invoker.invokeTestMethods(Invoker.java:1231)
	at org.testng.internal.TestMethodWorker.invokeTestMethods(TestMethodWorker.java:127)
	at org.testng.internal.TestMethodWorker.run(TestMethodWorker.java:111)
	at org.testng.TestRunner.privateRun(TestRunner.java:767)
	at org.testng.TestRunner.run(TestRunner.java:617)
	at org.testng.SuiteRunner.runTest(SuiteRunner.java:334)
	at org.testng.SuiteRunner.runSequentially(SuiteRunner.java:329)
	at org.testng.SuiteRunner.privateRun(SuiteRunner.java:291)
	at org.testng.SuiteRunner.run(SuiteRunner.java:240)
	at org.testng.SuiteRunnerWorker.runSuite(SuiteRunnerWorker.java:52)
	at org.testng.SuiteRunnerWorker.run(SuiteRunnerWorker.java:86)
	at org.testng.TestNG.runSuitesSequentially(TestNG.java:1224)
	at org.testng.TestNG.runSuitesLocally(TestNG.java:1149)
	at org.testng.TestNG.run(TestNG.java:1057)
	at org.apache.maven.surefire.testng.TestNGExecutor.run(TestNGExecutor.java:70)
	at org.apache.maven.surefire.testng.TestNGDirectoryTestSuite.executeMulti(TestNGDirectoryTestSuite.java:158)
	at org.apache.maven.surefire.testng.TestNGDirectoryTestSuite.execute(TestNGDirectoryTestSuite.java:98)
	at org.apache.maven.surefire.testng.TestNGProvider.invoke(TestNGProvider.java:111)
	at sun.reflect.NativeMethodAccessorImpl.invoke0(Native Method)
	at sun.reflect.NativeMethodAccessorImpl.invoke(NativeMethodAccessorImpl.java:57)
	at sun.reflect.DelegatingMethodAccessorImpl.invoke(DelegatingMethodAccessorImpl.java:43)
	at java.lang.reflect.Method.invoke(Method.java:606)
	at org.apache.maven.surefire.util.ReflectionUtils.invokeMethodWithArray(ReflectionUtils.java:164)
	at org.apache.maven.surefire.booter.ProviderFactory$ProviderProxy.invoke(ProviderFactory.java:110)
	at org.apache.maven.surefire.booter.SurefireStarter.invokeProvider(SurefireStarter.java:175)
	at org.apache.maven.surefire.booter.SurefireStarter.runSuitesInProcessWhenForked(SurefireStarter.java:107)
	at org.apache.maven.surefire.booter.ForkedBooter.main(ForkedBooter.java:68)
</pre></div></td>
<td>0</td>
<td>storm.starter.tools.SlotBasedCounterTest@1ddc89</td></tr>
<tr>
<td title='storm.starter.tools.SlotBasedCounterTest.negativeOrZeroNumSlotsShouldThrowIAE()'><b>negativeOrZeroNumSlotsShouldThrowIAE</b><br>Test class: storm.starter.tools.SlotBasedCounterTest<br>Parameters: -2</td>
<td><div><pre>java.lang.IllegalArgumentException: Number of slots must be greater than zero (you requested -2)
	at storm.starter.tools.SlotBasedCounter.&lt;init&gt;(SlotBasedCounter.java:25)
	at storm.starter.tools.SlotBasedCounterTest.negativeOrZeroNumSlotsShouldThrowIAE(SlotBasedCounterTest.java:23)
... Removed 34 stack frames</pre></div><a href='#' onClick='toggleBox("stack-trace18073334", this, "Click to show all stack frames", "Click to hide stack frames")'>Click to show all stack frames</a>
<div class='stack-trace' id='stack-trace18073334'><pre>java.lang.IllegalArgumentException: Number of slots must be greater than zero (you requested -2)
	at storm.starter.tools.SlotBasedCounter.&lt;init&gt;(SlotBasedCounter.java:25)
	at storm.starter.tools.SlotBasedCounterTest.negativeOrZeroNumSlotsShouldThrowIAE(SlotBasedCounterTest.java:23)
	at sun.reflect.NativeMethodAccessorImpl.invoke0(Native Method)
	at sun.reflect.NativeMethodAccessorImpl.invoke(NativeMethodAccessorImpl.java:57)
	at sun.reflect.DelegatingMethodAccessorImpl.invoke(DelegatingMethodAccessorImpl.java:43)
	at java.lang.reflect.Method.invoke(Method.java:606)
	at org.testng.internal.MethodInvocationHelper.invokeMethod(MethodInvocationHelper.java:84)
	at org.testng.internal.Invoker.invokeMethod(Invoker.java:714)
	at org.testng.internal.Invoker.invokeTestMethod(Invoker.java:901)
	at org.testng.internal.Invoker.invokeTestMethods(Invoker.java:1231)
	at org.testng.internal.TestMethodWorker.invokeTestMethods(TestMethodWorker.java:127)
	at org.testng.internal.TestMethodWorker.run(TestMethodWorker.java:111)
	at org.testng.TestRunner.privateRun(TestRunner.java:767)
	at org.testng.TestRunner.run(TestRunner.java:617)
	at org.testng.SuiteRunner.runTest(SuiteRunner.java:334)
	at org.testng.SuiteRunner.runSequentially(SuiteRunner.java:329)
	at org.testng.SuiteRunner.privateRun(SuiteRunner.java:291)
	at org.testng.SuiteRunner.run(SuiteRunner.java:240)
	at org.testng.SuiteRunnerWorker.runSuite(SuiteRunnerWorker.java:52)
	at org.testng.SuiteRunnerWorker.run(SuiteRunnerWorker.java:86)
	at org.testng.TestNG.runSuitesSequentially(TestNG.java:1224)
	at org.testng.TestNG.runSuitesLocally(TestNG.java:1149)
	at org.testng.TestNG.run(TestNG.java:1057)
	at org.apache.maven.surefire.testng.TestNGExecutor.run(TestNGExecutor.java:70)
	at org.apache.maven.surefire.testng.TestNGDirectoryTestSuite.executeMulti(TestNGDirectoryTestSuite.java:158)
	at org.apache.maven.surefire.testng.TestNGDirectoryTestSuite.execute(TestNGDirectoryTestSuite.java:98)
	at org.apache.maven.surefire.testng.TestNGProvider.invoke(TestNGProvider.java:111)
	at sun.reflect.NativeMethodAccessorImpl.invoke0(Native Method)
	at sun.reflect.NativeMethodAccessorImpl.invoke(NativeMethodAccessorImpl.java:57)
	at sun.reflect.DelegatingMethodAccessorImpl.invoke(DelegatingMethodAccessorImpl.java:43)
	at java.lang.reflect.Method.invoke(Method.java:606)
	at org.apache.maven.surefire.util.ReflectionUtils.invokeMethodWithArray(ReflectionUtils.java:164)
	at org.apache.maven.surefire.booter.ProviderFactory$ProviderProxy.invoke(ProviderFactory.java:110)
	at org.apache.maven.surefire.booter.SurefireStarter.invokeProvider(SurefireStarter.java:175)
	at org.apache.maven.surefire.booter.SurefireStarter.runSuitesInProcessWhenForked(SurefireStarter.java:107)
	at org.apache.maven.surefire.booter.ForkedBooter.main(ForkedBooter.java:68)
</pre></div></td>
<td>0</td>
<td>storm.starter.tools.SlotBasedCounterTest@1ddc89</td></tr>
<tr>
<td title='storm.starter.tools.SlotBasedCounterTest.negativeOrZeroNumSlotsShouldThrowIAE()'><b>negativeOrZeroNumSlotsShouldThrowIAE</b><br>Test class: storm.starter.tools.SlotBasedCounterTest<br>Parameters: -1</td>
<td><div><pre>java.lang.IllegalArgumentException: Number of slots must be greater than zero (you requested -1)
	at storm.starter.tools.SlotBasedCounter.&lt;init&gt;(SlotBasedCounter.java:25)
	at storm.starter.tools.SlotBasedCounterTest.negativeOrZeroNumSlotsShouldThrowIAE(SlotBasedCounterTest.java:23)
... Removed 34 stack frames</pre></div><a href='#' onClick='toggleBox("stack-trace23812518", this, "Click to show all stack frames", "Click to hide stack frames")'>Click to show all stack frames</a>
<div class='stack-trace' id='stack-trace23812518'><pre>java.lang.IllegalArgumentException: Number of slots must be greater than zero (you requested -1)
	at storm.starter.tools.SlotBasedCounter.&lt;init&gt;(SlotBasedCounter.java:25)
	at storm.starter.tools.SlotBasedCounterTest.negativeOrZeroNumSlotsShouldThrowIAE(SlotBasedCounterTest.java:23)
	at sun.reflect.NativeMethodAccessorImpl.invoke0(Native Method)
	at sun.reflect.NativeMethodAccessorImpl.invoke(NativeMethodAccessorImpl.java:57)
	at sun.reflect.DelegatingMethodAccessorImpl.invoke(DelegatingMethodAccessorImpl.java:43)
	at java.lang.reflect.Method.invoke(Method.java:606)
	at org.testng.internal.MethodInvocationHelper.invokeMethod(MethodInvocationHelper.java:84)
	at org.testng.internal.Invoker.invokeMethod(Invoker.java:714)
	at org.testng.internal.Invoker.invokeTestMethod(Invoker.java:901)
	at org.testng.internal.Invoker.invokeTestMethods(Invoker.java:1231)
	at org.testng.internal.TestMethodWorker.invokeTestMethods(TestMethodWorker.java:127)
	at org.testng.internal.TestMethodWorker.run(TestMethodWorker.java:111)
	at org.testng.TestRunner.privateRun(TestRunner.java:767)
	at org.testng.TestRunner.run(TestRunner.java:617)
	at org.testng.SuiteRunner.runTest(SuiteRunner.java:334)
	at org.testng.SuiteRunner.runSequentially(SuiteRunner.java:329)
	at org.testng.SuiteRunner.privateRun(SuiteRunner.java:291)
	at org.testng.SuiteRunner.run(SuiteRunner.java:240)
	at org.testng.SuiteRunnerWorker.runSuite(SuiteRunnerWorker.java:52)
	at org.testng.SuiteRunnerWorker.run(SuiteRunnerWorker.java:86)
	at org.testng.TestNG.runSuitesSequentially(TestNG.java:1224)
	at org.testng.TestNG.runSuitesLocally(TestNG.java:1149)
	at org.testng.TestNG.run(TestNG.java:1057)
	at org.apache.maven.surefire.testng.TestNGExecutor.run(TestNGExecutor.java:70)
	at org.apache.maven.surefire.testng.TestNGDirectoryTestSuite.executeMulti(TestNGDirectoryTestSuite.java:158)
	at org.apache.maven.surefire.testng.TestNGDirectoryTestSuite.execute(TestNGDirectoryTestSuite.java:98)
	at org.apache.maven.surefire.testng.TestNGProvider.invoke(TestNGProvider.java:111)
	at sun.reflect.NativeMethodAccessorImpl.invoke0(Native Method)
	at sun.reflect.NativeMethodAccessorImpl.invoke(NativeMethodAccessorImpl.java:57)
	at sun.reflect.DelegatingMethodAccessorImpl.invoke(DelegatingMethodAccessorImpl.java:43)
	at java.lang.reflect.Method.invoke(Method.java:606)
	at org.apache.maven.surefire.util.ReflectionUtils.invokeMethodWithArray(ReflectionUtils.java:164)
	at org.apache.maven.surefire.booter.ProviderFactory$ProviderProxy.invoke(ProviderFactory.java:110)
	at org.apache.maven.surefire.booter.SurefireStarter.invokeProvider(SurefireStarter.java:175)
	at org.apache.maven.surefire.booter.SurefireStarter.runSuitesInProcessWhenForked(SurefireStarter.java:107)
	at org.apache.maven.surefire.booter.ForkedBooter.main(ForkedBooter.java:68)
</pre></div></td>
<td>0</td>
<td>storm.starter.tools.SlotBasedCounterTest@1ddc89</td></tr>
<tr>
<td title='storm.starter.tools.SlotBasedCounterTest.negativeOrZeroNumSlotsShouldThrowIAE()'><b>negativeOrZeroNumSlotsShouldThrowIAE</b><br>Test class: storm.starter.tools.SlotBasedCounterTest<br>Parameters: 0</td>
<td><div><pre>java.lang.IllegalArgumentException: Number of slots must be greater than zero (you requested 0)
	at storm.starter.tools.SlotBasedCounter.&lt;init&gt;(SlotBasedCounter.java:25)
	at storm.starter.tools.SlotBasedCounterTest.negativeOrZeroNumSlotsShouldThrowIAE(SlotBasedCounterTest.java:23)
... Removed 34 stack frames</pre></div><a href='#' onClick='toggleBox("stack-trace13280798", this, "Click to show all stack frames", "Click to hide stack frames")'>Click to show all stack frames</a>
<div class='stack-trace' id='stack-trace13280798'><pre>java.lang.IllegalArgumentException: Number of slots must be greater than zero (you requested 0)
	at storm.starter.tools.SlotBasedCounter.&lt;init&gt;(SlotBasedCounter.java:25)
	at storm.starter.tools.SlotBasedCounterTest.negativeOrZeroNumSlotsShouldThrowIAE(SlotBasedCounterTest.java:23)
	at sun.reflect.NativeMethodAccessorImpl.invoke0(Native Method)
	at sun.reflect.NativeMethodAccessorImpl.invoke(NativeMethodAccessorImpl.java:57)
	at sun.reflect.DelegatingMethodAccessorImpl.invoke(DelegatingMethodAccessorImpl.java:43)
	at java.lang.reflect.Method.invoke(Method.java:606)
	at org.testng.internal.MethodInvocationHelper.invokeMethod(MethodInvocationHelper.java:84)
	at org.testng.internal.Invoker.invokeMethod(Invoker.java:714)
	at org.testng.internal.Invoker.invokeTestMethod(Invoker.java:901)
	at org.testng.internal.Invoker.invokeTestMethods(Invoker.java:1231)
	at org.testng.internal.TestMethodWorker.invokeTestMethods(TestMethodWorker.java:127)
	at org.testng.internal.TestMethodWorker.run(TestMethodWorker.java:111)
	at org.testng.TestRunner.privateRun(TestRunner.java:767)
	at org.testng.TestRunner.run(TestRunner.java:617)
	at org.testng.SuiteRunner.runTest(SuiteRunner.java:334)
	at org.testng.SuiteRunner.runSequentially(SuiteRunner.java:329)
	at org.testng.SuiteRunner.privateRun(SuiteRunner.java:291)
	at org.testng.SuiteRunner.run(SuiteRunner.java:240)
	at org.testng.SuiteRunnerWorker.runSuite(SuiteRunnerWorker.java:52)
	at org.testng.SuiteRunnerWorker.run(SuiteRunnerWorker.java:86)
	at org.testng.TestNG.runSuitesSequentially(TestNG.java:1224)
	at org.testng.TestNG.runSuitesLocally(TestNG.java:1149)
	at org.testng.TestNG.run(TestNG.java:1057)
	at org.apache.maven.surefire.testng.TestNGExecutor.run(TestNGExecutor.java:70)
	at org.apache.maven.surefire.testng.TestNGDirectoryTestSuite.executeMulti(TestNGDirectoryTestSuite.java:158)
	at org.apache.maven.surefire.testng.TestNGDirectoryTestSuite.execute(TestNGDirectoryTestSuite.java:98)
	at org.apache.maven.surefire.testng.TestNGProvider.invoke(TestNGProvider.java:111)
	at sun.reflect.NativeMethodAccessorImpl.invoke0(Native Method)
	at sun.reflect.NativeMethodAccessorImpl.invoke(NativeMethodAccessorImpl.java:57)
	at sun.reflect.DelegatingMethodAccessorImpl.invoke(DelegatingMethodAccessorImpl.java:43)
	at java.lang.reflect.Method.invoke(Method.java:606)
	at org.apache.maven.surefire.util.ReflectionUtils.invokeMethodWithArray(ReflectionUtils.java:164)
	at org.apache.maven.surefire.booter.ProviderFactory$ProviderProxy.invoke(ProviderFactory.java:110)
	at org.apache.maven.surefire.booter.SurefireStarter.invokeProvider(SurefireStarter.java:175)
	at org.apache.maven.surefire.booter.SurefireStarter.runSuitesInProcessWhenForked(SurefireStarter.java:107)
	at org.apache.maven.surefire.booter.ForkedBooter.main(ForkedBooter.java:68)
</pre></div></td>
<td>0</td>
<td>storm.starter.tools.SlotBasedCounterTest@1ddc89</td></tr>
<tr>
<td title='storm.starter.tools.NthLastModifiedTimeTrackerTest.negativeOrZeroNumTimesToTrackShouldThrowIAE()'><b>negativeOrZeroNumTimesToTrackShouldThrowIAE</b><br>Test class: storm.starter.tools.NthLastModifiedTimeTrackerTest<br>Parameters: -10</td>
<td><div><pre>java.lang.IllegalArgumentException: numTimesToTrack must be greater than zero (you requested -10)
	at storm.starter.tools.NthLastModifiedTimeTracker.&lt;init&gt;(NthLastModifiedTimeTracker.java:22)
	at storm.starter.tools.NthLastModifiedTimeTrackerTest.negativeOrZeroNumTimesToTrackShouldThrowIAE(NthLastModifiedTimeTrackerTest.java:21)
... Removed 34 stack frames</pre></div><a href='#' onClick='toggleBox("stack-trace25395352", this, "Click to show all stack frames", "Click to hide stack frames")'>Click to show all stack frames</a>
<div class='stack-trace' id='stack-trace25395352'><pre>java.lang.IllegalArgumentException: numTimesToTrack must be greater than zero (you requested -10)
	at storm.starter.tools.NthLastModifiedTimeTracker.&lt;init&gt;(NthLastModifiedTimeTracker.java:22)
	at storm.starter.tools.NthLastModifiedTimeTrackerTest.negativeOrZeroNumTimesToTrackShouldThrowIAE(NthLastModifiedTimeTrackerTest.java:21)
	at sun.reflect.NativeMethodAccessorImpl.invoke0(Native Method)
	at sun.reflect.NativeMethodAccessorImpl.invoke(NativeMethodAccessorImpl.java:57)
	at sun.reflect.DelegatingMethodAccessorImpl.invoke(DelegatingMethodAccessorImpl.java:43)
	at java.lang.reflect.Method.invoke(Method.java:606)
	at org.testng.internal.MethodInvocationHelper.invokeMethod(MethodInvocationHelper.java:84)
	at org.testng.internal.Invoker.invokeMethod(Invoker.java:714)
	at org.testng.internal.Invoker.invokeTestMethod(Invoker.java:901)
	at org.testng.internal.Invoker.invokeTestMethods(Invoker.java:1231)
	at org.testng.internal.TestMethodWorker.invokeTestMethods(TestMethodWorker.java:127)
	at org.testng.internal.TestMethodWorker.run(TestMethodWorker.java:111)
	at org.testng.TestRunner.privateRun(TestRunner.java:767)
	at org.testng.TestRunner.run(TestRunner.java:617)
	at org.testng.SuiteRunner.runTest(SuiteRunner.java:334)
	at org.testng.SuiteRunner.runSequentially(SuiteRunner.java:329)
	at org.testng.SuiteRunner.privateRun(SuiteRunner.java:291)
	at org.testng.SuiteRunner.run(SuiteRunner.java:240)
	at org.testng.SuiteRunnerWorker.runSuite(SuiteRunnerWorker.java:52)
	at org.testng.SuiteRunnerWorker.run(SuiteRunnerWorker.java:86)
	at org.testng.TestNG.runSuitesSequentially(TestNG.java:1224)
	at org.testng.TestNG.runSuitesLocally(TestNG.java:1149)
	at org.testng.TestNG.run(TestNG.java:1057)
	at org.apache.maven.surefire.testng.TestNGExecutor.run(TestNGExecutor.java:70)
	at org.apache.maven.surefire.testng.TestNGDirectoryTestSuite.executeMulti(TestNGDirectoryTestSuite.java:158)
	at org.apache.maven.surefire.testng.TestNGDirectoryTestSuite.execute(TestNGDirectoryTestSuite.java:98)
	at org.apache.maven.surefire.testng.TestNGProvider.invoke(TestNGProvider.java:111)
	at sun.reflect.NativeMethodAccessorImpl.invoke0(Native Method)
	at sun.reflect.NativeMethodAccessorImpl.invoke(NativeMethodAccessorImpl.java:57)
	at sun.reflect.DelegatingMethodAccessorImpl.invoke(DelegatingMethodAccessorImpl.java:43)
	at java.lang.reflect.Method.invoke(Method.java:606)
	at org.apache.maven.surefire.util.ReflectionUtils.invokeMethodWithArray(ReflectionUtils.java:164)
	at org.apache.maven.surefire.booter.ProviderFactory$ProviderProxy.invoke(ProviderFactory.java:110)
	at org.apache.maven.surefire.booter.SurefireStarter.invokeProvider(SurefireStarter.java:175)
	at org.apache.maven.surefire.booter.SurefireStarter.runSuitesInProcessWhenForked(SurefireStarter.java:107)
	at org.apache.maven.surefire.booter.ForkedBooter.main(ForkedBooter.java:68)
</pre></div></td>
<td>0</td>
<td>storm.starter.tools.NthLastModifiedTimeTrackerTest@1d37f3b</td></tr>
<tr>
<td title='storm.starter.tools.NthLastModifiedTimeTrackerTest.negativeOrZeroNumTimesToTrackShouldThrowIAE()'><b>negativeOrZeroNumTimesToTrackShouldThrowIAE</b><br>Test class: storm.starter.tools.NthLastModifiedTimeTrackerTest<br>Parameters: -3</td>
<td><div><pre>java.lang.IllegalArgumentException: numTimesToTrack must be greater than zero (you requested -3)
	at storm.starter.tools.NthLastModifiedTimeTracker.&lt;init&gt;(NthLastModifiedTimeTracker.java:22)
	at storm.starter.tools.NthLastModifiedTimeTrackerTest.negativeOrZeroNumTimesToTrackShouldThrowIAE(NthLastModifiedTimeTrackerTest.java:21)
... Removed 34 stack frames</pre></div><a href='#' onClick='toggleBox("stack-trace7310424", this, "Click to show all stack frames", "Click to hide stack frames")'>Click to show all stack frames</a>
<div class='stack-trace' id='stack-trace7310424'><pre>java.lang.IllegalArgumentException: numTimesToTrack must be greater than zero (you requested -3)
	at storm.starter.tools.NthLastModifiedTimeTracker.&lt;init&gt;(NthLastModifiedTimeTracker.java:22)
	at storm.starter.tools.NthLastModifiedTimeTrackerTest.negativeOrZeroNumTimesToTrackShouldThrowIAE(NthLastModifiedTimeTrackerTest.java:21)
	at sun.reflect.NativeMethodAccessorImpl.invoke0(Native Method)
	at sun.reflect.NativeMethodAccessorImpl.invoke(NativeMethodAccessorImpl.java:57)
	at sun.reflect.DelegatingMethodAccessorImpl.invoke(DelegatingMethodAccessorImpl.java:43)
	at java.lang.reflect.Method.invoke(Method.java:606)
	at org.testng.internal.MethodInvocationHelper.invokeMethod(MethodInvocationHelper.java:84)
	at org.testng.internal.Invoker.invokeMethod(Invoker.java:714)
	at org.testng.internal.Invoker.invokeTestMethod(Invoker.java:901)
	at org.testng.internal.Invoker.invokeTestMethods(Invoker.java:1231)
	at org.testng.internal.TestMethodWorker.invokeTestMethods(TestMethodWorker.java:127)
	at org.testng.internal.TestMethodWorker.run(TestMethodWorker.java:111)
	at org.testng.TestRunner.privateRun(TestRunner.java:767)
	at org.testng.TestRunner.run(TestRunner.java:617)
	at org.testng.SuiteRunner.runTest(SuiteRunner.java:334)
	at org.testng.SuiteRunner.runSequentially(SuiteRunner.java:329)
	at org.testng.SuiteRunner.privateRun(SuiteRunner.java:291)
	at org.testng.SuiteRunner.run(SuiteRunner.java:240)
	at org.testng.SuiteRunnerWorker.runSuite(SuiteRunnerWorker.java:52)
	at org.testng.SuiteRunnerWorker.run(SuiteRunnerWorker.java:86)
	at org.testng.TestNG.runSuitesSequentially(TestNG.java:1224)
	at org.testng.TestNG.runSuitesLocally(TestNG.java:1149)
	at org.testng.TestNG.run(TestNG.java:1057)
	at org.apache.maven.surefire.testng.TestNGExecutor.run(TestNGExecutor.java:70)
	at org.apache.maven.surefire.testng.TestNGDirectoryTestSuite.executeMulti(TestNGDirectoryTestSuite.java:158)
	at org.apache.maven.surefire.testng.TestNGDirectoryTestSuite.execute(TestNGDirectoryTestSuite.java:98)
	at org.apache.maven.surefire.testng.TestNGProvider.invoke(TestNGProvider.java:111)
	at sun.reflect.NativeMethodAccessorImpl.invoke0(Native Method)
	at sun.reflect.NativeMethodAccessorImpl.invoke(NativeMethodAccessorImpl.java:57)
	at sun.reflect.DelegatingMethodAccessorImpl.invoke(DelegatingMethodAccessorImpl.java:43)
	at java.lang.reflect.Method.invoke(Method.java:606)
	at org.apache.maven.surefire.util.ReflectionUtils.invokeMethodWithArray(ReflectionUtils.java:164)
	at org.apache.maven.surefire.booter.ProviderFactory$ProviderProxy.invoke(ProviderFactory.java:110)
	at org.apache.maven.surefire.booter.SurefireStarter.invokeProvider(SurefireStarter.java:175)
	at org.apache.maven.surefire.booter.SurefireStarter.runSuitesInProcessWhenForked(SurefireStarter.java:107)
	at org.apache.maven.surefire.booter.ForkedBooter.main(ForkedBooter.java:68)
</pre></div></td>
<td>0</td>
<td>storm.starter.tools.NthLastModifiedTimeTrackerTest@1d37f3b</td></tr>
<tr>
<td title='storm.starter.tools.NthLastModifiedTimeTrackerTest.negativeOrZeroNumTimesToTrackShouldThrowIAE()'><b>negativeOrZeroNumTimesToTrackShouldThrowIAE</b><br>Test class: storm.starter.tools.NthLastModifiedTimeTrackerTest<br>Parameters: -2</td>
<td><div><pre>java.lang.IllegalArgumentException: numTimesToTrack must be greater than zero (you requested -2)
	at storm.starter.tools.NthLastModifiedTimeTracker.&lt;init&gt;(NthLastModifiedTimeTracker.java:22)
	at storm.starter.tools.NthLastModifiedTimeTrackerTest.negativeOrZeroNumTimesToTrackShouldThrowIAE(NthLastModifiedTimeTrackerTest.java:21)
... Removed 34 stack frames</pre></div><a href='#' onClick='toggleBox("stack-trace23529076", this, "Click to show all stack frames", "Click to hide stack frames")'>Click to show all stack frames</a>
<div class='stack-trace' id='stack-trace23529076'><pre>java.lang.IllegalArgumentException: numTimesToTrack must be greater than zero (you requested -2)
	at storm.starter.tools.NthLastModifiedTimeTracker.&lt;init&gt;(NthLastModifiedTimeTracker.java:22)
	at storm.starter.tools.NthLastModifiedTimeTrackerTest.negativeOrZeroNumTimesToTrackShouldThrowIAE(NthLastModifiedTimeTrackerTest.java:21)
	at sun.reflect.NativeMethodAccessorImpl.invoke0(Native Method)
	at sun.reflect.NativeMethodAccessorImpl.invoke(NativeMethodAccessorImpl.java:57)
	at sun.reflect.DelegatingMethodAccessorImpl.invoke(DelegatingMethodAccessorImpl.java:43)
	at java.lang.reflect.Method.invoke(Method.java:606)
	at org.testng.internal.MethodInvocationHelper.invokeMethod(MethodInvocationHelper.java:84)
	at org.testng.internal.Invoker.invokeMethod(Invoker.java:714)
	at org.testng.internal.Invoker.invokeTestMethod(Invoker.java:901)
	at org.testng.internal.Invoker.invokeTestMethods(Invoker.java:1231)
	at org.testng.internal.TestMethodWorker.invokeTestMethods(TestMethodWorker.java:127)
	at org.testng.internal.TestMethodWorker.run(TestMethodWorker.java:111)
	at org.testng.TestRunner.privateRun(TestRunner.java:767)
	at org.testng.TestRunner.run(TestRunner.java:617)
	at org.testng.SuiteRunner.runTest(SuiteRunner.java:334)
	at org.testng.SuiteRunner.runSequentially(SuiteRunner.java:329)
	at org.testng.SuiteRunner.privateRun(SuiteRunner.java:291)
	at org.testng.SuiteRunner.run(SuiteRunner.java:240)
	at org.testng.SuiteRunnerWorker.runSuite(SuiteRunnerWorker.java:52)
	at org.testng.SuiteRunnerWorker.run(SuiteRunnerWorker.java:86)
	at org.testng.TestNG.runSuitesSequentially(TestNG.java:1224)
	at org.testng.TestNG.runSuitesLocally(TestNG.java:1149)
	at org.testng.TestNG.run(TestNG.java:1057)
	at org.apache.maven.surefire.testng.TestNGExecutor.run(TestNGExecutor.java:70)
	at org.apache.maven.surefire.testng.TestNGDirectoryTestSuite.executeMulti(TestNGDirectoryTestSuite.java:158)
	at org.apache.maven.surefire.testng.TestNGDirectoryTestSuite.execute(TestNGDirectoryTestSuite.java:98)
	at org.apache.maven.surefire.testng.TestNGProvider.invoke(TestNGProvider.java:111)
	at sun.reflect.NativeMethodAccessorImpl.invoke0(Native Method)
	at sun.reflect.NativeMethodAccessorImpl.invoke(NativeMethodAccessorImpl.java:57)
	at sun.reflect.DelegatingMethodAccessorImpl.invoke(DelegatingMethodAccessorImpl.java:43)
	at java.lang.reflect.Method.invoke(Method.java:606)
	at org.apache.maven.surefire.util.ReflectionUtils.invokeMethodWithArray(ReflectionUtils.java:164)
	at org.apache.maven.surefire.booter.ProviderFactory$ProviderProxy.invoke(ProviderFactory.java:110)
	at org.apache.maven.surefire.booter.SurefireStarter.invokeProvider(SurefireStarter.java:175)
	at org.apache.maven.surefire.booter.SurefireStarter.runSuitesInProcessWhenForked(SurefireStarter.java:107)
	at org.apache.maven.surefire.booter.ForkedBooter.main(ForkedBooter.java:68)
</pre></div></td>
<td>0</td>
<td>storm.starter.tools.NthLastModifiedTimeTrackerTest@1d37f3b</td></tr>
<tr>
<td title='storm.starter.tools.NthLastModifiedTimeTrackerTest.negativeOrZeroNumTimesToTrackShouldThrowIAE()'><b>negativeOrZeroNumTimesToTrackShouldThrowIAE</b><br>Test class: storm.starter.tools.NthLastModifiedTimeTrackerTest<br>Parameters: -1</td>
<td><div><pre>java.lang.IllegalArgumentException: numTimesToTrack must be greater than zero (you requested -1)
	at storm.starter.tools.NthLastModifiedTimeTracker.&lt;init&gt;(NthLastModifiedTimeTracker.java:22)
	at storm.starter.tools.NthLastModifiedTimeTrackerTest.negativeOrZeroNumTimesToTrackShouldThrowIAE(NthLastModifiedTimeTrackerTest.java:21)
... Removed 34 stack frames</pre></div><a href='#' onClick='toggleBox("stack-trace14211213", this, "Click to show all stack frames", "Click to hide stack frames")'>Click to show all stack frames</a>
<div class='stack-trace' id='stack-trace14211213'><pre>java.lang.IllegalArgumentException: numTimesToTrack must be greater than zero (you requested -1)
	at storm.starter.tools.NthLastModifiedTimeTracker.&lt;init&gt;(NthLastModifiedTimeTracker.java:22)
	at storm.starter.tools.NthLastModifiedTimeTrackerTest.negativeOrZeroNumTimesToTrackShouldThrowIAE(NthLastModifiedTimeTrackerTest.java:21)
	at sun.reflect.NativeMethodAccessorImpl.invoke0(Native Method)
	at sun.reflect.NativeMethodAccessorImpl.invoke(NativeMethodAccessorImpl.java:57)
	at sun.reflect.DelegatingMethodAccessorImpl.invoke(DelegatingMethodAccessorImpl.java:43)
	at java.lang.reflect.Method.invoke(Method.java:606)
	at org.testng.internal.MethodInvocationHelper.invokeMethod(MethodInvocationHelper.java:84)
	at org.testng.internal.Invoker.invokeMethod(Invoker.java:714)
	at org.testng.internal.Invoker.invokeTestMethod(Invoker.java:901)
	at org.testng.internal.Invoker.invokeTestMethods(Invoker.java:1231)
	at org.testng.internal.TestMethodWorker.invokeTestMethods(TestMethodWorker.java:127)
	at org.testng.internal.TestMethodWorker.run(TestMethodWorker.java:111)
	at org.testng.TestRunner.privateRun(TestRunner.java:767)
	at org.testng.TestRunner.run(TestRunner.java:617)
	at org.testng.SuiteRunner.runTest(SuiteRunner.java:334)
	at org.testng.SuiteRunner.runSequentially(SuiteRunner.java:329)
	at org.testng.SuiteRunner.privateRun(SuiteRunner.java:291)
	at org.testng.SuiteRunner.run(SuiteRunner.java:240)
	at org.testng.SuiteRunnerWorker.runSuite(SuiteRunnerWorker.java:52)
	at org.testng.SuiteRunnerWorker.run(SuiteRunnerWorker.java:86)
	at org.testng.TestNG.runSuitesSequentially(TestNG.java:1224)
	at org.testng.TestNG.runSuitesLocally(TestNG.java:1149)
	at org.testng.TestNG.run(TestNG.java:1057)
	at org.apache.maven.surefire.testng.TestNGExecutor.run(TestNGExecutor.java:70)
	at org.apache.maven.surefire.testng.TestNGDirectoryTestSuite.executeMulti(TestNGDirectoryTestSuite.java:158)
	at org.apache.maven.surefire.testng.TestNGDirectoryTestSuite.execute(TestNGDirectoryTestSuite.java:98)
	at org.apache.maven.surefire.testng.TestNGProvider.invoke(TestNGProvider.java:111)
	at sun.reflect.NativeMethodAccessorImpl.invoke0(Native Method)
	at sun.reflect.NativeMethodAccessorImpl.invoke(NativeMethodAccessorImpl.java:57)
	at sun.reflect.DelegatingMethodAccessorImpl.invoke(DelegatingMethodAccessorImpl.java:43)
	at java.lang.reflect.Method.invoke(Method.java:606)
	at org.apache.maven.surefire.util.ReflectionUtils.invokeMethodWithArray(ReflectionUtils.java:164)
	at org.apache.maven.surefire.booter.ProviderFactory$ProviderProxy.invoke(ProviderFactory.java:110)
	at org.apache.maven.surefire.booter.SurefireStarter.invokeProvider(SurefireStarter.java:175)
	at org.apache.maven.surefire.booter.SurefireStarter.runSuitesInProcessWhenForked(SurefireStarter.java:107)
	at org.apache.maven.surefire.booter.ForkedBooter.main(ForkedBooter.java:68)
</pre></div></td>
<td>0</td>
<td>storm.starter.tools.NthLastModifiedTimeTrackerTest@1d37f3b</td></tr>
<tr>
<td title='storm.starter.tools.NthLastModifiedTimeTrackerTest.negativeOrZeroNumTimesToTrackShouldThrowIAE()'><b>negativeOrZeroNumTimesToTrackShouldThrowIAE</b><br>Test class: storm.starter.tools.NthLastModifiedTimeTrackerTest<br>Parameters: 0</td>
<td><div><pre>java.lang.IllegalArgumentException: numTimesToTrack must be greater than zero (you requested 0)
	at storm.starter.tools.NthLastModifiedTimeTracker.&lt;init&gt;(NthLastModifiedTimeTracker.java:22)
	at storm.starter.tools.NthLastModifiedTimeTrackerTest.negativeOrZeroNumTimesToTrackShouldThrowIAE(NthLastModifiedTimeTrackerTest.java:21)
... Removed 34 stack frames</pre></div><a href='#' onClick='toggleBox("stack-trace7419480", this, "Click to show all stack frames", "Click to hide stack frames")'>Click to show all stack frames</a>
<div class='stack-trace' id='stack-trace7419480'><pre>java.lang.IllegalArgumentException: numTimesToTrack must be greater than zero (you requested 0)
	at storm.starter.tools.NthLastModifiedTimeTracker.&lt;init&gt;(NthLastModifiedTimeTracker.java:22)
	at storm.starter.tools.NthLastModifiedTimeTrackerTest.negativeOrZeroNumTimesToTrackShouldThrowIAE(NthLastModifiedTimeTrackerTest.java:21)
	at sun.reflect.NativeMethodAccessorImpl.invoke0(Native Method)
	at sun.reflect.NativeMethodAccessorImpl.invoke(NativeMethodAccessorImpl.java:57)
	at sun.reflect.DelegatingMethodAccessorImpl.invoke(DelegatingMethodAccessorImpl.java:43)
	at java.lang.reflect.Method.invoke(Method.java:606)
	at org.testng.internal.MethodInvocationHelper.invokeMethod(MethodInvocationHelper.java:84)
	at org.testng.internal.Invoker.invokeMethod(Invoker.java:714)
	at org.testng.internal.Invoker.invokeTestMethod(Invoker.java:901)
	at org.testng.internal.Invoker.invokeTestMethods(Invoker.java:1231)
	at org.testng.internal.TestMethodWorker.invokeTestMethods(TestMethodWorker.java:127)
	at org.testng.internal.TestMethodWorker.run(TestMethodWorker.java:111)
	at org.testng.TestRunner.privateRun(TestRunner.java:767)
	at org.testng.TestRunner.run(TestRunner.java:617)
	at org.testng.SuiteRunner.runTest(SuiteRunner.java:334)
	at org.testng.SuiteRunner.runSequentially(SuiteRunner.java:329)
	at org.testng.SuiteRunner.privateRun(SuiteRunner.java:291)
	at org.testng.SuiteRunner.run(SuiteRunner.java:240)
	at org.testng.SuiteRunnerWorker.runSuite(SuiteRunnerWorker.java:52)
	at org.testng.SuiteRunnerWorker.run(SuiteRunnerWorker.java:86)
	at org.testng.TestNG.runSuitesSequentially(TestNG.java:1224)
	at org.testng.TestNG.runSuitesLocally(TestNG.java:1149)
	at org.testng.TestNG.run(TestNG.java:1057)
	at org.apache.maven.surefire.testng.TestNGExecutor.run(TestNGExecutor.java:70)
	at org.apache.maven.surefire.testng.TestNGDirectoryTestSuite.executeMulti(TestNGDirectoryTestSuite.java:158)
	at org.apache.maven.surefire.testng.TestNGDirectoryTestSuite.execute(TestNGDirectoryTestSuite.java:98)
	at org.apache.maven.surefire.testng.TestNGProvider.invoke(TestNGProvider.java:111)
	at sun.reflect.NativeMethodAccessorImpl.invoke0(Native Method)
	at sun.reflect.NativeMethodAccessorImpl.invoke(NativeMethodAccessorImpl.java:57)
	at sun.reflect.DelegatingMethodAccessorImpl.invoke(DelegatingMethodAccessorImpl.java:43)
	at java.lang.reflect.Method.invoke(Method.java:606)
	at org.apache.maven.surefire.util.ReflectionUtils.invokeMethodWithArray(ReflectionUtils.java:164)
	at org.apache.maven.surefire.booter.ProviderFactory$ProviderProxy.invoke(ProviderFactory.java:110)
	at org.apache.maven.surefire.booter.SurefireStarter.invokeProvider(SurefireStarter.java:175)
	at org.apache.maven.surefire.booter.SurefireStarter.runSuitesInProcessWhenForked(SurefireStarter.java:107)
	at org.apache.maven.surefire.booter.ForkedBooter.main(ForkedBooter.java:68)
</pre></div></td>
<td>0</td>
<td>storm.starter.tools.NthLastModifiedTimeTrackerTest@1d37f3b</td></tr>
<tr>
<td title='storm.starter.bolt.IntermediateRankingsBoltTest.negativeOrZeroTopNShouldThrowIAE()'><b>negativeOrZeroTopNShouldThrowIAE</b><br>Test class: storm.starter.bolt.IntermediateRankingsBoltTest<br>Parameters: -10</td>
<td><div><pre>java.lang.IllegalArgumentException: topN must be &gt;= 1 (you requested -10)
	at storm.starter.bolt.AbstractRankerBolt.&lt;init&gt;(AbstractRankerBolt.java:44)
	at storm.starter.bolt.AbstractRankerBolt.&lt;init&gt;(AbstractRankerBolt.java:39)
	at storm.starter.bolt.IntermediateRankingsBolt.&lt;init&gt;(IntermediateRankingsBolt.java:24)
	at storm.starter.bolt.IntermediateRankingsBoltTest.negativeOrZeroTopNShouldThrowIAE(IntermediateRankingsBoltTest.java:41)
... Removed 34 stack frames</pre></div><a href='#' onClick='toggleBox("stack-trace21599775", this, "Click to show all stack frames", "Click to hide stack frames")'>Click to show all stack frames</a>
<div class='stack-trace' id='stack-trace21599775'><pre>java.lang.IllegalArgumentException: topN must be &gt;= 1 (you requested -10)
	at storm.starter.bolt.AbstractRankerBolt.&lt;init&gt;(AbstractRankerBolt.java:44)
	at storm.starter.bolt.AbstractRankerBolt.&lt;init&gt;(AbstractRankerBolt.java:39)
	at storm.starter.bolt.IntermediateRankingsBolt.&lt;init&gt;(IntermediateRankingsBolt.java:24)
	at storm.starter.bolt.IntermediateRankingsBoltTest.negativeOrZeroTopNShouldThrowIAE(IntermediateRankingsBoltTest.java:41)
	at sun.reflect.NativeMethodAccessorImpl.invoke0(Native Method)
	at sun.reflect.NativeMethodAccessorImpl.invoke(NativeMethodAccessorImpl.java:57)
	at sun.reflect.DelegatingMethodAccessorImpl.invoke(DelegatingMethodAccessorImpl.java:43)
	at java.lang.reflect.Method.invoke(Method.java:606)
	at org.testng.internal.MethodInvocationHelper.invokeMethod(MethodInvocationHelper.java:84)
	at org.testng.internal.Invoker.invokeMethod(Invoker.java:714)
	at org.testng.internal.Invoker.invokeTestMethod(Invoker.java:901)
	at org.testng.internal.Invoker.invokeTestMethods(Invoker.java:1231)
	at org.testng.internal.TestMethodWorker.invokeTestMethods(TestMethodWorker.java:127)
	at org.testng.internal.TestMethodWorker.run(TestMethodWorker.java:111)
	at org.testng.TestRunner.privateRun(TestRunner.java:767)
	at org.testng.TestRunner.run(TestRunner.java:617)
	at org.testng.SuiteRunner.runTest(SuiteRunner.java:334)
	at org.testng.SuiteRunner.runSequentially(SuiteRunner.java:329)
	at org.testng.SuiteRunner.privateRun(SuiteRunner.java:291)
	at org.testng.SuiteRunner.run(SuiteRunner.java:240)
	at org.testng.SuiteRunnerWorker.runSuite(SuiteRunnerWorker.java:52)
	at org.testng.SuiteRunnerWorker.run(SuiteRunnerWorker.java:86)
	at org.testng.TestNG.runSuitesSequentially(TestNG.java:1224)
	at org.testng.TestNG.runSuitesLocally(TestNG.java:1149)
	at org.testng.TestNG.run(TestNG.java:1057)
	at org.apache.maven.surefire.testng.TestNGExecutor.run(TestNGExecutor.java:70)
	at org.apache.maven.surefire.testng.TestNGDirectoryTestSuite.executeMulti(TestNGDirectoryTestSuite.java:158)
	at org.apache.maven.surefire.testng.TestNGDirectoryTestSuite.execute(TestNGDirectoryTestSuite.java:98)
	at org.apache.maven.surefire.testng.TestNGProvider.invoke(TestNGProvider.java:111)
	at sun.reflect.NativeMethodAccessorImpl.invoke0(Native Method)
	at sun.reflect.NativeMethodAccessorImpl.invoke(NativeMethodAccessorImpl.java:57)
	at sun.reflect.DelegatingMethodAccessorImpl.invoke(DelegatingMethodAccessorImpl.java:43)
	at java.lang.reflect.Method.invoke(Method.java:606)
	at org.apache.maven.surefire.util.ReflectionUtils.invokeMethodWithArray(ReflectionUtils.java:164)
	at org.apache.maven.surefire.booter.ProviderFactory$ProviderProxy.invoke(ProviderFactory.java:110)
	at org.apache.maven.surefire.booter.SurefireStarter.invokeProvider(SurefireStarter.java:175)
	at org.apache.maven.surefire.booter.SurefireStarter.runSuitesInProcessWhenForked(SurefireStarter.java:107)
	at org.apache.maven.surefire.booter.ForkedBooter.main(ForkedBooter.java:68)
</pre></div></td>
<td>0</td>
<td>storm.starter.bolt.IntermediateRankingsBoltTest@778a5d</td></tr>
<tr>
<td title='storm.starter.bolt.IntermediateRankingsBoltTest.negativeOrZeroTopNShouldThrowIAE()'><b>negativeOrZeroTopNShouldThrowIAE</b><br>Test class: storm.starter.bolt.IntermediateRankingsBoltTest<br>Parameters: -3</td>
<td><div><pre>java.lang.IllegalArgumentException: topN must be &gt;= 1 (you requested -3)
	at storm.starter.bolt.AbstractRankerBolt.&lt;init&gt;(AbstractRankerBolt.java:44)
	at storm.starter.bolt.AbstractRankerBolt.&lt;init&gt;(AbstractRankerBolt.java:39)
	at storm.starter.bolt.IntermediateRankingsBolt.&lt;init&gt;(IntermediateRankingsBolt.java:24)
	at storm.starter.bolt.IntermediateRankingsBoltTest.negativeOrZeroTopNShouldThrowIAE(IntermediateRankingsBoltTest.java:41)
... Removed 34 stack frames</pre></div><a href='#' onClick='toggleBox("stack-trace2034542", this, "Click to show all stack frames", "Click to hide stack frames")'>Click to show all stack frames</a>
<div class='stack-trace' id='stack-trace2034542'><pre>java.lang.IllegalArgumentException: topN must be &gt;= 1 (you requested -3)
	at storm.starter.bolt.AbstractRankerBolt.&lt;init&gt;(AbstractRankerBolt.java:44)
	at storm.starter.bolt.AbstractRankerBolt.&lt;init&gt;(AbstractRankerBolt.java:39)
	at storm.starter.bolt.IntermediateRankingsBolt.&lt;init&gt;(IntermediateRankingsBolt.java:24)
	at storm.starter.bolt.IntermediateRankingsBoltTest.negativeOrZeroTopNShouldThrowIAE(IntermediateRankingsBoltTest.java:41)
	at sun.reflect.NativeMethodAccessorImpl.invoke0(Native Method)
	at sun.reflect.NativeMethodAccessorImpl.invoke(NativeMethodAccessorImpl.java:57)
	at sun.reflect.DelegatingMethodAccessorImpl.invoke(DelegatingMethodAccessorImpl.java:43)
	at java.lang.reflect.Method.invoke(Method.java:606)
	at org.testng.internal.MethodInvocationHelper.invokeMethod(MethodInvocationHelper.java:84)
	at org.testng.internal.Invoker.invokeMethod(Invoker.java:714)
	at org.testng.internal.Invoker.invokeTestMethod(Invoker.java:901)
	at org.testng.internal.Invoker.invokeTestMethods(Invoker.java:1231)
	at org.testng.internal.TestMethodWorker.invokeTestMethods(TestMethodWorker.java:127)
	at org.testng.internal.TestMethodWorker.run(TestMethodWorker.java:111)
	at org.testng.TestRunner.privateRun(TestRunner.java:767)
	at org.testng.TestRunner.run(TestRunner.java:617)
	at org.testng.SuiteRunner.runTest(SuiteRunner.java:334)
	at org.testng.SuiteRunner.runSequentially(SuiteRunner.java:329)
	at org.testng.SuiteRunner.privateRun(SuiteRunner.java:291)
	at org.testng.SuiteRunner.run(SuiteRunner.java:240)
	at org.testng.SuiteRunnerWorker.runSuite(SuiteRunnerWorker.java:52)
	at org.testng.SuiteRunnerWorker.run(SuiteRunnerWorker.java:86)
	at org.testng.TestNG.runSuitesSequentially(TestNG.java:1224)
	at org.testng.TestNG.runSuitesLocally(TestNG.java:1149)
	at org.testng.TestNG.run(TestNG.java:1057)
	at org.apache.maven.surefire.testng.TestNGExecutor.run(TestNGExecutor.java:70)
	at org.apache.maven.surefire.testng.TestNGDirectoryTestSuite.executeMulti(TestNGDirectoryTestSuite.java:158)
	at org.apache.maven.surefire.testng.TestNGDirectoryTestSuite.execute(TestNGDirectoryTestSuite.java:98)
	at org.apache.maven.surefire.testng.TestNGProvider.invoke(TestNGProvider.java:111)
	at sun.reflect.NativeMethodAccessorImpl.invoke0(Native Method)
	at sun.reflect.NativeMethodAccessorImpl.invoke(NativeMethodAccessorImpl.java:57)
	at sun.reflect.DelegatingMethodAccessorImpl.invoke(DelegatingMethodAccessorImpl.java:43)
	at java.lang.reflect.Method.invoke(Method.java:606)
	at org.apache.maven.surefire.util.ReflectionUtils.invokeMethodWithArray(ReflectionUtils.java:164)
	at org.apache.maven.surefire.booter.ProviderFactory$ProviderProxy.invoke(ProviderFactory.java:110)
	at org.apache.maven.surefire.booter.SurefireStarter.invokeProvider(SurefireStarter.java:175)
	at org.apache.maven.surefire.booter.SurefireStarter.runSuitesInProcessWhenForked(SurefireStarter.java:107)
	at org.apache.maven.surefire.booter.ForkedBooter.main(ForkedBooter.java:68)
</pre></div></td>
<td>0</td>
<td>storm.starter.bolt.IntermediateRankingsBoltTest@778a5d</td></tr>
<tr>
<td title='storm.starter.bolt.IntermediateRankingsBoltTest.negativeOrZeroTopNShouldThrowIAE()'><b>negativeOrZeroTopNShouldThrowIAE</b><br>Test class: storm.starter.bolt.IntermediateRankingsBoltTest<br>Parameters: -2</td>
<td><div><pre>java.lang.IllegalArgumentException: topN must be &gt;= 1 (you requested -2)
	at storm.starter.bolt.AbstractRankerBolt.&lt;init&gt;(AbstractRankerBolt.java:44)
	at storm.starter.bolt.AbstractRankerBolt.&lt;init&gt;(AbstractRankerBolt.java:39)
	at storm.starter.bolt.IntermediateRankingsBolt.&lt;init&gt;(IntermediateRankingsBolt.java:24)
	at storm.starter.bolt.IntermediateRankingsBoltTest.negativeOrZeroTopNShouldThrowIAE(IntermediateRankingsBoltTest.java:41)
... Removed 34 stack frames</pre></div><a href='#' onClick='toggleBox("stack-trace2591443", this, "Click to show all stack frames", "Click to hide stack frames")'>Click to show all stack frames</a>
<div class='stack-trace' id='stack-trace2591443'><pre>java.lang.IllegalArgumentException: topN must be &gt;= 1 (you requested -2)
	at storm.starter.bolt.AbstractRankerBolt.&lt;init&gt;(AbstractRankerBolt.java:44)
	at storm.starter.bolt.AbstractRankerBolt.&lt;init&gt;(AbstractRankerBolt.java:39)
	at storm.starter.bolt.IntermediateRankingsBolt.&lt;init&gt;(IntermediateRankingsBolt.java:24)
	at storm.starter.bolt.IntermediateRankingsBoltTest.negativeOrZeroTopNShouldThrowIAE(IntermediateRankingsBoltTest.java:41)
	at sun.reflect.NativeMethodAccessorImpl.invoke0(Native Method)
	at sun.reflect.NativeMethodAccessorImpl.invoke(NativeMethodAccessorImpl.java:57)
	at sun.reflect.DelegatingMethodAccessorImpl.invoke(DelegatingMethodAccessorImpl.java:43)
	at java.lang.reflect.Method.invoke(Method.java:606)
	at org.testng.internal.MethodInvocationHelper.invokeMethod(MethodInvocationHelper.java:84)
	at org.testng.internal.Invoker.invokeMethod(Invoker.java:714)
	at org.testng.internal.Invoker.invokeTestMethod(Invoker.java:901)
	at org.testng.internal.Invoker.invokeTestMethods(Invoker.java:1231)
	at org.testng.internal.TestMethodWorker.invokeTestMethods(TestMethodWorker.java:127)
	at org.testng.internal.TestMethodWorker.run(TestMethodWorker.java:111)
	at org.testng.TestRunner.privateRun(TestRunner.java:767)
	at org.testng.TestRunner.run(TestRunner.java:617)
	at org.testng.SuiteRunner.runTest(SuiteRunner.java:334)
	at org.testng.SuiteRunner.runSequentially(SuiteRunner.java:329)
	at org.testng.SuiteRunner.privateRun(SuiteRunner.java:291)
	at org.testng.SuiteRunner.run(SuiteRunner.java:240)
	at org.testng.SuiteRunnerWorker.runSuite(SuiteRunnerWorker.java:52)
	at org.testng.SuiteRunnerWorker.run(SuiteRunnerWorker.java:86)
	at org.testng.TestNG.runSuitesSequentially(TestNG.java:1224)
	at org.testng.TestNG.runSuitesLocally(TestNG.java:1149)
	at org.testng.TestNG.run(TestNG.java:1057)
	at org.apache.maven.surefire.testng.TestNGExecutor.run(TestNGExecutor.java:70)
	at org.apache.maven.surefire.testng.TestNGDirectoryTestSuite.executeMulti(TestNGDirectoryTestSuite.java:158)
	at org.apache.maven.surefire.testng.TestNGDirectoryTestSuite.execute(TestNGDirectoryTestSuite.java:98)
	at org.apache.maven.surefire.testng.TestNGProvider.invoke(TestNGProvider.java:111)
	at sun.reflect.NativeMethodAccessorImpl.invoke0(Native Method)
	at sun.reflect.NativeMethodAccessorImpl.invoke(NativeMethodAccessorImpl.java:57)
	at sun.reflect.DelegatingMethodAccessorImpl.invoke(DelegatingMethodAccessorImpl.java:43)
	at java.lang.reflect.Method.invoke(Method.java:606)
	at org.apache.maven.surefire.util.ReflectionUtils.invokeMethodWithArray(ReflectionUtils.java:164)
	at org.apache.maven.surefire.booter.ProviderFactory$ProviderProxy.invoke(ProviderFactory.java:110)
	at org.apache.maven.surefire.booter.SurefireStarter.invokeProvider(SurefireStarter.java:175)
	at org.apache.maven.surefire.booter.SurefireStarter.runSuitesInProcessWhenForked(SurefireStarter.java:107)
	at org.apache.maven.surefire.booter.ForkedBooter.main(ForkedBooter.java:68)
</pre></div></td>
<td>0</td>
<td>storm.starter.bolt.IntermediateRankingsBoltTest@778a5d</td></tr>
<tr>
<td title='storm.starter.bolt.IntermediateRankingsBoltTest.negativeOrZeroTopNShouldThrowIAE()'><b>negativeOrZeroTopNShouldThrowIAE</b><br>Test class: storm.starter.bolt.IntermediateRankingsBoltTest<br>Parameters: -1</td>
<td><div><pre>java.lang.IllegalArgumentException: topN must be &gt;= 1 (you requested -1)
	at storm.starter.bolt.AbstractRankerBolt.&lt;init&gt;(AbstractRankerBolt.java:44)
	at storm.starter.bolt.AbstractRankerBolt.&lt;init&gt;(AbstractRankerBolt.java:39)
	at storm.starter.bolt.IntermediateRankingsBolt.&lt;init&gt;(IntermediateRankingsBolt.java:24)
	at storm.starter.bolt.IntermediateRankingsBoltTest.negativeOrZeroTopNShouldThrowIAE(IntermediateRankingsBoltTest.java:41)
... Removed 34 stack frames</pre></div><a href='#' onClick='toggleBox("stack-trace741340", this, "Click to show all stack frames", "Click to hide stack frames")'>Click to show all stack frames</a>
<div class='stack-trace' id='stack-trace741340'><pre>java.lang.IllegalArgumentException: topN must be &gt;= 1 (you requested -1)
	at storm.starter.bolt.AbstractRankerBolt.&lt;init&gt;(AbstractRankerBolt.java:44)
	at storm.starter.bolt.AbstractRankerBolt.&lt;init&gt;(AbstractRankerBolt.java:39)
	at storm.starter.bolt.IntermediateRankingsBolt.&lt;init&gt;(IntermediateRankingsBolt.java:24)
	at storm.starter.bolt.IntermediateRankingsBoltTest.negativeOrZeroTopNShouldThrowIAE(IntermediateRankingsBoltTest.java:41)
	at sun.reflect.NativeMethodAccessorImpl.invoke0(Native Method)
	at sun.reflect.NativeMethodAccessorImpl.invoke(NativeMethodAccessorImpl.java:57)
	at sun.reflect.DelegatingMethodAccessorImpl.invoke(DelegatingMethodAccessorImpl.java:43)
	at java.lang.reflect.Method.invoke(Method.java:606)
	at org.testng.internal.MethodInvocationHelper.invokeMethod(MethodInvocationHelper.java:84)
	at org.testng.internal.Invoker.invokeMethod(Invoker.java:714)
	at org.testng.internal.Invoker.invokeTestMethod(Invoker.java:901)
	at org.testng.internal.Invoker.invokeTestMethods(Invoker.java:1231)
	at org.testng.internal.TestMethodWorker.invokeTestMethods(TestMethodWorker.java:127)
	at org.testng.internal.TestMethodWorker.run(TestMethodWorker.java:111)
	at org.testng.TestRunner.privateRun(TestRunner.java:767)
	at org.testng.TestRunner.run(TestRunner.java:617)
	at org.testng.SuiteRunner.runTest(SuiteRunner.java:334)
	at org.testng.SuiteRunner.runSequentially(SuiteRunner.java:329)
	at org.testng.SuiteRunner.privateRun(SuiteRunner.java:291)
	at org.testng.SuiteRunner.run(SuiteRunner.java:240)
	at org.testng.SuiteRunnerWorker.runSuite(SuiteRunnerWorker.java:52)
	at org.testng.SuiteRunnerWorker.run(SuiteRunnerWorker.java:86)
	at org.testng.TestNG.runSuitesSequentially(TestNG.java:1224)
	at org.testng.TestNG.runSuitesLocally(TestNG.java:1149)
	at org.testng.TestNG.run(TestNG.java:1057)
	at org.apache.maven.surefire.testng.TestNGExecutor.run(TestNGExecutor.java:70)
	at org.apache.maven.surefire.testng.TestNGDirectoryTestSuite.executeMulti(TestNGDirectoryTestSuite.java:158)
	at org.apache.maven.surefire.testng.TestNGDirectoryTestSuite.execute(TestNGDirectoryTestSuite.java:98)
	at org.apache.maven.surefire.testng.TestNGProvider.invoke(TestNGProvider.java:111)
	at sun.reflect.NativeMethodAccessorImpl.invoke0(Native Method)
	at sun.reflect.NativeMethodAccessorImpl.invoke(NativeMethodAccessorImpl.java:57)
	at sun.reflect.DelegatingMethodAccessorImpl.invoke(DelegatingMethodAccessorImpl.java:43)
	at java.lang.reflect.Method.invoke(Method.java:606)
	at org.apache.maven.surefire.util.ReflectionUtils.invokeMethodWithArray(ReflectionUtils.java:164)
	at org.apache.maven.surefire.booter.ProviderFactory$ProviderProxy.invoke(ProviderFactory.java:110)
	at org.apache.maven.surefire.booter.SurefireStarter.invokeProvider(SurefireStarter.java:175)
	at org.apache.maven.surefire.booter.SurefireStarter.runSuitesInProcessWhenForked(SurefireStarter.java:107)
	at org.apache.maven.surefire.booter.ForkedBooter.main(ForkedBooter.java:68)
</pre></div></td>
<td>0</td>
<td>storm.starter.bolt.IntermediateRankingsBoltTest@778a5d</td></tr>
<tr>
<td title='storm.starter.bolt.IntermediateRankingsBoltTest.negativeOrZeroTopNShouldThrowIAE()'><b>negativeOrZeroTopNShouldThrowIAE</b><br>Test class: storm.starter.bolt.IntermediateRankingsBoltTest<br>Parameters: 0</td>
<td><div><pre>java.lang.IllegalArgumentException: topN must be &gt;= 1 (you requested 0)
	at storm.starter.bolt.AbstractRankerBolt.&lt;init&gt;(AbstractRankerBolt.java:44)
	at storm.starter.bolt.AbstractRankerBolt.&lt;init&gt;(AbstractRankerBolt.java:39)
	at storm.starter.bolt.IntermediateRankingsBolt.&lt;init&gt;(IntermediateRankingsBolt.java:24)
	at storm.starter.bolt.IntermediateRankingsBoltTest.negativeOrZeroTopNShouldThrowIAE(IntermediateRankingsBoltTest.java:41)
... Removed 34 stack frames</pre></div><a href='#' onClick='toggleBox("stack-trace11008689", this, "Click to show all stack frames", "Click to hide stack frames")'>Click to show all stack frames</a>
<div class='stack-trace' id='stack-trace11008689'><pre>java.lang.IllegalArgumentException: topN must be &gt;= 1 (you requested 0)
	at storm.starter.bolt.AbstractRankerBolt.&lt;init&gt;(AbstractRankerBolt.java:44)
	at storm.starter.bolt.AbstractRankerBolt.&lt;init&gt;(AbstractRankerBolt.java:39)
	at storm.starter.bolt.IntermediateRankingsBolt.&lt;init&gt;(IntermediateRankingsBolt.java:24)
	at storm.starter.bolt.IntermediateRankingsBoltTest.negativeOrZeroTopNShouldThrowIAE(IntermediateRankingsBoltTest.java:41)
	at sun.reflect.NativeMethodAccessorImpl.invoke0(Native Method)
	at sun.reflect.NativeMethodAccessorImpl.invoke(NativeMethodAccessorImpl.java:57)
	at sun.reflect.DelegatingMethodAccessorImpl.invoke(DelegatingMethodAccessorImpl.java:43)
	at java.lang.reflect.Method.invoke(Method.java:606)
	at org.testng.internal.MethodInvocationHelper.invokeMethod(MethodInvocationHelper.java:84)
	at org.testng.internal.Invoker.invokeMethod(Invoker.java:714)
	at org.testng.internal.Invoker.invokeTestMethod(Invoker.java:901)
	at org.testng.internal.Invoker.invokeTestMethods(Invoker.java:1231)
	at org.testng.internal.TestMethodWorker.invokeTestMethods(TestMethodWorker.java:127)
	at org.testng.internal.TestMethodWorker.run(TestMethodWorker.java:111)
	at org.testng.TestRunner.privateRun(TestRunner.java:767)
	at org.testng.TestRunner.run(TestRunner.java:617)
	at org.testng.SuiteRunner.runTest(SuiteRunner.java:334)
	at org.testng.SuiteRunner.runSequentially(SuiteRunner.java:329)
	at org.testng.SuiteRunner.privateRun(SuiteRunner.java:291)
	at org.testng.SuiteRunner.run(SuiteRunner.java:240)
	at org.testng.SuiteRunnerWorker.runSuite(SuiteRunnerWorker.java:52)
	at org.testng.SuiteRunnerWorker.run(SuiteRunnerWorker.java:86)
	at org.testng.TestNG.runSuitesSequentially(TestNG.java:1224)
	at org.testng.TestNG.runSuitesLocally(TestNG.java:1149)
	at org.testng.TestNG.run(TestNG.java:1057)
	at org.apache.maven.surefire.testng.TestNGExecutor.run(TestNGExecutor.java:70)
	at org.apache.maven.surefire.testng.TestNGDirectoryTestSuite.executeMulti(TestNGDirectoryTestSuite.java:158)
	at org.apache.maven.surefire.testng.TestNGDirectoryTestSuite.execute(TestNGDirectoryTestSuite.java:98)
	at org.apache.maven.surefire.testng.TestNGProvider.invoke(TestNGProvider.java:111)
	at sun.reflect.NativeMethodAccessorImpl.invoke0(Native Method)
	at sun.reflect.NativeMethodAccessorImpl.invoke(NativeMethodAccessorImpl.java:57)
	at sun.reflect.DelegatingMethodAccessorImpl.invoke(DelegatingMethodAccessorImpl.java:43)
	at java.lang.reflect.Method.invoke(Method.java:606)
	at org.apache.maven.surefire.util.ReflectionUtils.invokeMethodWithArray(ReflectionUtils.java:164)
	at org.apache.maven.surefire.booter.ProviderFactory$ProviderProxy.invoke(ProviderFactory.java:110)
	at org.apache.maven.surefire.booter.SurefireStarter.invokeProvider(SurefireStarter.java:175)
	at org.apache.maven.surefire.booter.SurefireStarter.runSuitesInProcessWhenForked(SurefireStarter.java:107)
	at org.apache.maven.surefire.booter.ForkedBooter.main(ForkedBooter.java:68)
</pre></div></td>
<td>0</td>
<td>storm.starter.bolt.IntermediateRankingsBoltTest@778a5d</td></tr>
<tr>
<td title='storm.starter.bolt.TotalRankingsBoltTest.negativeOrZeroTopNShouldThrowIAE()'><b>negativeOrZeroTopNShouldThrowIAE</b><br>Test class: storm.starter.bolt.TotalRankingsBoltTest<br>Parameters: -10</td>
<td><div><pre>java.lang.IllegalArgumentException: topN must be &gt;= 1 (you requested -10)
	at storm.starter.bolt.AbstractRankerBolt.&lt;init&gt;(AbstractRankerBolt.java:44)
	at storm.starter.bolt.AbstractRankerBolt.&lt;init&gt;(AbstractRankerBolt.java:39)
	at storm.starter.bolt.TotalRankingsBolt.&lt;init&gt;(TotalRankingsBolt.java:23)
	at storm.starter.bolt.TotalRankingsBoltTest.negativeOrZeroTopNShouldThrowIAE(TotalRankingsBoltTest.java:42)
... Removed 34 stack frames</pre></div><a href='#' onClick='toggleBox("stack-trace8318607", this, "Click to show all stack frames", "Click to hide stack frames")'>Click to show all stack frames</a>
<div class='stack-trace' id='stack-trace8318607'><pre>java.lang.IllegalArgumentException: topN must be &gt;= 1 (you requested -10)
	at storm.starter.bolt.AbstractRankerBolt.&lt;init&gt;(AbstractRankerBolt.java:44)
	at storm.starter.bolt.AbstractRankerBolt.&lt;init&gt;(AbstractRankerBolt.java:39)
	at storm.starter.bolt.TotalRankingsBolt.&lt;init&gt;(TotalRankingsBolt.java:23)
	at storm.starter.bolt.TotalRankingsBoltTest.negativeOrZeroTopNShouldThrowIAE(TotalRankingsBoltTest.java:42)
	at sun.reflect.NativeMethodAccessorImpl.invoke0(Native Method)
	at sun.reflect.NativeMethodAccessorImpl.invoke(NativeMethodAccessorImpl.java:57)
	at sun.reflect.DelegatingMethodAccessorImpl.invoke(DelegatingMethodAccessorImpl.java:43)
	at java.lang.reflect.Method.invoke(Method.java:606)
	at org.testng.internal.MethodInvocationHelper.invokeMethod(MethodInvocationHelper.java:84)
	at org.testng.internal.Invoker.invokeMethod(Invoker.java:714)
	at org.testng.internal.Invoker.invokeTestMethod(Invoker.java:901)
	at org.testng.internal.Invoker.invokeTestMethods(Invoker.java:1231)
	at org.testng.internal.TestMethodWorker.invokeTestMethods(TestMethodWorker.java:127)
	at org.testng.internal.TestMethodWorker.run(TestMethodWorker.java:111)
	at org.testng.TestRunner.privateRun(TestRunner.java:767)
	at org.testng.TestRunner.run(TestRunner.java:617)
	at org.testng.SuiteRunner.runTest(SuiteRunner.java:334)
	at org.testng.SuiteRunner.runSequentially(SuiteRunner.java:329)
	at org.testng.SuiteRunner.privateRun(SuiteRunner.java:291)
	at org.testng.SuiteRunner.run(SuiteRunner.java:240)
	at org.testng.SuiteRunnerWorker.runSuite(SuiteRunnerWorker.java:52)
	at org.testng.SuiteRunnerWorker.run(SuiteRunnerWorker.java:86)
	at org.testng.TestNG.runSuitesSequentially(TestNG.java:1224)
	at org.testng.TestNG.runSuitesLocally(TestNG.java:1149)
	at org.testng.TestNG.run(TestNG.java:1057)
	at org.apache.maven.surefire.testng.TestNGExecutor.run(TestNGExecutor.java:70)
	at org.apache.maven.surefire.testng.TestNGDirectoryTestSuite.executeMulti(TestNGDirectoryTestSuite.java:158)
	at org.apache.maven.surefire.testng.TestNGDirectoryTestSuite.execute(TestNGDirectoryTestSuite.java:98)
	at org.apache.maven.surefire.testng.TestNGProvider.invoke(TestNGProvider.java:111)
	at sun.reflect.NativeMethodAccessorImpl.invoke0(Native Method)
	at sun.reflect.NativeMethodAccessorImpl.invoke(NativeMethodAccessorImpl.java:57)
	at sun.reflect.DelegatingMethodAccessorImpl.invoke(DelegatingMethodAccessorImpl.java:43)
	at java.lang.reflect.Method.invoke(Method.java:606)
	at org.apache.maven.surefire.util.ReflectionUtils.invokeMethodWithArray(ReflectionUtils.java:164)
	at org.apache.maven.surefire.booter.ProviderFactory$ProviderProxy.invoke(ProviderFactory.java:110)
	at org.apache.maven.surefire.booter.SurefireStarter.invokeProvider(SurefireStarter.java:175)
	at org.apache.maven.surefire.booter.SurefireStarter.runSuitesInProcessWhenForked(SurefireStarter.java:107)
	at org.apache.maven.surefire.booter.ForkedBooter.main(ForkedBooter.java:68)
</pre></div></td>
<td>0</td>
<td>storm.starter.bolt.TotalRankingsBoltTest@af1cf6</td></tr>
<tr>
<td title='storm.starter.bolt.TotalRankingsBoltTest.negativeOrZeroTopNShouldThrowIAE()'><b>negativeOrZeroTopNShouldThrowIAE</b><br>Test class: storm.starter.bolt.TotalRankingsBoltTest<br>Parameters: -3</td>
<td><div><pre>java.lang.IllegalArgumentException: topN must be &gt;= 1 (you requested -3)
	at storm.starter.bolt.AbstractRankerBolt.&lt;init&gt;(AbstractRankerBolt.java:44)
	at storm.starter.bolt.AbstractRankerBolt.&lt;init&gt;(AbstractRankerBolt.java:39)
	at storm.starter.bolt.TotalRankingsBolt.&lt;init&gt;(TotalRankingsBolt.java:23)
	at storm.starter.bolt.TotalRankingsBoltTest.negativeOrZeroTopNShouldThrowIAE(TotalRankingsBoltTest.java:42)
... Removed 34 stack frames</pre></div><a href='#' onClick='toggleBox("stack-trace23068141", this, "Click to show all stack frames", "Click to hide stack frames")'>Click to show all stack frames</a>
<div class='stack-trace' id='stack-trace23068141'><pre>java.lang.IllegalArgumentException: topN must be &gt;= 1 (you requested -3)
	at storm.starter.bolt.AbstractRankerBolt.&lt;init&gt;(AbstractRankerBolt.java:44)
	at storm.starter.bolt.AbstractRankerBolt.&lt;init&gt;(AbstractRankerBolt.java:39)
	at storm.starter.bolt.TotalRankingsBolt.&lt;init&gt;(TotalRankingsBolt.java:23)
	at storm.starter.bolt.TotalRankingsBoltTest.negativeOrZeroTopNShouldThrowIAE(TotalRankingsBoltTest.java:42)
	at sun.reflect.NativeMethodAccessorImpl.invoke0(Native Method)
	at sun.reflect.NativeMethodAccessorImpl.invoke(NativeMethodAccessorImpl.java:57)
	at sun.reflect.DelegatingMethodAccessorImpl.invoke(DelegatingMethodAccessorImpl.java:43)
	at java.lang.reflect.Method.invoke(Method.java:606)
	at org.testng.internal.MethodInvocationHelper.invokeMethod(MethodInvocationHelper.java:84)
	at org.testng.internal.Invoker.invokeMethod(Invoker.java:714)
	at org.testng.internal.Invoker.invokeTestMethod(Invoker.java:901)
	at org.testng.internal.Invoker.invokeTestMethods(Invoker.java:1231)
	at org.testng.internal.TestMethodWorker.invokeTestMethods(TestMethodWorker.java:127)
	at org.testng.internal.TestMethodWorker.run(TestMethodWorker.java:111)
	at org.testng.TestRunner.privateRun(TestRunner.java:767)
	at org.testng.TestRunner.run(TestRunner.java:617)
	at org.testng.SuiteRunner.runTest(SuiteRunner.java:334)
	at org.testng.SuiteRunner.runSequentially(SuiteRunner.java:329)
	at org.testng.SuiteRunner.privateRun(SuiteRunner.java:291)
	at org.testng.SuiteRunner.run(SuiteRunner.java:240)
	at org.testng.SuiteRunnerWorker.runSuite(SuiteRunnerWorker.java:52)
	at org.testng.SuiteRunnerWorker.run(SuiteRunnerWorker.java:86)
	at org.testng.TestNG.runSuitesSequentially(TestNG.java:1224)
	at org.testng.TestNG.runSuitesLocally(TestNG.java:1149)
	at org.testng.TestNG.run(TestNG.java:1057)
	at org.apache.maven.surefire.testng.TestNGExecutor.run(TestNGExecutor.java:70)
	at org.apache.maven.surefire.testng.TestNGDirectoryTestSuite.executeMulti(TestNGDirectoryTestSuite.java:158)
	at org.apache.maven.surefire.testng.TestNGDirectoryTestSuite.execute(TestNGDirectoryTestSuite.java:98)
	at org.apache.maven.surefire.testng.TestNGProvider.invoke(TestNGProvider.java:111)
	at sun.reflect.NativeMethodAccessorImpl.invoke0(Native Method)
	at sun.reflect.NativeMethodAccessorImpl.invoke(NativeMethodAccessorImpl.java:57)
	at sun.reflect.DelegatingMethodAccessorImpl.invoke(DelegatingMethodAccessorImpl.java:43)
	at java.lang.reflect.Method.invoke(Method.java:606)
	at org.apache.maven.surefire.util.ReflectionUtils.invokeMethodWithArray(ReflectionUtils.java:164)
	at org.apache.maven.surefire.booter.ProviderFactory$ProviderProxy.invoke(ProviderFactory.java:110)
	at org.apache.maven.surefire.booter.SurefireStarter.invokeProvider(SurefireStarter.java:175)
	at org.apache.maven.surefire.booter.SurefireStarter.runSuitesInProcessWhenForked(SurefireStarter.java:107)
	at org.apache.maven.surefire.booter.ForkedBooter.main(ForkedBooter.java:68)
</pre></div></td>
<td>0</td>
<td>storm.starter.bolt.TotalRankingsBoltTest@af1cf6</td></tr>
<tr>
<td title='storm.starter.bolt.TotalRankingsBoltTest.negativeOrZeroTopNShouldThrowIAE()'><b>negativeOrZeroTopNShouldThrowIAE</b><br>Test class: storm.starter.bolt.TotalRankingsBoltTest<br>Parameters: -2</td>
<td><div><pre>java.lang.IllegalArgumentException: topN must be &gt;= 1 (you requested -2)
	at storm.starter.bolt.AbstractRankerBolt.&lt;init&gt;(AbstractRankerBolt.java:44)
	at storm.starter.bolt.AbstractRankerBolt.&lt;init&gt;(AbstractRankerBolt.java:39)
	at storm.starter.bolt.TotalRankingsBolt.&lt;init&gt;(TotalRankingsBolt.java:23)
	at storm.starter.bolt.TotalRankingsBoltTest.negativeOrZeroTopNShouldThrowIAE(TotalRankingsBoltTest.java:42)
... Removed 34 stack frames</pre></div><a href='#' onClick='toggleBox("stack-trace18342578", this, "Click to show all stack frames", "Click to hide stack frames")'>Click to show all stack frames</a>
<div class='stack-trace' id='stack-trace18342578'><pre>java.lang.IllegalArgumentException: topN must be &gt;= 1 (you requested -2)
	at storm.starter.bolt.AbstractRankerBolt.&lt;init&gt;(AbstractRankerBolt.java:44)
	at storm.starter.bolt.AbstractRankerBolt.&lt;init&gt;(AbstractRankerBolt.java:39)
	at storm.starter.bolt.TotalRankingsBolt.&lt;init&gt;(TotalRankingsBolt.java:23)
	at storm.starter.bolt.TotalRankingsBoltTest.negativeOrZeroTopNShouldThrowIAE(TotalRankingsBoltTest.java:42)
	at sun.reflect.NativeMethodAccessorImpl.invoke0(Native Method)
	at sun.reflect.NativeMethodAccessorImpl.invoke(NativeMethodAccessorImpl.java:57)
	at sun.reflect.DelegatingMethodAccessorImpl.invoke(DelegatingMethodAccessorImpl.java:43)
	at java.lang.reflect.Method.invoke(Method.java:606)
	at org.testng.internal.MethodInvocationHelper.invokeMethod(MethodInvocationHelper.java:84)
	at org.testng.internal.Invoker.invokeMethod(Invoker.java:714)
	at org.testng.internal.Invoker.invokeTestMethod(Invoker.java:901)
	at org.testng.internal.Invoker.invokeTestMethods(Invoker.java:1231)
	at org.testng.internal.TestMethodWorker.invokeTestMethods(TestMethodWorker.java:127)
	at org.testng.internal.TestMethodWorker.run(TestMethodWorker.java:111)
	at org.testng.TestRunner.privateRun(TestRunner.java:767)
	at org.testng.TestRunner.run(TestRunner.java:617)
	at org.testng.SuiteRunner.runTest(SuiteRunner.java:334)
	at org.testng.SuiteRunner.runSequentially(SuiteRunner.java:329)
	at org.testng.SuiteRunner.privateRun(SuiteRunner.java:291)
	at org.testng.SuiteRunner.run(SuiteRunner.java:240)
	at org.testng.SuiteRunnerWorker.runSuite(SuiteRunnerWorker.java:52)
	at org.testng.SuiteRunnerWorker.run(SuiteRunnerWorker.java:86)
	at org.testng.TestNG.runSuitesSequentially(TestNG.java:1224)
	at org.testng.TestNG.runSuitesLocally(TestNG.java:1149)
	at org.testng.TestNG.run(TestNG.java:1057)
	at org.apache.maven.surefire.testng.TestNGExecutor.run(TestNGExecutor.java:70)
	at org.apache.maven.surefire.testng.TestNGDirectoryTestSuite.executeMulti(TestNGDirectoryTestSuite.java:158)
	at org.apache.maven.surefire.testng.TestNGDirectoryTestSuite.execute(TestNGDirectoryTestSuite.java:98)
	at org.apache.maven.surefire.testng.TestNGProvider.invoke(TestNGProvider.java:111)
	at sun.reflect.NativeMethodAccessorImpl.invoke0(Native Method)
	at sun.reflect.NativeMethodAccessorImpl.invoke(NativeMethodAccessorImpl.java:57)
	at sun.reflect.DelegatingMethodAccessorImpl.invoke(DelegatingMethodAccessorImpl.java:43)
	at java.lang.reflect.Method.invoke(Method.java:606)
	at org.apache.maven.surefire.util.ReflectionUtils.invokeMethodWithArray(ReflectionUtils.java:164)
	at org.apache.maven.surefire.booter.ProviderFactory$ProviderProxy.invoke(ProviderFactory.java:110)
	at org.apache.maven.surefire.booter.SurefireStarter.invokeProvider(SurefireStarter.java:175)
	at org.apache.maven.surefire.booter.SurefireStarter.runSuitesInProcessWhenForked(SurefireStarter.java:107)
	at org.apache.maven.surefire.booter.ForkedBooter.main(ForkedBooter.java:68)
</pre></div></td>
<td>0</td>
<td>storm.starter.bolt.TotalRankingsBoltTest@af1cf6</td></tr>
<tr>
<td title='storm.starter.bolt.TotalRankingsBoltTest.negativeOrZeroTopNShouldThrowIAE()'><b>negativeOrZeroTopNShouldThrowIAE</b><br>Test class: storm.starter.bolt.TotalRankingsBoltTest<br>Parameters: -1</td>
<td><div><pre>java.lang.IllegalArgumentException: topN must be &gt;= 1 (you requested -1)
	at storm.starter.bolt.AbstractRankerBolt.&lt;init&gt;(AbstractRankerBolt.java:44)
	at storm.starter.bolt.AbstractRankerBolt.&lt;init&gt;(AbstractRankerBolt.java:39)
	at storm.starter.bolt.TotalRankingsBolt.&lt;init&gt;(TotalRankingsBolt.java:23)
	at storm.starter.bolt.TotalRankingsBoltTest.negativeOrZeroTopNShouldThrowIAE(TotalRankingsBoltTest.java:42)
... Removed 34 stack frames</pre></div><a href='#' onClick='toggleBox("stack-trace19153097", this, "Click to show all stack frames", "Click to hide stack frames")'>Click to show all stack frames</a>
<div class='stack-trace' id='stack-trace19153097'><pre>java.lang.IllegalArgumentException: topN must be &gt;= 1 (you requested -1)
	at storm.starter.bolt.AbstractRankerBolt.&lt;init&gt;(AbstractRankerBolt.java:44)
	at storm.starter.bolt.AbstractRankerBolt.&lt;init&gt;(AbstractRankerBolt.java:39)
	at storm.starter.bolt.TotalRankingsBolt.&lt;init&gt;(TotalRankingsBolt.java:23)
	at storm.starter.bolt.TotalRankingsBoltTest.negativeOrZeroTopNShouldThrowIAE(TotalRankingsBoltTest.java:42)
	at sun.reflect.NativeMethodAccessorImpl.invoke0(Native Method)
	at sun.reflect.NativeMethodAccessorImpl.invoke(NativeMethodAccessorImpl.java:57)
	at sun.reflect.DelegatingMethodAccessorImpl.invoke(DelegatingMethodAccessorImpl.java:43)
	at java.lang.reflect.Method.invoke(Method.java:606)
	at org.testng.internal.MethodInvocationHelper.invokeMethod(MethodInvocationHelper.java:84)
	at org.testng.internal.Invoker.invokeMethod(Invoker.java:714)
	at org.testng.internal.Invoker.invokeTestMethod(Invoker.java:901)
	at org.testng.internal.Invoker.invokeTestMethods(Invoker.java:1231)
	at org.testng.internal.TestMethodWorker.invokeTestMethods(TestMethodWorker.java:127)
	at org.testng.internal.TestMethodWorker.run(TestMethodWorker.java:111)
	at org.testng.TestRunner.privateRun(TestRunner.java:767)
	at org.testng.TestRunner.run(TestRunner.java:617)
	at org.testng.SuiteRunner.runTest(SuiteRunner.java:334)
	at org.testng.SuiteRunner.runSequentially(SuiteRunner.java:329)
	at org.testng.SuiteRunner.privateRun(SuiteRunner.java:291)
	at org.testng.SuiteRunner.run(SuiteRunner.java:240)
	at org.testng.SuiteRunnerWorker.runSuite(SuiteRunnerWorker.java:52)
	at org.testng.SuiteRunnerWorker.run(SuiteRunnerWorker.java:86)
	at org.testng.TestNG.runSuitesSequentially(TestNG.java:1224)
	at org.testng.TestNG.runSuitesLocally(TestNG.java:1149)
	at org.testng.TestNG.run(TestNG.java:1057)
	at org.apache.maven.surefire.testng.TestNGExecutor.run(TestNGExecutor.java:70)
	at org.apache.maven.surefire.testng.TestNGDirectoryTestSuite.executeMulti(TestNGDirectoryTestSuite.java:158)
	at org.apache.maven.surefire.testng.TestNGDirectoryTestSuite.execute(TestNGDirectoryTestSuite.java:98)
	at org.apache.maven.surefire.testng.TestNGProvider.invoke(TestNGProvider.java:111)
	at sun.reflect.NativeMethodAccessorImpl.invoke0(Native Method)
	at sun.reflect.NativeMethodAccessorImpl.invoke(NativeMethodAccessorImpl.java:57)
	at sun.reflect.DelegatingMethodAccessorImpl.invoke(DelegatingMethodAccessorImpl.java:43)
	at java.lang.reflect.Method.invoke(Method.java:606)
	at org.apache.maven.surefire.util.ReflectionUtils.invokeMethodWithArray(ReflectionUtils.java:164)
	at org.apache.maven.surefire.booter.ProviderFactory$ProviderProxy.invoke(ProviderFactory.java:110)
	at org.apache.maven.surefire.booter.SurefireStarter.invokeProvider(SurefireStarter.java:175)
	at org.apache.maven.surefire.booter.SurefireStarter.runSuitesInProcessWhenForked(SurefireStarter.java:107)
	at org.apache.maven.surefire.booter.ForkedBooter.main(ForkedBooter.java:68)
</pre></div></td>
<td>0</td>
<td>storm.starter.bolt.TotalRankingsBoltTest@af1cf6</td></tr>
<tr>
<td title='storm.starter.bolt.TotalRankingsBoltTest.negativeOrZeroTopNShouldThrowIAE()'><b>negativeOrZeroTopNShouldThrowIAE</b><br>Test class: storm.starter.bolt.TotalRankingsBoltTest<br>Parameters: 0</td>
<td><div><pre>java.lang.IllegalArgumentException: topN must be &gt;= 1 (you requested 0)
	at storm.starter.bolt.AbstractRankerBolt.&lt;init&gt;(AbstractRankerBolt.java:44)
	at storm.starter.bolt.AbstractRankerBolt.&lt;init&gt;(AbstractRankerBolt.java:39)
	at storm.starter.bolt.TotalRankingsBolt.&lt;init&gt;(TotalRankingsBolt.java:23)
	at storm.starter.bolt.TotalRankingsBoltTest.negativeOrZeroTopNShouldThrowIAE(TotalRankingsBoltTest.java:42)
... Removed 34 stack frames</pre></div><a href='#' onClick='toggleBox("stack-trace18447858", this, "Click to show all stack frames", "Click to hide stack frames")'>Click to show all stack frames</a>
<div class='stack-trace' id='stack-trace18447858'><pre>java.lang.IllegalArgumentException: topN must be &gt;= 1 (you requested 0)
	at storm.starter.bolt.AbstractRankerBolt.&lt;init&gt;(AbstractRankerBolt.java:44)
	at storm.starter.bolt.AbstractRankerBolt.&lt;init&gt;(AbstractRankerBolt.java:39)
	at storm.starter.bolt.TotalRankingsBolt.&lt;init&gt;(TotalRankingsBolt.java:23)
	at storm.starter.bolt.TotalRankingsBoltTest.negativeOrZeroTopNShouldThrowIAE(TotalRankingsBoltTest.java:42)
	at sun.reflect.NativeMethodAccessorImpl.invoke0(Native Method)
	at sun.reflect.NativeMethodAccessorImpl.invoke(NativeMethodAccessorImpl.java:57)
	at sun.reflect.DelegatingMethodAccessorImpl.invoke(DelegatingMethodAccessorImpl.java:43)
	at java.lang.reflect.Method.invoke(Method.java:606)
	at org.testng.internal.MethodInvocationHelper.invokeMethod(MethodInvocationHelper.java:84)
	at org.testng.internal.Invoker.invokeMethod(Invoker.java:714)
	at org.testng.internal.Invoker.invokeTestMethod(Invoker.java:901)
	at org.testng.internal.Invoker.invokeTestMethods(Invoker.java:1231)
	at org.testng.internal.TestMethodWorker.invokeTestMethods(TestMethodWorker.java:127)
	at org.testng.internal.TestMethodWorker.run(TestMethodWorker.java:111)
	at org.testng.TestRunner.privateRun(TestRunner.java:767)
	at org.testng.TestRunner.run(TestRunner.java:617)
	at org.testng.SuiteRunner.runTest(SuiteRunner.java:334)
	at org.testng.SuiteRunner.runSequentially(SuiteRunner.java:329)
	at org.testng.SuiteRunner.privateRun(SuiteRunner.java:291)
	at org.testng.SuiteRunner.run(SuiteRunner.java:240)
	at org.testng.SuiteRunnerWorker.runSuite(SuiteRunnerWorker.java:52)
	at org.testng.SuiteRunnerWorker.run(SuiteRunnerWorker.java:86)
	at org.testng.TestNG.runSuitesSequentially(TestNG.java:1224)
	at org.testng.TestNG.runSuitesLocally(TestNG.java:1149)
	at org.testng.TestNG.run(TestNG.java:1057)
	at org.apache.maven.surefire.testng.TestNGExecutor.run(TestNGExecutor.java:70)
	at org.apache.maven.surefire.testng.TestNGDirectoryTestSuite.executeMulti(TestNGDirectoryTestSuite.java:158)
	at org.apache.maven.surefire.testng.TestNGDirectoryTestSuite.execute(TestNGDirectoryTestSuite.java:98)
	at org.apache.maven.surefire.testng.TestNGProvider.invoke(TestNGProvider.java:111)
	at sun.reflect.NativeMethodAccessorImpl.invoke0(Native Method)
	at sun.reflect.NativeMethodAccessorImpl.invoke(NativeMethodAccessorImpl.java:57)
	at sun.reflect.DelegatingMethodAccessorImpl.invoke(DelegatingMethodAccessorImpl.java:43)
	at java.lang.reflect.Method.invoke(Method.java:606)
	at org.apache.maven.surefire.util.ReflectionUtils.invokeMethodWithArray(ReflectionUtils.java:164)
	at org.apache.maven.surefire.booter.ProviderFactory$ProviderProxy.invoke(ProviderFactory.java:110)
	at org.apache.maven.surefire.booter.SurefireStarter.invokeProvider(SurefireStarter.java:175)
	at org.apache.maven.surefire.booter.SurefireStarter.runSuitesInProcessWhenForked(SurefireStarter.java:107)
	at org.apache.maven.surefire.booter.ForkedBooter.main(ForkedBooter.java:68)
</pre></div></td>
<td>0</td>
<td>storm.starter.bolt.TotalRankingsBoltTest@af1cf6</td></tr>
<tr>
<td title='storm.starter.tools.SlidingWindowCounterTest.newInstanceShouldHaveEmptyCounts()'><b>newInstanceShouldHaveEmptyCounts</b><br>Test class: storm.starter.tools.SlidingWindowCounterTest</td>
<td></td>
<td>0</td>
<td>storm.starter.tools.SlidingWindowCounterTest@19a6904</td></tr>
<tr>
<td title='storm.starter.tools.SlotBasedCounterTest.newInstanceShouldHaveEmptyCounts()'><b>newInstanceShouldHaveEmptyCounts</b><br>Test class: storm.starter.tools.SlotBasedCounterTest</td>
<td></td>
<td>0</td>
<td>storm.starter.tools.SlotBasedCounterTest@1ddc89</td></tr>
<tr>
<td title='storm.starter.bolt.IntermediateRankingsBoltTest.positiveEmitFrequencyShouldBeOk()'><b>positiveEmitFrequencyShouldBeOk</b><br>Test class: storm.starter.bolt.IntermediateRankingsBoltTest<br>Parameters: 1</td>
<td></td>
<td>0</td>
<td>storm.starter.bolt.IntermediateRankingsBoltTest@778a5d</td></tr>
<tr>
<td title='storm.starter.bolt.IntermediateRankingsBoltTest.positiveEmitFrequencyShouldBeOk()'><b>positiveEmitFrequencyShouldBeOk</b><br>Test class: storm.starter.bolt.IntermediateRankingsBoltTest<br>Parameters: 2</td>
<td></td>
<td>0</td>
<td>storm.starter.bolt.IntermediateRankingsBoltTest@778a5d</td></tr>
<tr>
<td title='storm.starter.bolt.IntermediateRankingsBoltTest.positiveEmitFrequencyShouldBeOk()'><b>positiveEmitFrequencyShouldBeOk</b><br>Test class: storm.starter.bolt.IntermediateRankingsBoltTest<br>Parameters: 3</td>
<td></td>
<td>0</td>
<td>storm.starter.bolt.IntermediateRankingsBoltTest@778a5d</td></tr>
<tr>
<td title='storm.starter.bolt.IntermediateRankingsBoltTest.positiveEmitFrequencyShouldBeOk()'><b>positiveEmitFrequencyShouldBeOk</b><br>Test class: storm.starter.bolt.IntermediateRankingsBoltTest<br>Parameters: 20</td>
<td></td>
<td>0</td>
<td>storm.starter.bolt.IntermediateRankingsBoltTest@778a5d</td></tr>
<tr>
<td title='storm.starter.bolt.TotalRankingsBoltTest.positiveEmitFrequencyShouldBeOk()'><b>positiveEmitFrequencyShouldBeOk</b><br>Test class: storm.starter.bolt.TotalRankingsBoltTest<br>Parameters: 1</td>
<td></td>
<td>0</td>
<td>storm.starter.bolt.TotalRankingsBoltTest@af1cf6</td></tr>
<tr>
<td title='storm.starter.bolt.TotalRankingsBoltTest.positiveEmitFrequencyShouldBeOk()'><b>positiveEmitFrequencyShouldBeOk</b><br>Test class: storm.starter.bolt.TotalRankingsBoltTest<br>Parameters: 2</td>
<td></td>
<td>0</td>
<td>storm.starter.bolt.TotalRankingsBoltTest@af1cf6</td></tr>
<tr>
<td title='storm.starter.bolt.TotalRankingsBoltTest.positiveEmitFrequencyShouldBeOk()'><b>positiveEmitFrequencyShouldBeOk</b><br>Test class: storm.starter.bolt.TotalRankingsBoltTest<br>Parameters: 3</td>
<td></td>
<td>0</td>
<td>storm.starter.bolt.TotalRankingsBoltTest@af1cf6</td></tr>
<tr>
<td title='storm.starter.bolt.TotalRankingsBoltTest.positiveEmitFrequencyShouldBeOk()'><b>positiveEmitFrequencyShouldBeOk</b><br>Test class: storm.starter.bolt.TotalRankingsBoltTest<br>Parameters: 20</td>
<td></td>
<td>0</td>
<td>storm.starter.bolt.TotalRankingsBoltTest@af1cf6</td></tr>
<tr>
<td title='storm.starter.tools.SlotBasedCounterTest.positiveNumSlotsShouldBeOk()'><b>positiveNumSlotsShouldBeOk</b><br>Test class: storm.starter.tools.SlotBasedCounterTest<br>Parameters: 1</td>
<td></td>
<td>0</td>
<td>storm.starter.tools.SlotBasedCounterTest@1ddc89</td></tr>
<tr>
<td title='storm.starter.tools.SlotBasedCounterTest.positiveNumSlotsShouldBeOk()'><b>positiveNumSlotsShouldBeOk</b><br>Test class: storm.starter.tools.SlotBasedCounterTest<br>Parameters: 2</td>
<td></td>
<td>0</td>
<td>storm.starter.tools.SlotBasedCounterTest@1ddc89</td></tr>
<tr>
<td title='storm.starter.tools.SlotBasedCounterTest.positiveNumSlotsShouldBeOk()'><b>positiveNumSlotsShouldBeOk</b><br>Test class: storm.starter.tools.SlotBasedCounterTest<br>Parameters: 3</td>
<td></td>
<td>0</td>
<td>storm.starter.tools.SlotBasedCounterTest@1ddc89</td></tr>
<tr>
<td title='storm.starter.tools.SlotBasedCounterTest.positiveNumSlotsShouldBeOk()'><b>positiveNumSlotsShouldBeOk</b><br>Test class: storm.starter.tools.SlotBasedCounterTest<br>Parameters: 20</td>
<td></td>
<td>0</td>
<td>storm.starter.tools.SlotBasedCounterTest@1ddc89</td></tr>
<tr>
<td title='storm.starter.tools.NthLastModifiedTimeTrackerTest.positiveNumTimesToTrackShouldBeOk()'><b>positiveNumTimesToTrackShouldBeOk</b><br>Test class: storm.starter.tools.NthLastModifiedTimeTrackerTest<br>Parameters: 1</td>
<td></td>
<td>0</td>
<td>storm.starter.tools.NthLastModifiedTimeTrackerTest@1d37f3b</td></tr>
<tr>
<td title='storm.starter.tools.NthLastModifiedTimeTrackerTest.positiveNumTimesToTrackShouldBeOk()'><b>positiveNumTimesToTrackShouldBeOk</b><br>Test class: storm.starter.tools.NthLastModifiedTimeTrackerTest<br>Parameters: 2</td>
<td></td>
<td>0</td>
<td>storm.starter.tools.NthLastModifiedTimeTrackerTest@1d37f3b</td></tr>
<tr>
<td title='storm.starter.tools.NthLastModifiedTimeTrackerTest.positiveNumTimesToTrackShouldBeOk()'><b>positiveNumTimesToTrackShouldBeOk</b><br>Test class: storm.starter.tools.NthLastModifiedTimeTrackerTest<br>Parameters: 3</td>
<td></td>
<td>0</td>
<td>storm.starter.tools.NthLastModifiedTimeTrackerTest@1d37f3b</td></tr>
<tr>
<td title='storm.starter.tools.NthLastModifiedTimeTrackerTest.positiveNumTimesToTrackShouldBeOk()'><b>positiveNumTimesToTrackShouldBeOk</b><br>Test class: storm.starter.tools.NthLastModifiedTimeTrackerTest<br>Parameters: 20</td>
<td></td>
<td>0</td>
<td>storm.starter.tools.NthLastModifiedTimeTrackerTest@1d37f3b</td></tr>
<tr>
<td title='storm.starter.bolt.IntermediateRankingsBoltTest.positiveTopNShouldBeOk()'><b>positiveTopNShouldBeOk</b><br>Test class: storm.starter.bolt.IntermediateRankingsBoltTest<br>Parameters: 1</td>
<td></td>
<td>0</td>
<td>storm.starter.bolt.IntermediateRankingsBoltTest@778a5d</td></tr>
<tr>
<td title='storm.starter.bolt.IntermediateRankingsBoltTest.positiveTopNShouldBeOk()'><b>positiveTopNShouldBeOk</b><br>Test class: storm.starter.bolt.IntermediateRankingsBoltTest<br>Parameters: 2</td>
<td></td>
<td>0</td>
<td>storm.starter.bolt.IntermediateRankingsBoltTest@778a5d</td></tr>
<tr>
<td title='storm.starter.bolt.IntermediateRankingsBoltTest.positiveTopNShouldBeOk()'><b>positiveTopNShouldBeOk</b><br>Test class: storm.starter.bolt.IntermediateRankingsBoltTest<br>Parameters: 3</td>
<td></td>
<td>0</td>
<td>storm.starter.bolt.IntermediateRankingsBoltTest@778a5d</td></tr>
<tr>
<td title='storm.starter.bolt.IntermediateRankingsBoltTest.positiveTopNShouldBeOk()'><b>positiveTopNShouldBeOk</b><br>Test class: storm.starter.bolt.IntermediateRankingsBoltTest<br>Parameters: 20</td>
<td></td>
<td>0</td>
<td>storm.starter.bolt.IntermediateRankingsBoltTest@778a5d</td></tr>
<tr>
<td title='storm.starter.bolt.TotalRankingsBoltTest.positiveTopNShouldBeOk()'><b>positiveTopNShouldBeOk</b><br>Test class: storm.starter.bolt.TotalRankingsBoltTest<br>Parameters: 1</td>
<td></td>
<td>0</td>
<td>storm.starter.bolt.TotalRankingsBoltTest@af1cf6</td></tr>
<tr>
<td title='storm.starter.bolt.TotalRankingsBoltTest.positiveTopNShouldBeOk()'><b>positiveTopNShouldBeOk</b><br>Test class: storm.starter.bolt.TotalRankingsBoltTest<br>Parameters: 2</td>
<td></td>
<td>0</td>
<td>storm.starter.bolt.TotalRankingsBoltTest@af1cf6</td></tr>
<tr>
<td title='storm.starter.bolt.TotalRankingsBoltTest.positiveTopNShouldBeOk()'><b>positiveTopNShouldBeOk</b><br>Test class: storm.starter.bolt.TotalRankingsBoltTest<br>Parameters: 3</td>
<td></td>
<td>0</td>
<td>storm.starter.bolt.TotalRankingsBoltTest@af1cf6</td></tr>
<tr>
<td title='storm.starter.bolt.TotalRankingsBoltTest.positiveTopNShouldBeOk()'><b>positiveTopNShouldBeOk</b><br>Test class: storm.starter.bolt.TotalRankingsBoltTest<br>Parameters: 20</td>
<td></td>
<td>0</td>
<td>storm.starter.bolt.TotalRankingsBoltTest@af1cf6</td></tr>
<tr>
<td title='storm.starter.tools.RankableObjectWithFieldsTest.shouldBeEqualToItself()'><b>shouldBeEqualToItself</b><br>Test class: storm.starter.tools.RankableObjectWithFieldsTest</td>
<td></td>
<td>0</td>
<td>storm.starter.tools.RankableObjectWithFieldsTest@4a89f7</td></tr>
<tr>
<td title='storm.starter.tools.RankableObjectWithFieldsTest.shouldBeEqualToTrueDuplicates()'><b>shouldBeEqualToTrueDuplicates</b><br>Test class: storm.starter.tools.RankableObjectWithFieldsTest<br>Parameters: [foo|0], [foo|0]</td>
<td></td>
<td>0</td>
<td>storm.starter.tools.RankableObjectWithFieldsTest@4a89f7</td></tr>
<tr>
<td title='storm.starter.tools.RankableObjectWithFieldsTest.shouldBeEqualToTrueDuplicates()'><b>shouldBeEqualToTrueDuplicates</b><br>Test class: storm.starter.tools.RankableObjectWithFieldsTest<br>Parameters: [foo|0], [foo|0|someOtherField]</td>
<td></td>
<td>0</td>
<td>storm.starter.tools.RankableObjectWithFieldsTest@4a89f7</td></tr>
<tr>
<td title='storm.starter.tools.RankableObjectWithFieldsTest.shouldBeEqualToTrueDuplicates()'><b>shouldBeEqualToTrueDuplicates</b><br>Test class: storm.starter.tools.RankableObjectWithFieldsTest<br>Parameters: [foo|0|someField], [foo|0|someOtherField]</td>
<td></td>
<td>0</td>
<td>storm.starter.tools.RankableObjectWithFieldsTest@4a89f7</td></tr>
<tr>
<td title='storm.starter.tools.RankingsTest.shouldCorrectlyRankWhenEmptyAndUpdatedWithOtherRankings()'><b>shouldCorrectlyRankWhenEmptyAndUpdatedWithOtherRankings</b><br>Test class: storm.starter.tools.RankingsTest<br>Parameters: [[A|1]], [[A|1]]</td>
<td></td>
<td>0</td>
<td>storm.starter.tools.RankingsTest@79ad9c</td></tr>
<tr>
<td title='storm.starter.tools.RankingsTest.shouldCorrectlyRankWhenEmptyAndUpdatedWithOtherRankings()'><b>shouldCorrectlyRankWhenEmptyAndUpdatedWithOtherRankings</b><br>Test class: storm.starter.tools.RankingsTest<br>Parameters: [[B|2], [D|4], [A|1], [C|3]], [[D|4], [C|3], [B|2], [A|1]]</td>
<td></td>
<td>0</td>
<td>storm.starter.tools.RankingsTest@79ad9c</td></tr>
<tr>
<td title='storm.starter.tools.RankingsTest.shouldCorrectlyRankWhenEmptyAndUpdatedWithOtherRankings()'><b>shouldCorrectlyRankWhenEmptyAndUpdatedWithOtherRankings</b><br>Test class: storm.starter.tools.RankingsTest<br>Parameters: [[B|2], [F|6], [A|1], [C|3], [D|4], [E|5]], [[F|6], [E|5], [D|4], [C|3], [B|2], [A|1]]</td>
<td></td>
<td>0</td>
<td>storm.starter.tools.RankingsTest@79ad9c</td></tr>
<tr>
<td title='storm.starter.tools.RankingsTest.shouldCorrectlyRankWhenEmptyAndUpdatedWithOtherRankings()'><b>shouldCorrectlyRankWhenEmptyAndUpdatedWithOtherRankings</b><br>Test class: storm.starter.tools.RankingsTest<br>Parameters: [[G|7], [B|2], [F|6], [A|1], [C|3], [D|4], [E|5], [H|8]], [[H|8], [G|7], [F|6], [E|5], [D|4], [C|3], [B|2], [A|1]]</td>
<td></td>
<td>0</td>
<td>storm.starter.tools.RankingsTest@79ad9c</td></tr>
<tr>
<td title='storm.starter.tools.RankingsTest.shouldCorrectlyRankWhenNotEmptyAndUpdatedWithOtherRankings()'><b>shouldCorrectlyRankWhenNotEmptyAndUpdatedWithOtherRankings</b><br>Test class: storm.starter.tools.RankingsTest<br>Parameters: [[A|1]], [[A|1]], [[A|1]]</td>
<td></td>
<td>0</td>
<td>storm.starter.tools.RankingsTest@79ad9c</td></tr>
<tr>
<td title='storm.starter.tools.RankingsTest.shouldCorrectlyRankWhenNotEmptyAndUpdatedWithOtherRankings()'><b>shouldCorrectlyRankWhenNotEmptyAndUpdatedWithOtherRankings</b><br>Test class: storm.starter.tools.RankingsTest<br>Parameters: [[A|1], [C|3]], [[B|2], [D|4]], [[D|4], [C|3], [B|2], [A|1]]</td>
<td></td>
<td>0</td>
<td>storm.starter.tools.RankingsTest@79ad9c</td></tr>
<tr>
<td title='storm.starter.tools.RankingsTest.shouldCorrectlyRankWhenNotEmptyAndUpdatedWithOtherRankings()'><b>shouldCorrectlyRankWhenNotEmptyAndUpdatedWithOtherRankings</b><br>Test class: storm.starter.tools.RankingsTest<br>Parameters: [[B|2], [F|6], [A|1]], [[C|3], [D|4], [E|5]], [[F|6], [E|5], [D|4], [C|3], [B|2], [A|1]]</td>
<td></td>
<td>0</td>
<td>storm.starter.tools.RankingsTest@79ad9c</td></tr>
<tr>
<td title='storm.starter.tools.RankingsTest.shouldCorrectlyRankWhenNotEmptyAndUpdatedWithOtherRankings()'><b>shouldCorrectlyRankWhenNotEmptyAndUpdatedWithOtherRankings</b><br>Test class: storm.starter.tools.RankingsTest<br>Parameters: [[G|7], [B|2], [F|6], [A|1], [C|3]], [[D|4], [E|5], [H|8]], [[H|8], [G|7], [F|6], [E|5], [D|4], [C|3], [B|2], [A|1]]</td>
<td></td>
<td>0</td>
<td>storm.starter.tools.RankingsTest@79ad9c</td></tr>
<tr>
<td title='storm.starter.tools.RankingsTest.shouldCorrectlyRankWhenUpdatedWithEmptyOtherRankings()'><b>shouldCorrectlyRankWhenUpdatedWithEmptyOtherRankings</b><br>Test class: storm.starter.tools.RankingsTest<br>Parameters: [[A|1]], [[A|1]]</td>
<td></td>
<td>0</td>
<td>storm.starter.tools.RankingsTest@79ad9c</td></tr>
<tr>
<td title='storm.starter.tools.RankingsTest.shouldCorrectlyRankWhenUpdatedWithEmptyOtherRankings()'><b>shouldCorrectlyRankWhenUpdatedWithEmptyOtherRankings</b><br>Test class: storm.starter.tools.RankingsTest<br>Parameters: [[B|2], [D|4], [A|1], [C|3]], [[D|4], [C|3], [B|2], [A|1]]</td>
<td></td>
<td>0</td>
<td>storm.starter.tools.RankingsTest@79ad9c</td></tr>
<tr>
<td title='storm.starter.tools.RankingsTest.shouldCorrectlyRankWhenUpdatedWithEmptyOtherRankings()'><b>shouldCorrectlyRankWhenUpdatedWithEmptyOtherRankings</b><br>Test class: storm.starter.tools.RankingsTest<br>Parameters: [[B|2], [F|6], [A|1], [C|3], [D|4], [E|5]], [[F|6], [E|5], [D|4], [C|3], [B|2], [A|1]]</td>
<td></td>
<td>0</td>
<td>storm.starter.tools.RankingsTest@79ad9c</td></tr>
<tr>
<td title='storm.starter.tools.RankingsTest.shouldCorrectlyRankWhenUpdatedWithEmptyOtherRankings()'><b>shouldCorrectlyRankWhenUpdatedWithEmptyOtherRankings</b><br>Test class: storm.starter.tools.RankingsTest<br>Parameters: [[G|7], [B|2], [F|6], [A|1], [C|3], [D|4], [E|5], [H|8]], [[H|8], [G|7], [F|6], [E|5], [D|4], [C|3], [B|2], [A|1]]</td>
<td></td>
<td>0</td>
<td>storm.starter.tools.RankingsTest@79ad9c</td></tr>
<tr>
<td title='storm.starter.tools.RankingsTest.shouldCorrectlyRankWhenUpdatedWithRankables()'><b>shouldCorrectlyRankWhenUpdatedWithRankables</b><br>Test class: storm.starter.tools.RankingsTest<br>Parameters: [[A|1]], [[A|1]]</td>
<td></td>
<td>0</td>
<td>storm.starter.tools.RankingsTest@79ad9c</td></tr>
<tr>
<td title='storm.starter.tools.RankingsTest.shouldCorrectlyRankWhenUpdatedWithRankables()'><b>shouldCorrectlyRankWhenUpdatedWithRankables</b><br>Test class: storm.starter.tools.RankingsTest<br>Parameters: [[B|2], [D|4], [A|1], [C|3]], [[D|4], [C|3], [B|2], [A|1]]</td>
<td></td>
<td>0</td>
<td>storm.starter.tools.RankingsTest@79ad9c</td></tr>
<tr>
<td title='storm.starter.tools.RankingsTest.shouldCorrectlyRankWhenUpdatedWithRankables()'><b>shouldCorrectlyRankWhenUpdatedWithRankables</b><br>Test class: storm.starter.tools.RankingsTest<br>Parameters: [[B|2], [F|6], [A|1], [C|3], [D|4], [E|5]], [[F|6], [E|5], [D|4], [C|3], [B|2], [A|1]]</td>
<td></td>
<td>0</td>
<td>storm.starter.tools.RankingsTest@79ad9c</td></tr>
<tr>
<td title='storm.starter.tools.RankingsTest.shouldCorrectlyRankWhenUpdatedWithRankables()'><b>shouldCorrectlyRankWhenUpdatedWithRankables</b><br>Test class: storm.starter.tools.RankingsTest<br>Parameters: [[G|7], [B|2], [F|6], [A|1], [C|3], [D|4], [E|5], [H|8]], [[H|8], [G|7], [F|6], [E|5], [D|4], [C|3], [B|2], [A|1]]</td>
<td></td>
<td>0</td>
<td>storm.starter.tools.RankingsTest@79ad9c</td></tr>
<tr>
<td title='storm.starter.tools.RankableObjectWithFieldsTest.shouldCreateRankableObjectFromTuple()'><b>shouldCreateRankableObjectFromTuple</b><br>Test class: storm.starter.tools.RankableObjectWithFieldsTest</td>
<td></td>
<td>0</td>
<td>storm.starter.tools.RankableObjectWithFieldsTest@4a89f7</td></tr>
<tr>
<td title='storm.starter.bolt.IntermediateRankingsBoltTest.shouldDeclareOutputFields()'><b>shouldDeclareOutputFields</b><br>Test class: storm.starter.bolt.IntermediateRankingsBoltTest</td>
<td></td>
<td>0</td>
<td>storm.starter.bolt.IntermediateRankingsBoltTest@778a5d</td></tr>
<tr>
<td title='storm.starter.bolt.RollingCountBoltTest.shouldDeclareOutputFields()'><b>shouldDeclareOutputFields</b><br>Test class: storm.starter.bolt.RollingCountBoltTest</td>
<td></td>
<td>0</td>
<td>storm.starter.bolt.RollingCountBoltTest@1a7e04f</td></tr>
<tr>
<td title='storm.starter.bolt.TotalRankingsBoltTest.shouldDeclareOutputFields()'><b>shouldDeclareOutputFields</b><br>Test class: storm.starter.bolt.TotalRankingsBoltTest</td>
<td></td>
<td>0</td>
<td>storm.starter.bolt.TotalRankingsBoltTest@af1cf6</td></tr>
<tr>
<td title='storm.starter.bolt.RollingCountBoltTest.shouldEmitNothingIfNoObjectHasBeenCountedYetAndTickTupleIsReceived()'><b>shouldEmitNothingIfNoObjectHasBeenCountedYetAndTickTupleIsReceived</b><br>Test class: storm.starter.bolt.RollingCountBoltTest</td>
<td></td>
<td>0</td>
<td>storm.starter.bolt.RollingCountBoltTest@1a7e04f</td></tr>
<tr>
<td title='storm.starter.bolt.IntermediateRankingsBoltTest.shouldEmitNothingIfNormalTupleIsReceived()'><b>shouldEmitNothingIfNormalTupleIsReceived</b><br>Test class: storm.starter.bolt.IntermediateRankingsBoltTest</td>
<td></td>
<td>0</td>
<td>storm.starter.bolt.IntermediateRankingsBoltTest@778a5d</td></tr>
<tr>
<td title='storm.starter.bolt.TotalRankingsBoltTest.shouldEmitNothingIfNormalTupleIsReceived()'><b>shouldEmitNothingIfNormalTupleIsReceived</b><br>Test class: storm.starter.bolt.TotalRankingsBoltTest</td>
<td></td>
<td>0</td>
<td>storm.starter.bolt.TotalRankingsBoltTest@af1cf6</td></tr>
<tr>
<td title='storm.starter.bolt.RollingCountBoltTest.shouldEmitSomethingIfAtLeastOneObjectWasCountedAndTickTupleIsReceived()'><b>shouldEmitSomethingIfAtLeastOneObjectWasCountedAndTickTupleIsReceived</b><br>Test class: storm.starter.bolt.RollingCountBoltTest</td>
<td></td>
<td>0</td>
<td>storm.starter.bolt.RollingCountBoltTest@1a7e04f</td></tr>
<tr>
<td title='storm.starter.bolt.IntermediateRankingsBoltTest.shouldEmitSomethingIfTickTupleIsReceived()'><b>shouldEmitSomethingIfTickTupleIsReceived</b><br>Test class: storm.starter.bolt.IntermediateRankingsBoltTest</td>
<td></td>
<td>0</td>
<td>storm.starter.bolt.IntermediateRankingsBoltTest@778a5d</td></tr>
<tr>
<td title='storm.starter.bolt.TotalRankingsBoltTest.shouldEmitSomethingIfTickTupleIsReceived()'><b>shouldEmitSomethingIfTickTupleIsReceived</b><br>Test class: storm.starter.bolt.TotalRankingsBoltTest</td>
<td></td>
<td>0</td>
<td>storm.starter.bolt.TotalRankingsBoltTest@af1cf6</td></tr>
<tr>
<td title='storm.starter.tools.RankingsTest.shouldHaveDefaultConstructor()'><b>shouldHaveDefaultConstructor</b><br>Test class: storm.starter.tools.RankingsTest</td>
<td></td>
<td>0</td>
<td>storm.starter.tools.RankingsTest@79ad9c</td></tr>
<tr>
<td title='storm.starter.tools.RankableObjectWithFieldsTest.shouldHaveDifferentHashCodeThanFalseDuplicates()'><b>shouldHaveDifferentHashCodeThanFalseDuplicates</b><br>Test class: storm.starter.tools.RankableObjectWithFieldsTest<br>Parameters: [foo|0], [foo|1]</td>
<td></td>
<td>0</td>
<td>storm.starter.tools.RankableObjectWithFieldsTest@4a89f7</td></tr>
<tr>
<td title='storm.starter.tools.RankableObjectWithFieldsTest.shouldHaveDifferentHashCodeThanFalseDuplicates()'><b>shouldHaveDifferentHashCodeThanFalseDuplicates</b><br>Test class: storm.starter.tools.RankableObjectWithFieldsTest<br>Parameters: [foo|1], [Foo|1]</td>
<td></td>
<td>0</td>
<td>storm.starter.tools.RankableObjectWithFieldsTest@4a89f7</td></tr>
<tr>
<td title='storm.starter.tools.RankableObjectWithFieldsTest.shouldHaveDifferentHashCodeThanFalseDuplicates()'><b>shouldHaveDifferentHashCodeThanFalseDuplicates</b><br>Test class: storm.starter.tools.RankableObjectWithFieldsTest<br>Parameters: [foo|1], [FOO|1]</td>
<td></td>
<td>0</td>
<td>storm.starter.tools.RankableObjectWithFieldsTest@4a89f7</td></tr>
<tr>
<td title='storm.starter.tools.RankableObjectWithFieldsTest.shouldHaveDifferentHashCodeThanFalseDuplicates()'><b>shouldHaveDifferentHashCodeThanFalseDuplicates</b><br>Test class: storm.starter.tools.RankableObjectWithFieldsTest<br>Parameters: [foo|1], [bar|1]</td>
<td></td>
<td>0</td>
<td>storm.starter.tools.RankableObjectWithFieldsTest@4a89f7</td></tr>
<tr>
<td title='storm.starter.tools.RankableObjectWithFieldsTest.shouldHaveDifferentHashCodeThanFalseDuplicates()'><b>shouldHaveDifferentHashCodeThanFalseDuplicates</b><br>Test class: storm.starter.tools.RankableObjectWithFieldsTest<br>Parameters: [|0], [|1]</td>
<td></td>
<td>0</td>
<td>storm.starter.tools.RankableObjectWithFieldsTest@4a89f7</td></tr>
<tr>
<td title='storm.starter.tools.RankableObjectWithFieldsTest.shouldHaveDifferentHashCodeThanFalseDuplicates()'><b>shouldHaveDifferentHashCodeThanFalseDuplicates</b><br>Test class: storm.starter.tools.RankableObjectWithFieldsTest<br>Parameters: [|1], [bar|1]</td>
<td></td>
<td>0</td>
<td>storm.starter.tools.RankableObjectWithFieldsTest@4a89f7</td></tr>
<tr>
<td title='storm.starter.tools.RankableObjectWithFieldsTest.shouldHaveSameHashCodeAsTrueDuplicates()'><b>shouldHaveSameHashCodeAsTrueDuplicates</b><br>Test class: storm.starter.tools.RankableObjectWithFieldsTest<br>Parameters: [foo|0], [foo|0]</td>
<td></td>
<td>0</td>
<td>storm.starter.tools.RankableObjectWithFieldsTest@4a89f7</td></tr>
<tr>
<td title='storm.starter.tools.RankableObjectWithFieldsTest.shouldHaveSameHashCodeAsTrueDuplicates()'><b>shouldHaveSameHashCodeAsTrueDuplicates</b><br>Test class: storm.starter.tools.RankableObjectWithFieldsTest<br>Parameters: [foo|0], [foo|0|someOtherField]</td>
<td></td>
<td>0</td>
<td>storm.starter.tools.RankableObjectWithFieldsTest@4a89f7</td></tr>
<tr>
<td title='storm.starter.tools.RankableObjectWithFieldsTest.shouldHaveSameHashCodeAsTrueDuplicates()'><b>shouldHaveSameHashCodeAsTrueDuplicates</b><br>Test class: storm.starter.tools.RankableObjectWithFieldsTest<br>Parameters: [foo|0|someField], [foo|0|someOtherField]</td>
<td></td>
<td>0</td>
<td>storm.starter.tools.RankableObjectWithFieldsTest@4a89f7</td></tr>
<tr>
<td title='storm.starter.tools.SlotBasedCounterTest.shouldIncrementCount()'><b>shouldIncrementCount</b><br>Test class: storm.starter.tools.SlotBasedCounterTest<br>Parameters: [Ljava.lang.String;@fb0e95, [I@7a7880</td>
<td></td>
<td>0</td>
<td>storm.starter.tools.SlotBasedCounterTest@1ddc89</td></tr>
<tr>
<td title='storm.starter.tools.SlotBasedCounterTest.shouldIncrementCountOnlyOneSlotAtATime()'><b>shouldIncrementCountOnlyOneSlotAtATime</b><br>Test class: storm.starter.tools.SlotBasedCounterTest</td>
<td></td>
<td>0</td>
<td>storm.starter.tools.SlotBasedCounterTest@1ddc89</td></tr>
<tr>
<td title='storm.starter.tools.RankableObjectWithFieldsTest.shouldNotBeEqualToFalseDuplicates()'><b>shouldNotBeEqualToFalseDuplicates</b><br>Test class: storm.starter.tools.RankableObjectWithFieldsTest<br>Parameters: [foo|0], [foo|1]</td>
<td></td>
<td>0</td>
<td>storm.starter.tools.RankableObjectWithFieldsTest@4a89f7</td></tr>
<tr>
<td title='storm.starter.tools.RankableObjectWithFieldsTest.shouldNotBeEqualToFalseDuplicates()'><b>shouldNotBeEqualToFalseDuplicates</b><br>Test class: storm.starter.tools.RankableObjectWithFieldsTest<br>Parameters: [foo|1], [Foo|1]</td>
<td></td>
<td>0</td>
<td>storm.starter.tools.RankableObjectWithFieldsTest@4a89f7</td></tr>
<tr>
<td title='storm.starter.tools.RankableObjectWithFieldsTest.shouldNotBeEqualToFalseDuplicates()'><b>shouldNotBeEqualToFalseDuplicates</b><br>Test class: storm.starter.tools.RankableObjectWithFieldsTest<br>Parameters: [foo|1], [FOO|1]</td>
<td></td>
<td>0</td>
<td>storm.starter.tools.RankableObjectWithFieldsTest@4a89f7</td></tr>
<tr>
<td title='storm.starter.tools.RankableObjectWithFieldsTest.shouldNotBeEqualToFalseDuplicates()'><b>shouldNotBeEqualToFalseDuplicates</b><br>Test class: storm.starter.tools.RankableObjectWithFieldsTest<br>Parameters: [foo|1], [bar|1]</td>
<td></td>
<td>0</td>
<td>storm.starter.tools.RankableObjectWithFieldsTest@4a89f7</td></tr>
<tr>
<td title='storm.starter.tools.RankableObjectWithFieldsTest.shouldNotBeEqualToFalseDuplicates()'><b>shouldNotBeEqualToFalseDuplicates</b><br>Test class: storm.starter.tools.RankableObjectWithFieldsTest<br>Parameters: [|0], [|1]</td>
<td></td>
<td>0</td>
<td>storm.starter.tools.RankableObjectWithFieldsTest@4a89f7</td></tr>
<tr>
<td title='storm.starter.tools.RankableObjectWithFieldsTest.shouldNotBeEqualToFalseDuplicates()'><b>shouldNotBeEqualToFalseDuplicates</b><br>Test class: storm.starter.tools.RankableObjectWithFieldsTest<br>Parameters: [|1], [bar|1]</td>
<td></td>
<td>0</td>
<td>storm.starter.tools.RankableObjectWithFieldsTest@4a89f7</td></tr>
<tr>
<td title='storm.starter.tools.RankableObjectWithFieldsTest.shouldNotBeEqualToInstancesOfOtherClasses()'><b>shouldNotBeEqualToInstancesOfOtherClasses</b><br>Test class: storm.starter.tools.RankableObjectWithFieldsTest<br>Parameters: foo</td>
<td></td>
<td>0</td>
<td>storm.starter.tools.RankableObjectWithFieldsTest@4a89f7</td></tr>
<tr>
<td title='storm.starter.tools.RankableObjectWithFieldsTest.shouldNotBeEqualToInstancesOfOtherClasses()'><b>shouldNotBeEqualToInstancesOfOtherClasses</b><br>Test class: storm.starter.tools.RankableObjectWithFieldsTest<br>Parameters: java.lang.Object@a5143a</td>
<td></td>
<td>0</td>
<td>storm.starter.tools.RankableObjectWithFieldsTest@4a89f7</td></tr>
<tr>
<td title='storm.starter.tools.RankableObjectWithFieldsTest.shouldNotBeEqualToInstancesOfOtherClasses()'><b>shouldNotBeEqualToInstancesOfOtherClasses</b><br>Test class: storm.starter.tools.RankableObjectWithFieldsTest<br>Parameters: 4</td>
<td></td>
<td>0</td>
<td>storm.starter.tools.RankableObjectWithFieldsTest@4a89f7</td></tr>
<tr>
<td title='storm.starter.tools.RankableObjectWithFieldsTest.shouldNotBeEqualToInstancesOfOtherClasses()'><b>shouldNotBeEqualToInstancesOfOtherClasses</b><br>Test class: storm.starter.tools.RankableObjectWithFieldsTest<br>Parameters: [7, 8, 9]</td>
<td></td>
<td>0</td>
<td>storm.starter.tools.RankableObjectWithFieldsTest@4a89f7</td></tr>
<tr>
<td title='storm.starter.tools.RankingsTest.shouldNotRankDuplicateObjectsMoreThanOnce()'><b>shouldNotRankDuplicateObjectsMoreThanOnce</b><br>Test class: storm.starter.tools.RankingsTest<br>Parameters: [[someObject|42], [someObject|42], [someObject|42]]</td>
<td></td>
<td>0</td>
<td>storm.starter.tools.RankingsTest@79ad9c</td></tr>
<tr>
<td title='storm.starter.tools.RankingsTest.shouldNotRankDuplicateObjectsMoreThanOnce()'><b>shouldNotRankDuplicateObjectsMoreThanOnce</b><br>Test class: storm.starter.tools.RankingsTest<br>Parameters: [[A|1], [A|2], [A|3]]</td>
<td></td>
<td>0</td>
<td>storm.starter.tools.RankingsTest@79ad9c</td></tr>
<tr>
<td title='storm.starter.tools.RankingsTest.shouldRemoveZeroCounts()'><b>shouldRemoveZeroCounts</b><br>Test class: storm.starter.tools.RankingsTest<br>Parameters: [[A|1], [ZERO_COUNT|0]], [[A|1]]</td>
<td></td>
<td>0</td>
<td>storm.starter.tools.RankingsTest@79ad9c</td></tr>
<tr>
<td title='storm.starter.tools.RankingsTest.shouldRemoveZeroCounts()'><b>shouldRemoveZeroCounts</b><br>Test class: storm.starter.tools.RankingsTest<br>Parameters: [[A|1]], [[A|1]]</td>
<td></td>
<td>0</td>
<td>storm.starter.tools.RankingsTest@79ad9c</td></tr>
<tr>
<td title='storm.starter.tools.RankingsTest.shouldRemoveZeroCounts()'><b>shouldRemoveZeroCounts</b><br>Test class: storm.starter.tools.RankingsTest<br>Parameters: [[ZERO_COUNT|0], [A|1]], [[A|1]]</td>
<td></td>
<td>0</td>
<td>storm.starter.tools.RankingsTest@79ad9c</td></tr>
<tr>
<td title='storm.starter.tools.RankingsTest.shouldRemoveZeroCounts()'><b>shouldRemoveZeroCounts</b><br>Test class: storm.starter.tools.RankingsTest<br>Parameters: [[ZERO_COUNT|0]], []</td>
<td></td>
<td>0</td>
<td>storm.starter.tools.RankingsTest@79ad9c</td></tr>
<tr>
<td title='storm.starter.tools.RankingsTest.shouldRemoveZeroCounts()'><b>shouldRemoveZeroCounts</b><br>Test class: storm.starter.tools.RankingsTest<br>Parameters: [[ZERO_COUNT|0], [ZERO2|0]], []</td>
<td></td>
<td>0</td>
<td>storm.starter.tools.RankingsTest@79ad9c</td></tr>
<tr>
<td title='storm.starter.tools.RankingsTest.shouldRemoveZeroCounts()'><b>shouldRemoveZeroCounts</b><br>Test class: storm.starter.tools.RankingsTest<br>Parameters: [[B|2], [ZERO_COUNT|0], [ZERO2|0], [D|4], [ZERO3|0], [ZERO4|0], [C|3]], [[D|4], [C|3], [B|2]]</td>
<td></td>
<td>0</td>
<td>storm.starter.tools.RankingsTest@79ad9c</td></tr>
<tr>
<td title='storm.starter.tools.RankingsTest.shouldRemoveZeroCounts()'><b>shouldRemoveZeroCounts</b><br>Test class: storm.starter.tools.RankingsTest<br>Parameters: [[A|1], [ZERO_COUNT|0], [B|2]], [[B|2], [A|1]]</td>
<td></td>
<td>0</td>
<td>storm.starter.tools.RankingsTest@79ad9c</td></tr>
<tr>
<td title='storm.starter.tools.NthLastModifiedTimeTrackerTest.shouldReturnCorrectModifiedTimeEvenWhenNotYetMarkedAsModified()'><b>shouldReturnCorrectModifiedTimeEvenWhenNotYetMarkedAsModified</b><br>Test class: storm.starter.tools.NthLastModifiedTimeTrackerTest<br>Parameters: 0</td>
<td></td>
<td>0</td>
<td>storm.starter.tools.NthLastModifiedTimeTrackerTest@1d37f3b</td></tr>
<tr>
<td title='storm.starter.tools.NthLastModifiedTimeTrackerTest.shouldReturnCorrectModifiedTimeEvenWhenNotYetMarkedAsModified()'><b>shouldReturnCorrectModifiedTimeEvenWhenNotYetMarkedAsModified</b><br>Test class: storm.starter.tools.NthLastModifiedTimeTrackerTest<br>Parameters: 1</td>
<td></td>
<td>0</td>
<td>storm.starter.tools.NthLastModifiedTimeTrackerTest@1d37f3b</td></tr>
<tr>
<td title='storm.starter.tools.NthLastModifiedTimeTrackerTest.shouldReturnCorrectModifiedTimeEvenWhenNotYetMarkedAsModified()'><b>shouldReturnCorrectModifiedTimeEvenWhenNotYetMarkedAsModified</b><br>Test class: storm.starter.tools.NthLastModifiedTimeTrackerTest<br>Parameters: 2</td>
<td></td>
<td>0</td>
<td>storm.starter.tools.NthLastModifiedTimeTrackerTest@1d37f3b</td></tr>
<tr>
<td title='storm.starter.tools.NthLastModifiedTimeTrackerTest.shouldReturnCorrectModifiedTimeEvenWhenNotYetMarkedAsModified()'><b>shouldReturnCorrectModifiedTimeEvenWhenNotYetMarkedAsModified</b><br>Test class: storm.starter.tools.NthLastModifiedTimeTrackerTest<br>Parameters: 3</td>
<td></td>
<td>0</td>
<td>storm.starter.tools.NthLastModifiedTimeTrackerTest@1d37f3b</td></tr>
<tr>
<td title='storm.starter.tools.NthLastModifiedTimeTrackerTest.shouldReturnCorrectModifiedTimeEvenWhenNotYetMarkedAsModified()'><b>shouldReturnCorrectModifiedTimeEvenWhenNotYetMarkedAsModified</b><br>Test class: storm.starter.tools.NthLastModifiedTimeTrackerTest<br>Parameters: 4</td>
<td></td>
<td>0</td>
<td>storm.starter.tools.NthLastModifiedTimeTrackerTest@1d37f3b</td></tr>
<tr>
<td title='storm.starter.tools.NthLastModifiedTimeTrackerTest.shouldReturnCorrectModifiedTimeEvenWhenNotYetMarkedAsModified()'><b>shouldReturnCorrectModifiedTimeEvenWhenNotYetMarkedAsModified</b><br>Test class: storm.starter.tools.NthLastModifiedTimeTrackerTest<br>Parameters: 5</td>
<td></td>
<td>0</td>
<td>storm.starter.tools.NthLastModifiedTimeTrackerTest@1d37f3b</td></tr>
<tr>
<td title='storm.starter.tools.NthLastModifiedTimeTrackerTest.shouldReturnCorrectModifiedTimeEvenWhenNotYetMarkedAsModified()'><b>shouldReturnCorrectModifiedTimeEvenWhenNotYetMarkedAsModified</b><br>Test class: storm.starter.tools.NthLastModifiedTimeTrackerTest<br>Parameters: 8</td>
<td></td>
<td>0</td>
<td>storm.starter.tools.NthLastModifiedTimeTrackerTest@1d37f3b</td></tr>
<tr>
<td title='storm.starter.tools.NthLastModifiedTimeTrackerTest.shouldReturnCorrectModifiedTimeEvenWhenNotYetMarkedAsModified()'><b>shouldReturnCorrectModifiedTimeEvenWhenNotYetMarkedAsModified</b><br>Test class: storm.starter.tools.NthLastModifiedTimeTrackerTest<br>Parameters: 10</td>
<td></td>
<td>0</td>
<td>storm.starter.tools.NthLastModifiedTimeTrackerTest@1d37f3b</td></tr>
<tr>
<td title='storm.starter.tools.NthLastModifiedTimeTrackerTest.shouldReturnCorrectModifiedTimeWhenMarkedAsModified()'><b>shouldReturnCorrectModifiedTimeWhenMarkedAsModified</b><br>Test class: storm.starter.tools.NthLastModifiedTimeTrackerTest<br>Parameters: 1, [I@7d46d4, [I@b52338</td>
<td></td>
<td>0</td>
<td>storm.starter.tools.NthLastModifiedTimeTrackerTest@1d37f3b</td></tr>
<tr>
<td title='storm.starter.tools.NthLastModifiedTimeTrackerTest.shouldReturnCorrectModifiedTimeWhenMarkedAsModified()'><b>shouldReturnCorrectModifiedTimeWhenMarkedAsModified</b><br>Test class: storm.starter.tools.NthLastModifiedTimeTrackerTest<br>Parameters: 1, [I@1b380c, [I@fcc0cf</td>
<td></td>
<td>0</td>
<td>storm.starter.tools.NthLastModifiedTimeTrackerTest@1d37f3b</td></tr>
<tr>
<td title='storm.starter.tools.NthLastModifiedTimeTrackerTest.shouldReturnCorrectModifiedTimeWhenMarkedAsModified()'><b>shouldReturnCorrectModifiedTimeWhenMarkedAsModified</b><br>Test class: storm.starter.tools.NthLastModifiedTimeTrackerTest<br>Parameters: 2, [I@1d69103, [I@1ca747e</td>
<td></td>
<td>0</td>
<td>storm.starter.tools.NthLastModifiedTimeTrackerTest@1d37f3b</td></tr>
<tr>
<td title='storm.starter.tools.NthLastModifiedTimeTrackerTest.shouldReturnCorrectModifiedTimeWhenMarkedAsModified()'><b>shouldReturnCorrectModifiedTimeWhenMarkedAsModified</b><br>Test class: storm.starter.tools.NthLastModifiedTimeTrackerTest<br>Parameters: 2, [I@a614b5, [I@19981aa</td>
<td></td>
<td>0</td>
<td>storm.starter.tools.NthLastModifiedTimeTrackerTest@1d37f3b</td></tr>
<tr>
<td title='storm.starter.tools.NthLastModifiedTimeTrackerTest.shouldReturnCorrectModifiedTimeWhenMarkedAsModified()'><b>shouldReturnCorrectModifiedTimeWhenMarkedAsModified</b><br>Test class: storm.starter.tools.NthLastModifiedTimeTrackerTest<br>Parameters: 1, [I@10fd228, [I@1ae5a48</td>
<td></td>
<td>0</td>
<td>storm.starter.tools.NthLastModifiedTimeTrackerTest@1d37f3b</td></tr>
<tr>
<td title='storm.starter.tools.NthLastModifiedTimeTrackerTest.shouldReturnCorrectModifiedTimeWhenMarkedAsModified()'><b>shouldReturnCorrectModifiedTimeWhenMarkedAsModified</b><br>Test class: storm.starter.tools.NthLastModifiedTimeTrackerTest<br>Parameters: 1, [I@1a957e3, [I@c92718</td>
<td></td>
<td>0</td>
<td>storm.starter.tools.NthLastModifiedTimeTrackerTest@1d37f3b</td></tr>
<tr>
<td title='storm.starter.tools.NthLastModifiedTimeTrackerTest.shouldReturnCorrectModifiedTimeWhenMarkedAsModified()'><b>shouldReturnCorrectModifiedTimeWhenMarkedAsModified</b><br>Test class: storm.starter.tools.NthLastModifiedTimeTrackerTest<br>Parameters: 2, [I@25bf03, [I@1f8d38</td>
<td></td>
<td>0</td>
<td>storm.starter.tools.NthLastModifiedTimeTrackerTest@1d37f3b</td></tr>
<tr>
<td title='storm.starter.tools.NthLastModifiedTimeTrackerTest.shouldReturnCorrectModifiedTimeWhenMarkedAsModified()'><b>shouldReturnCorrectModifiedTimeWhenMarkedAsModified</b><br>Test class: storm.starter.tools.NthLastModifiedTimeTrackerTest<br>Parameters: 2, [I@170713d, [I@11a7733</td>
<td></td>
<td>0</td>
<td>storm.starter.tools.NthLastModifiedTimeTrackerTest@1d37f3b</td></tr>
<tr>
<td title='storm.starter.tools.NthLastModifiedTimeTrackerTest.shouldReturnCorrectModifiedTimeWhenMarkedAsModified()'><b>shouldReturnCorrectModifiedTimeWhenMarkedAsModified</b><br>Test class: storm.starter.tools.NthLastModifiedTimeTrackerTest<br>Parameters: 2, [I@87eb2d, [I@160fc8e</td>
<td></td>
<td>0</td>
<td>storm.starter.tools.NthLastModifiedTimeTrackerTest@1d37f3b</td></tr>
<tr>
<td title='storm.starter.tools.NthLastModifiedTimeTrackerTest.shouldReturnCorrectModifiedTimeWhenMarkedAsModified()'><b>shouldReturnCorrectModifiedTimeWhenMarkedAsModified</b><br>Test class: storm.starter.tools.NthLastModifiedTimeTrackerTest<br>Parameters: 3, [I@64f966, [I@13199cb</td>
<td></td>
<td>0</td>
<td>storm.starter.tools.NthLastModifiedTimeTrackerTest@1d37f3b</td></tr>
<tr>
<td title='storm.starter.tools.NthLastModifiedTimeTrackerTest.shouldReturnCorrectModifiedTimeWhenMarkedAsModified()'><b>shouldReturnCorrectModifiedTimeWhenMarkedAsModified</b><br>Test class: storm.starter.tools.NthLastModifiedTimeTrackerTest<br>Parameters: 3, [I@167df09, [I@63f8ce</td>
<td></td>
<td>0</td>
<td>storm.starter.tools.NthLastModifiedTimeTrackerTest@1d37f3b</td></tr>
<tr>
<td title='storm.starter.tools.NthLastModifiedTimeTrackerTest.shouldReturnCorrectModifiedTimeWhenMarkedAsModified()'><b>shouldReturnCorrectModifiedTimeWhenMarkedAsModified</b><br>Test class: storm.starter.tools.NthLastModifiedTimeTrackerTest<br>Parameters: 3, [I@163aaf1, [I@6be93e</td>
<td></td>
<td>0</td>
<td>storm.starter.tools.NthLastModifiedTimeTrackerTest@1d37f3b</td></tr>
<tr>
<td title='storm.starter.tools.NthLastModifiedTimeTrackerTest.shouldReturnCorrectModifiedTimeWhenMarkedAsModified()'><b>shouldReturnCorrectModifiedTimeWhenMarkedAsModified</b><br>Test class: storm.starter.tools.NthLastModifiedTimeTrackerTest<br>Parameters: 4, [I@9e067c, [I@bbee99</td>
<td></td>
<td>0</td>
<td>storm.starter.tools.NthLastModifiedTimeTrackerTest@1d37f3b</td></tr>
<tr>
<td title='storm.starter.tools.NthLastModifiedTimeTrackerTest.shouldReturnCorrectModifiedTimeWhenMarkedAsModified()'><b>shouldReturnCorrectModifiedTimeWhenMarkedAsModified</b><br>Test class: storm.starter.tools.NthLastModifiedTimeTrackerTest<br>Parameters: 4, [I@2dbdc2, [I@1053093</td>
<td></td>
<td>0</td>
<td>storm.starter.tools.NthLastModifiedTimeTrackerTest@1d37f3b</td></tr>
<tr>
<td title='storm.starter.tools.NthLastModifiedTimeTrackerTest.shouldReturnCorrectModifiedTimeWhenMarkedAsModified()'><b>shouldReturnCorrectModifiedTimeWhenMarkedAsModified</b><br>Test class: storm.starter.tools.NthLastModifiedTimeTrackerTest<br>Parameters: 4, [I@1b81d10, [I@7c12a1</td>
<td></td>
<td>0</td>
<td>storm.starter.tools.NthLastModifiedTimeTrackerTest@1d37f3b</td></tr>
<tr>
<td title='storm.starter.tools.NthLastModifiedTimeTrackerTest.shouldReturnCorrectModifiedTimeWhenMarkedAsModified()'><b>shouldReturnCorrectModifiedTimeWhenMarkedAsModified</b><br>Test class: storm.starter.tools.NthLastModifiedTimeTrackerTest<br>Parameters: 5, [I@1ab0b5a, [I@766050</td>
<td></td>
<td>0</td>
<td>storm.starter.tools.NthLastModifiedTimeTrackerTest@1d37f3b</td></tr>
<tr>
<td title='storm.starter.tools.NthLastModifiedTimeTrackerTest.shouldReturnCorrectModifiedTimeWhenMarkedAsModified()'><b>shouldReturnCorrectModifiedTimeWhenMarkedAsModified</b><br>Test class: storm.starter.tools.NthLastModifiedTimeTrackerTest<br>Parameters: 5, [I@1ad5296, [I@8feeb</td>
<td></td>
<td>0</td>
<td>storm.starter.tools.NthLastModifiedTimeTrackerTest@1d37f3b</td></tr>
<tr>
<td title='storm.starter.tools.NthLastModifiedTimeTrackerTest.shouldReturnCorrectModifiedTimeWhenMarkedAsModified()'><b>shouldReturnCorrectModifiedTimeWhenMarkedAsModified</b><br>Test class: storm.starter.tools.NthLastModifiedTimeTrackerTest<br>Parameters: 5, [I@97fb72, [I@1fd24c1</td>
<td></td>
<td>0</td>
<td>storm.starter.tools.NthLastModifiedTimeTrackerTest@1d37f3b</td></tr>
<tr>
<td title='storm.starter.tools.NthLastModifiedTimeTrackerTest.shouldReturnCorrectModifiedTimeWhenMarkedAsModified()'><b>shouldReturnCorrectModifiedTimeWhenMarkedAsModified</b><br>Test class: storm.starter.tools.NthLastModifiedTimeTrackerTest<br>Parameters: 6, [I@781ecc, [I@2e1bbd</td>
<td></td>
<td>0</td>
<td>storm.starter.tools.NthLastModifiedTimeTrackerTest@1d37f3b</td></tr>
<tr>
<td title='storm.starter.tools.NthLastModifiedTimeTrackerTest.shouldReturnCorrectModifiedTimeWhenMarkedAsModified()'><b>shouldReturnCorrectModifiedTimeWhenMarkedAsModified</b><br>Test class: storm.starter.tools.NthLastModifiedTimeTrackerTest<br>Parameters: 6, [I@11f1d97, [I@1cfc6ee</td>
<td></td>
<td>0</td>
<td>storm.starter.tools.NthLastModifiedTimeTrackerTest@1d37f3b</td></tr>
<tr>
<td title='storm.starter.tools.NthLastModifiedTimeTrackerTest.shouldReturnCorrectModifiedTimeWhenMarkedAsModified()'><b>shouldReturnCorrectModifiedTimeWhenMarkedAsModified</b><br>Test class: storm.starter.tools.NthLastModifiedTimeTrackerTest<br>Parameters: 6, [I@d4bc7, [I@ea3050</td>
<td></td>
<td>0</td>
<td>storm.starter.tools.NthLastModifiedTimeTrackerTest@1d37f3b</td></tr>
<tr>
<td title='storm.starter.tools.NthLastModifiedTimeTrackerTest.shouldReturnCorrectModifiedTimeWhenMarkedAsModified()'><b>shouldReturnCorrectModifiedTimeWhenMarkedAsModified</b><br>Test class: storm.starter.tools.NthLastModifiedTimeTrackerTest<br>Parameters: 3, [I@109f88f, [I@19d918a</td>
<td></td>
<td>0</td>
<td>storm.starter.tools.NthLastModifiedTimeTrackerTest@1d37f3b</td></tr>
<tr>
<td title='storm.starter.tools.SlotBasedCounterTest.shouldReturnNonEmptyCountsWhenAtLeastOneObjectWasCounted()'><b>shouldReturnNonEmptyCountsWhenAtLeastOneObjectWasCounted</b><br>Test class: storm.starter.tools.SlotBasedCounterTest</td>
<td></td>
<td>0</td>
<td>storm.starter.tools.SlotBasedCounterTest@1ddc89</td></tr>
<tr>
<td title='storm.starter.tools.RankableObjectWithFieldsTest.shouldReturnTheCount()'><b>shouldReturnTheCount</b><br>Test class: storm.starter.tools.RankableObjectWithFieldsTest</td>
<td></td>
<td>0</td>
<td>storm.starter.tools.RankableObjectWithFieldsTest@4a89f7</td></tr>
<tr>
<td title='storm.starter.tools.RankableObjectWithFieldsTest.shouldReturnTheFields()'><b>shouldReturnTheFields</b><br>Test class: storm.starter.tools.RankableObjectWithFieldsTest<br>Parameters: java.lang.Object@163013f, 271, [Ljava.lang.Object;@1be1aa0</td>
<td></td>
<td>0</td>
<td>storm.starter.tools.RankableObjectWithFieldsTest@4a89f7</td></tr>
<tr>
<td title='storm.starter.tools.RankableObjectWithFieldsTest.shouldReturnTheFields()'><b>shouldReturnTheFields</b><br>Test class: storm.starter.tools.RankableObjectWithFieldsTest<br>Parameters: quux, 42, [Ljava.lang.Object;@1c618ea</td>
<td></td>
<td>0</td>
<td>storm.starter.tools.RankableObjectWithFieldsTest@4a89f7</td></tr>
<tr>
<td title='storm.starter.tools.RankableObjectWithFieldsTest.shouldReturnTheObject()'><b>shouldReturnTheObject</b><br>Test class: storm.starter.tools.RankableObjectWithFieldsTest</td>
<td></td>
<td>0</td>
<td>storm.starter.tools.RankableObjectWithFieldsTest@4a89f7</td></tr>
<tr>
<td title='storm.starter.tools.SlotBasedCounterTest.shouldReturnZeroForNonexistentObject()'><b>shouldReturnZeroForNonexistentObject</b><br>Test class: storm.starter.tools.SlotBasedCounterTest</td>
<td></td>
<td>0</td>
<td>storm.starter.tools.SlotBasedCounterTest@1ddc89</td></tr>
<tr>
<td title='storm.starter.bolt.IntermediateRankingsBoltTest.shouldSetTickTupleFrequencyInComponentConfigurationToNonZeroValue()'><b>shouldSetTickTupleFrequencyInComponentConfigurationToNonZeroValue</b><br>Test class: storm.starter.bolt.IntermediateRankingsBoltTest</td>
<td></td>
<td>0</td>
<td>storm.starter.bolt.IntermediateRankingsBoltTest@778a5d</td></tr>
<tr>
<td title='storm.starter.bolt.RollingCountBoltTest.shouldSetTickTupleFrequencyInComponentConfigurationToNonZeroValue()'><b>shouldSetTickTupleFrequencyInComponentConfigurationToNonZeroValue</b><br>Test class: storm.starter.bolt.RollingCountBoltTest</td>
<td></td>
<td>0</td>
<td>storm.starter.bolt.RollingCountBoltTest@1a7e04f</td></tr>
<tr>
<td title='storm.starter.bolt.TotalRankingsBoltTest.shouldSetTickTupleFrequencyInComponentConfigurationToNonZeroValue()'><b>shouldSetTickTupleFrequencyInComponentConfigurationToNonZeroValue</b><br>Test class: storm.starter.bolt.TotalRankingsBoltTest</td>
<td></td>
<td>0</td>
<td>storm.starter.bolt.TotalRankingsBoltTest@af1cf6</td></tr>
<tr>
<td title='storm.starter.tools.RankingsTest.sizeOfRankingsShouldNotGrowBeyondTopN()'><b>sizeOfRankingsShouldNotGrowBeyondTopN</b><br>Test class: storm.starter.tools.RankingsTest<br>Parameters: 2, [[A|1], [B|2], [C|3]]</td>
<td></td>
<td>0</td>
<td>storm.starter.tools.RankingsTest@79ad9c</td></tr>
<tr>
<td title='storm.starter.tools.RankingsTest.sizeOfRankingsShouldNotGrowBeyondTopN()'><b>sizeOfRankingsShouldNotGrowBeyondTopN</b><br>Test class: storm.starter.tools.RankingsTest<br>Parameters: 2, [[A|1], [B|2], [C|3], [D|4]]</td>
<td></td>
<td>0</td>
<td>storm.starter.tools.RankingsTest@79ad9c</td></tr>
<tr>
<td title='storm.starter.tools.SlidingWindowCounterTest.testCounterWithSimulatedRuns()'><b>testCounterWithSimulatedRuns</b><br>Test class: storm.starter.tools.SlidingWindowCounterTest<br>Parameters: 2, [I@8dad9c, [J@180e541</td>
<td></td>
<td>0</td>
<td>storm.starter.tools.SlidingWindowCounterTest@19a6904</td></tr>
<tr>
<td title='storm.starter.tools.SlidingWindowCounterTest.testCounterWithSimulatedRuns()'><b>testCounterWithSimulatedRuns</b><br>Test class: storm.starter.tools.SlidingWindowCounterTest<br>Parameters: 3, [I@14b320d, [J@1c2fc59</td>
<td></td>
<td>0</td>
<td>storm.starter.tools.SlidingWindowCounterTest@19a6904</td></tr>
<tr>
<td title='storm.starter.tools.SlidingWindowCounterTest.testCounterWithSimulatedRuns()'><b>testCounterWithSimulatedRuns</b><br>Test class: storm.starter.tools.SlidingWindowCounterTest<br>Parameters: 4, [I@45682c, [J@ba5f6a</td>
<td></td>
<td>0</td>
<td>storm.starter.tools.SlidingWindowCounterTest@19a6904</td></tr>
<tr>
<td title='storm.starter.tools.SlidingWindowCounterTest.testCounterWithSimulatedRuns()'><b>testCounterWithSimulatedRuns</b><br>Test class: storm.starter.tools.SlidingWindowCounterTest<br>Parameters: 5, [I@1ce5ac9, [J@aa5fc5</td>
<td></td>
<td>0</td>
<td>storm.starter.tools.SlidingWindowCounterTest@19a6904</td></tr>
<tr>
<td title='storm.starter.tools.SlidingWindowCounterTest.testCounterWithSimulatedRuns()'><b>testCounterWithSimulatedRuns</b><br>Test class: storm.starter.tools.SlidingWindowCounterTest<br>Parameters: 5, [I@1758c30, [J@46b78d</td>
<td></td>
<td>0</td>
<td>storm.starter.tools.SlidingWindowCounterTest@19a6904</td></tr>
<tr>
<td title='storm.starter.tools.RankableObjectWithFieldsTest.toStringShouldContainStringRepresentationsOfObjectAndCount()'><b>toStringShouldContainStringRepresentationsOfObjectAndCount</b><br>Test class: storm.starter.tools.RankableObjectWithFieldsTest<br>Parameters: foo, 0</td>
<td></td>
<td>0</td>
<td>storm.starter.tools.RankableObjectWithFieldsTest@4a89f7</td></tr>
<tr>
<td title='storm.starter.tools.RankableObjectWithFieldsTest.toStringShouldContainStringRepresentationsOfObjectAndCount()'><b>toStringShouldContainStringRepresentationsOfObjectAndCount</b><br>Test class: storm.starter.tools.RankableObjectWithFieldsTest<br>Parameters: BAR, 8</td>
<td></td>
<td>0</td>
<td>storm.starter.tools.RankableObjectWithFieldsTest@4a89f7</td></tr>
<tr>
<td title='storm.starter.tools.SlidingWindowCounterTest.twoOrMoreSlotsShouldBeValid()'><b>twoOrMoreSlotsShouldBeValid</b><br>Test class: storm.starter.tools.SlidingWindowCounterTest<br>Parameters: 2</td>
<td></td>
<td>0</td>
<td>storm.starter.tools.SlidingWindowCounterTest@19a6904</td></tr>
<tr>
<td title='storm.starter.tools.SlidingWindowCounterTest.twoOrMoreSlotsShouldBeValid()'><b>twoOrMoreSlotsShouldBeValid</b><br>Test class: storm.starter.tools.SlidingWindowCounterTest<br>Parameters: 3</td>
<td></td>
<td>0</td>
<td>storm.starter.tools.SlidingWindowCounterTest@19a6904</td></tr>
<tr>
<td title='storm.starter.tools.SlidingWindowCounterTest.twoOrMoreSlotsShouldBeValid()'><b>twoOrMoreSlotsShouldBeValid</b><br>Test class: storm.starter.tools.SlidingWindowCounterTest<br>Parameters: 20</td>
<td></td>
<td>0</td>
<td>storm.starter.tools.SlidingWindowCounterTest@19a6904</td></tr>
<tr>
<td title='storm.starter.tools.RankingsTest.updatingWithNewRankablesShouldBeThreadSafe()'><b>updatingWithNewRankablesShouldBeThreadSafe</b><br>Test class: storm.starter.tools.RankingsTest</td>
<td></td>
<td>0</td>
<td>storm.starter.tools.RankingsTest@79ad9c</td></tr>
<tr>
<td title='storm.starter.tools.RankableObjectWithFieldsTest.verifyCompareTo()'><b>verifyCompareTo</b><br>Test class: storm.starter.tools.RankableObjectWithFieldsTest<br>Parameters: [foo|1000], [foo|0], 1</td>
<td></td>
<td>0</td>
<td>storm.starter.tools.RankableObjectWithFieldsTest@4a89f7</td></tr>
<tr>
<td title='storm.starter.tools.RankableObjectWithFieldsTest.verifyCompareTo()'><b>verifyCompareTo</b><br>Test class: storm.starter.tools.RankableObjectWithFieldsTest<br>Parameters: [foo|1], [foo|0], 1</td>
<td></td>
<td>0</td>
<td>storm.starter.tools.RankableObjectWithFieldsTest@4a89f7</td></tr>
<tr>
<td title='storm.starter.tools.RankableObjectWithFieldsTest.verifyCompareTo()'><b>verifyCompareTo</b><br>Test class: storm.starter.tools.RankableObjectWithFieldsTest<br>Parameters: [foo|1000], [bar|0], 1</td>
<td></td>
<td>0</td>
<td>storm.starter.tools.RankableObjectWithFieldsTest@4a89f7</td></tr>
<tr>
<td title='storm.starter.tools.RankableObjectWithFieldsTest.verifyCompareTo()'><b>verifyCompareTo</b><br>Test class: storm.starter.tools.RankableObjectWithFieldsTest<br>Parameters: [foo|1], [bar|0], 1</td>
<td></td>
<td>0</td>
<td>storm.starter.tools.RankableObjectWithFieldsTest@4a89f7</td></tr>
<tr>
<td title='storm.starter.tools.RankableObjectWithFieldsTest.verifyCompareTo()'><b>verifyCompareTo</b><br>Test class: storm.starter.tools.RankableObjectWithFieldsTest<br>Parameters: [foo|0], [foo|0], 0</td>
<td></td>
<td>0</td>
<td>storm.starter.tools.RankableObjectWithFieldsTest@4a89f7</td></tr>
<tr>
<td title='storm.starter.tools.RankableObjectWithFieldsTest.verifyCompareTo()'><b>verifyCompareTo</b><br>Test class: storm.starter.tools.RankableObjectWithFieldsTest<br>Parameters: [foo|0], [bar|0], 0</td>
<td></td>
<td>0</td>
<td>storm.starter.tools.RankableObjectWithFieldsTest@4a89f7</td></tr>
<tr>
<td title='storm.starter.tools.RankableObjectWithFieldsTest.verifyCompareTo()'><b>verifyCompareTo</b><br>Test class: storm.starter.tools.RankableObjectWithFieldsTest<br>Parameters: [foo|0], [foo|1000], -1</td>
<td></td>
<td>0</td>
<td>storm.starter.tools.RankableObjectWithFieldsTest@4a89f7</td></tr>
<tr>
<td title='storm.starter.tools.RankableObjectWithFieldsTest.verifyCompareTo()'><b>verifyCompareTo</b><br>Test class: storm.starter.tools.RankableObjectWithFieldsTest<br>Parameters: [foo|0], [foo|1], -1</td>
<td></td>
<td>0</td>
<td>storm.starter.tools.RankableObjectWithFieldsTest@4a89f7</td></tr>
<tr>
<td title='storm.starter.tools.RankableObjectWithFieldsTest.verifyCompareTo()'><b>verifyCompareTo</b><br>Test class: storm.starter.tools.RankableObjectWithFieldsTest<br>Parameters: [foo|0], [bar|1], -1</td>
<td></td>
<td>0</td>
<td>storm.starter.tools.RankableObjectWithFieldsTest@4a89f7</td></tr>
<tr>
<td title='storm.starter.tools.RankableObjectWithFieldsTest.verifyCompareTo()'><b>verifyCompareTo</b><br>Test class: storm.starter.tools.RankableObjectWithFieldsTest<br>Parameters: [foo|0], [bar|1000], -1</td>
<td></td>
<td>0</td>
<td>storm.starter.tools.RankableObjectWithFieldsTest@4a89f7</td></tr>
<tr>
<td title='storm.starter.tools.SlotBasedCounterTest.wipeSlotShouldSetAllCountsInSlotToZero()'><b>wipeSlotShouldSetAllCountsInSlotToZero</b><br>Test class: storm.starter.tools.SlotBasedCounterTest</td>
<td></td>
<td>0</td>
<td>storm.starter.tools.SlotBasedCounterTest@1ddc89</td></tr>
<tr>
<td title='storm.starter.tools.SlotBasedCounterTest.wipeZerosShouldRemoveAnyObjectsWithZeroTotalCount()'><b>wipeZerosShouldRemoveAnyObjectsWithZeroTotalCount</b><br>Test class: storm.starter.tools.SlotBasedCounterTest</td>
<td></td>
<td>0</td>
<td>storm.starter.tools.SlotBasedCounterTest@1ddc89</td></tr>
</table><p>
</body>
</html>